#
# There is insufficient memory for the Java Runtime Environment to continue.
# Native memory allocation (malloc) failed to allocate 108496 bytes for Chunk::new
# Possible reasons:
#   The system is out of physical RAM or swap space
#   In 32 bit mode, the process size limit was hit
# Possible solutions:
#   Reduce memory load on the system
#   Increase physical memory or swap space
#   Check if swap backing store is full
#   Use 64 bit Java on a 64 bit OS
#   Decrease Java heap size (-Xmx/-Xms)
#   Decrease number of Java threads
#   Decrease Java thread stack sizes (-Xss)
#   Set larger code cache with -XX:ReservedCodeCacheSize=
# This output file may be truncated or incomplete.
#
#  Out of Memory Error (allocation.cpp:390), pid=13600, tid=0x0000000000002ea8
#
# JRE version: OpenJDK Runtime Environment (8.0_76-b03) (build 1.8.0_76-release-b03)
# Java VM: OpenJDK 64-Bit Server VM (25.76-b03 mixed mode windows-amd64 compressed oops)
# Failed to write core dump. Minidumps are not enabled by default on client versions of Windows
#

---------------  T H R E A D  ---------------

Current thread (0x000000001564f000):  JavaThread "C2 CompilerThread1" daemon [_thread_in_native, id=11944, stack(0x0000000016da0000,0x0000000016ea0000)]

Stack: [0x0000000016da0000,0x0000000016ea0000]
[error occurred during error reporting (printing stack bounds), id 0xc0000005]

Native frames: (J=compiled Java code, j=interpreted, Vv=VM code, C=native code)


Current CompileTask:
C2:   1457 1099       4       com.android.dx.ssa.SsaMethod::computeReachability (131 bytes)


---------------  P R O C E S S  ---------------

Java Threads: ( => current thread )
  0x00000000170fa800 JavaThread "pool-2-thread-4" [_thread_blocked, id=4272, stack(0x00000000179a0000,0x0000000017aa0000)]
  0x00000000170f9800 JavaThread "pool-2-thread-3" [_thread_blocked, id=5228, stack(0x00000000178a0000,0x00000000179a0000)]
  0x00000000170f8800 JavaThread "pool-2-thread-2" [_thread_blocked, id=9652, stack(0x00000000177a0000,0x00000000178a0000)]
  0x00000000170f6000 JavaThread "pool-3-thread-1" [_thread_blocked, id=8236, stack(0x00000000176a0000,0x00000000177a0000)]
  0x00000000170f5800 JavaThread "pool-2-thread-1" [_thread_in_Java, id=9868, stack(0x00000000175a0000,0x00000000176a0000)]
  0x0000000016ea9800 JavaThread "Service Thread" daemon [_thread_blocked, id=10544, stack(0x00000000173a0000,0x00000000174a0000)]
  0x0000000016ea8800 JavaThread "C1 CompilerThread2" daemon [_thread_in_native, id=12672, stack(0x00000000172a0000,0x00000000173a0000)]
=>0x000000001564f000 JavaThread "C2 CompilerThread1" daemon [_thread_in_native, id=11944, stack(0x0000000016da0000,0x0000000016ea0000)]
  0x000000001564c000 JavaThread "C2 CompilerThread0" daemon [_thread_in_native, id=1280, stack(0x0000000016ca0000,0x0000000016da0000)]
  0x000000001564a000 JavaThread "Attach Listener" daemon [_thread_blocked, id=8268, stack(0x0000000016ba0000,0x0000000016ca0000)]
  0x0000000015648800 JavaThread "Signal Dispatcher" daemon [_thread_blocked, id=12680, stack(0x0000000016aa0000,0x0000000016ba0000)]
  0x0000000002f75000 JavaThread "Finalizer" daemon [_thread_blocked, id=7360, stack(0x00000000168b0000,0x00000000169b0000)]
  0x0000000002f70000 JavaThread "Reference Handler" daemon [_thread_blocked, id=2100, stack(0x00000000167b0000,0x00000000168b0000)]
  0x0000000002e80800 JavaThread "main" [_thread_in_Java, id=4384, stack(0x0000000002d80000,0x0000000002e80000)]

Other Threads:
  0x0000000015615000 VMThread [stack: 0x00000000166b0000,0x00000000167b0000] [id=2672]
  0x0000000016eab800 WatcherThread [stack: 0x00000000174a0000,0x00000000175a0000] [id=4228]

VM state:not at safepoint (normal execution)

VM Mutex/Monitor currently owned by a thread: None

Heap:
 PSYoungGen      total 18944K, used 11401K [0x00000000eab00000, 0x00000000ec000000, 0x0000000100000000)
  eden space 16384K, 54% used [0x00000000eab00000,0x00000000eb3a7c10,0x00000000ebb00000)
  from space 2560K, 99% used [0x00000000ebb00000,0x00000000ebd7aaa8,0x00000000ebd80000)
  to   space 2560K, 0% used [0x00000000ebd80000,0x00000000ebd80000,0x00000000ec000000)
 ParOldGen       total 44032K, used 1684K [0x00000000c0000000, 0x00000000c2b00000, 0x00000000eab00000)
  object space 44032K, 3% used [0x00000000c0000000,0x00000000c01a50d8,0x00000000c2b00000)
 Metaspace       used 5804K, capacity 6896K, committed 7040K, reserved 1056768K
  class space    used 569K, capacity 616K, committed 640K, reserved 1048576K

Card table byte_map: [0x0000000012340000,0x0000000012550000] byte_map_base: 0x0000000011d40000

Marking Bits: (ParMarkBitMap*) 0x0000000064ea9d00
 Begin Bits: [0x0000000012ab0000, 0x0000000013ab0000)
 End Bits:   [0x0000000013ab0000, 0x0000000014ab0000)

Polling page: 0x00000000013b0000

CodeCache: size=245760Kb used=4509Kb max_used=4509Kb free=241251Kb
 bounds [0x0000000002f80000, 0x00000000033f0000, 0x0000000011f80000]
 total_blobs=1384 nmethods=1116 adapters=182
 compilation: enabled

Compilation events (10 events):
Event: 1.448 Thread 0x0000000016ea8800 nmethod 1118 0x00000000033daad0 code [0x00000000033dae60, 0x00000000033dd0a8]
Event: 1.448 Thread 0x0000000016ea8800 1123       3       com.android.dx.ssa.SsaConverter::placePhiFunctions (394 bytes)
Event: 1.453 Thread 0x0000000016ea8800 nmethod 1123 0x00000000033de2d0 code [0x00000000033de860, 0x00000000033e1d68]
Event: 1.453 Thread 0x0000000016ea8800 1126       3       com.android.dx.rop.code.RegisterSpecList::withFirst (64 bytes)
Event: 1.454 Thread 0x0000000016ea8800 nmethod 1126 0x00000000033e5550 code [0x00000000033e57e0, 0x00000000033e6b68]
Event: 1.454 Thread 0x0000000016ea8800 1090       3       com.android.dx.rop.type.Type::isIntlike (56 bytes)
Event: 1.455 Thread 0x0000000016ea8800 nmethod 1090 0x00000000033ce450 code [0x00000000033ce5a0, 0x00000000033ce730]
Event: 1.455 Thread 0x0000000016ea8800 1128       3       com.android.dx.dex.file.IndexedItem::<init> (10 bytes)
Event: 1.455 Thread 0x0000000016ea8800 nmethod 1128 0x00000000033cdfd0 code [0x00000000033ce140, 0x00000000033ce350]
Event: 1.455 Thread 0x0000000016ea8800 1109  s    3       com.android.dx.dex.file.MethodIdsSection::intern (55 bytes)

GC Heap History (2 events):
Event: 1.188 GC heap before
{Heap before GC invocations=1 (full 0):
 PSYoungGen      total 18944K, used 16384K [0x00000000eab00000, 0x00000000ec000000, 0x0000000100000000)
  eden space 16384K, 100% used [0x00000000eab00000,0x00000000ebb00000,0x00000000ebb00000)
  from space 2560K, 0% used [0x00000000ebd80000,0x00000000ebd80000,0x00000000ec000000)
  to   space 2560K, 0% used [0x00000000ebb00000,0x00000000ebb00000,0x00000000ebd80000)
 ParOldGen       total 44032K, used 0K [0x00000000c0000000, 0x00000000c2b00000, 0x00000000eab00000)
  object space 44032K, 0% used [0x00000000c0000000,0x00000000c0000000,0x00000000c2b00000)
 Metaspace       used 5642K, capacity 6768K, committed 7040K, reserved 1056768K
  class space    used 569K, capacity 616K, committed 640K, reserved 1048576K
Event: 1.196 GC heap after
Heap after GC invocations=1 (full 0):
 PSYoungGen      total 18944K, used 2538K [0x00000000eab00000, 0x00000000ec000000, 0x0000000100000000)
  eden space 16384K, 0% used [0x00000000eab00000,0x00000000eab00000,0x00000000ebb00000)
  from space 2560K, 99% used [0x00000000ebb00000,0x00000000ebd7aaa8,0x00000000ebd80000)
  to   space 2560K, 0% used [0x00000000ebd80000,0x00000000ebd80000,0x00000000ec000000)
 ParOldGen       total 44032K, used 1684K [0x00000000c0000000, 0x00000000c2b00000, 0x00000000eab00000)
  object space 44032K, 3% used [0x00000000c0000000,0x00000000c01a50d8,0x00000000c2b00000)
 Metaspace       used 5642K, capacity 6768K, committed 7040K, reserved 1056768K
  class space    used 569K, capacity 616K, committed 640K, reserved 1048576K
}

Deoptimization events (6 events):
Event: 0.763 Thread 0x00000000170fa800 Uncommon trap: reason=unstable_if action=reinterpret pc=0x000000000316ff64 method=java.util.HashMap.getNode(ILjava/lang/Object;)Ljava/util/HashMap$Node; @ 129
Event: 0.914 Thread 0x00000000170f9800 Uncommon trap: reason=class_check action=maybe_recompile pc=0x00000000031f3db0 method=com.android.dx.ssa.NormalSsaInsn.accept(Lcom/android/dx/ssa/SsaInsn$Visitor;)V @ 9
Event: 0.914 Thread 0x00000000170f9800 Uncommon trap: reason=class_check action=maybe_recompile pc=0x00000000031f3db0 method=com.android.dx.ssa.NormalSsaInsn.accept(Lcom/android/dx/ssa/SsaInsn$Visitor;)V @ 9
Event: 0.914 Thread 0x00000000170f9800 Uncommon trap: reason=class_check action=maybe_recompile pc=0x00000000031f3db0 method=com.android.dx.ssa.NormalSsaInsn.accept(Lcom/android/dx/ssa/SsaInsn$Visitor;)V @ 9
Event: 0.914 Thread 0x00000000170f9800 Uncommon trap: reason=class_check action=maybe_recompile pc=0x00000000031f3db0 method=com.android.dx.ssa.NormalSsaInsn.accept(Lcom/android/dx/ssa/SsaInsn$Visitor;)V @ 9
Event: 1.312 Thread 0x00000000170f5800 Uncommon trap: reason=null_check action=make_not_entrant pc=0x0000000003312c68 method=com.android.dx.rop.type.Type.equals(Ljava/lang/Object;)Z @ 8

Internal exceptions (3 events):
Event: 0.100 Thread 0x0000000002e80800 Exception <a 'java/lang/NoSuchMethodError': Method sun.misc.Unsafe.defineClass(Ljava/lang/String;[BII)Ljava/lang/Class; name or signature does not match> (0x00000000eab07cc0) thrown at [C:\src\android\AOSP-openjdk\external\jetbrains\jdk\hotspot\src\share\v>NÍä×Ÿ¹?
Event: 0.100 Thread 0x0000000002e80800 Exception <a 'java/lang/NoSuchMethodError': Method sun.misc.Unsafe.prefetchRead(Ljava/lang/Object;J)V name or signature does not match> (0x00000000eab07fa8) thrown at [C:\src\android\AOSP-openjdk\external\jetbrains\jdk\hotspot\src\share\vm\prims\jni.cpp, lO»nøòûô?
Event: 1.312 Thread 0x00000000170f5800 Implicit null exception at 0x0000000003312b62 to 0x0000000003312c5a

Events (10 events):
Event: 1.053 loading class java/util/TreeMap$EntrySet done
Event: 1.054 loading class java/util/TreeMap$EntryIterator
Event: 1.054 loading class java/util/TreeMap$EntryIterator done
Event: 1.187 Executing VM operation: ParallelGCFailedAllocation
Event: 1.196 Executing VM operation: ParallelGCFailedAllocation done
Event: 1.312 Thread 0x00000000170f5800 Uncommon trap: trap_request=0xfffffff4 fr.pc=0x0000000003312c68
Event: 1.312 Thread 0x00000000170f5800 DEOPT PACKING pc=0x0000000003312c68 sp=0x000000001769e590
Event: 1.312 Thread 0x00000000170f5800 DEOPT UNPACKING pc=0x0000000002fc556a sp=0x000000001769e528 mode 2
Event: 1.452 loading class com/android/dx/cf/code/SwitchList
Event: 1.452 loading class com/android/dx/cf/code/SwitchList done


Dynamic libraries:
0x00007ff771170000 - 0x00007ff7711a1000 	D:\Program Files\jre\bin\java.exe
0x00007ffd58210000 - 0x00007ffd583e1000 	C:\WINDOWS\SYSTEM32\ntdll.dll
0x00007ffd55860000 - 0x00007ffd5590b000 	C:\WINDOWS\System32\KERNEL32.DLL
0x00007ffd549b0000 - 0x00007ffd54bcd000 	C:\WINDOWS\System32\KERNELBASE.dll
0x00007ffd557a0000 - 0x00007ffd55842000 	C:\WINDOWS\System32\ADVAPI32.dll
0x00007ffd56290000 - 0x00007ffd5632e000 	C:\WINDOWS\System32\msvcrt.dll
0x00007ffd559f0000 - 0x00007ffd55a49000 	C:\WINDOWS\System32\sechost.dll
0x00007ffd55a50000 - 0x00007ffd55b71000 	C:\WINDOWS\System32\RPCRT4.dll
0x00007ffd56330000 - 0x00007ffd56495000 	C:\WINDOWS\System32\USER32.dll
0x00007ffd54e20000 - 0x00007ffd54e3e000 	C:\WINDOWS\System32\win32u.dll
0x00007ffd57fa0000 - 0x00007ffd57fd4000 	C:\WINDOWS\System32\GDI32.dll
0x00007ffd54c90000 - 0x00007ffd54e12000 	C:\WINDOWS\System32\gdi32full.dll
0x00007ffd4a950000 - 0x00007ffd4abc9000 	C:\WINDOWS\WinSxS\amd64_microsoft.windows.common-controls_6595b64144ccf1df_6.0.14393.447_none_42191651c6827bb3\COMCTL32.dll
0x00007ffd56600000 - 0x00007ffd568c7000 	C:\WINDOWS\System32\combase.dll
0x00007ffd54800000 - 0x00007ffd548f5000 	C:\WINDOWS\System32\ucrtbase.dll
0x00007ffd54c20000 - 0x00007ffd54c8a000 	C:\WINDOWS\System32\bcryptPrimitives.dll
0x00007ffd568e0000 - 0x00007ffd5690e000 	C:\WINDOWS\System32\IMM32.DLL
0x0000000064610000 - 0x00000000646e2000 	D:\Program Files\jre\jre\bin\msvcr100.dll
0x00000000646f0000 - 0x0000000064f24000 	D:\Program Files\jre\jre\bin\server\jvm.dll
0x00007ffd568d0000 - 0x00007ffd568d8000 	C:\WINDOWS\System32\PSAPI.DLL
0x00007ffd42c70000 - 0x00007ffd42c79000 	C:\WINDOWS\SYSTEM32\WSOCK32.dll
0x00007ffd581a0000 - 0x00007ffd5820a000 	C:\WINDOWS\System32\WS2_32.dll
0x00007ffd52520000 - 0x00007ffd52543000 	C:\WINDOWS\SYSTEM32\WINMM.dll
0x00007ffd44110000 - 0x00007ffd4411a000 	C:\WINDOWS\SYSTEM32\VERSION.dll
0x00007ffd524f0000 - 0x00007ffd5251b000 	C:\WINDOWS\SYSTEM32\WINMMBASE.dll
0x00007ffd54bd0000 - 0x00007ffd54c12000 	C:\WINDOWS\System32\cfgmgr32.dll
0x00007ffd51510000 - 0x00007ffd5151f000 	D:\Program Files\jre\jre\bin\verify.dll
0x00007ffd48350000 - 0x00007ffd48379000 	D:\Program Files\jre\jre\bin\java.dll
0x00007ffd4a380000 - 0x00007ffd4a396000 	D:\Program Files\jre\jre\bin\zip.dll
0x00007ffd56a10000 - 0x00007ffd57f19000 	C:\WINDOWS\System32\SHELL32.dll
0x00007ffd550c0000 - 0x00007ffd5579a000 	C:\WINDOWS\System32\windows.storage.dll
0x00007ffd546a0000 - 0x00007ffd546ec000 	C:\WINDOWS\System32\powrprof.dll
0x00007ffd56910000 - 0x00007ffd56962000 	C:\WINDOWS\System32\shlwapi.dll
0x00007ffd546f0000 - 0x00007ffd546ff000 	C:\WINDOWS\System32\kernel.appcore.dll
0x00007ffd54900000 - 0x00007ffd549a9000 	C:\WINDOWS\System32\shcore.dll
0x00007ffd54680000 - 0x00007ffd54694000 	C:\WINDOWS\System32\profapi.dll

VM Arguments:
jvm_args: -Djava.awt.headless=true -Xmx1024M -Dfile.encoding=windows-1252 -Duser.country=IN -Duser.language=en -Duser.variant 
java_command: com.android.dx.command.Main --dex --force-jumbo --num-threads=4 --multi-dex --output C:\Users\Goodbox\AndroidStudioProjects\StockHawk-master\app\build\intermediates\transforms\dex\debug\folders\1000\10\internal_impl-24.0.0_6abaaa58717d07882d60a6cf899ac416843de131 C:\Users\Goodbox\AndroidStudioProjects\StockHawk-master\app\build\intermediates\exploded-aar\com.android.support\support-v4\24.0.0\jars\libs\internal_impl-24.0.0.jar
java_class_path (initial): C:\Users\Goodbox\AppData\Local\Android\Sdk\build-tools\23.0.1\lib\dx.jar
Launcher Type: SUN_STANDARD

Environment Variables:
JRE_HOME=D:\Program Files\jre
PATH=C:\WINDOWS\system32;C:\WINDOWS;C:\WINDOWS\System32\Wbem;C:\WINDOWS\System32\WindowsPowerShell\v1.0\;C:\Program Files\Intel\WiFi\bin\;C:\Program Files\Common Files\Intel\WirelessCommon\;C:\Program Files (x86)\Calibre2\;C:\Program Files (x86)\Windows Live\Shared;%JRE_HOME%\bin;%GRADLE_HOME%\bin;C:\Users\Goodbox\AppData\Local\Microsoft\WindowsApps;D:\Program Files\jre\bin;C:\gradle-3.2.1\bin
USERNAME=Goodbox
OS=Windows_NT
PROCESSOR_IDENTIFIER=Intel64 Family 6 Model 61 Stepping 4, GenuineIntel



---------------  S Y S T E M  ---------------

OS: Windows 10.0 , 64 bit Build 14393 (10.0.14393.0)

CPU:total 4 (2 cores per cpu, 2 threads per core) family 6 model 61 stepping 4, cmov, cx8, fxsr, mmx, sse, sse2, sse3, ssse3, sse4.1, sse4.2, popcnt, avx, avx2, aes, clmul, erms, 3dnowpref, lzcnt, ht, tsc, tscinvbit, bmi1, bmi2, adx

Memory: 4k page, physical 4096780k(315708k free), swap 11783432k(4768k free)

vm_info: OpenJDK 64-Bit Server VM (25.76-b03) for windows-amd64 JRE (1.8.0_76-release-b03), built on Jun 29 2016 19:09:20 by "ralucas" with MS VC++ 10.0 (VS2010)

time: Sun Dec 18 22:03:54 2016
elapsed time: 1 seconds (0d 0h 0m 1s)

