#
# There is insufficient memory for the Java Runtime Environment to continue.
# Native memory allocation (malloc) failed to allocate 547616 bytes for Chunk::new
# Possible reasons:
#   The system is out of physical RAM or swap space
#   In 32 bit mode, the process size limit was hit
# Possible solutions:
#   Reduce memory load on the system
#   Increase physical memory or swap space
#   Check if swap backing store is full
#   Use 64 bit Java on a 64 bit OS
#   Decrease Java heap size (-Xmx/-Xms)
#   Decrease number of Java threads
#   Decrease Java thread stack sizes (-Xss)
#   Set larger code cache with -XX:ReservedCodeCacheSize=
# This output file may be truncated or incomplete.
#
#  Out of Memory Error (allocation.cpp:390), pid=8716, tid=0x00000000000035d8
#
# JRE version: OpenJDK Runtime Environment (8.0_76-b03) (build 1.8.0_76-release-b03)
# Java VM: OpenJDK 64-Bit Server VM (25.76-b03 mixed mode windows-amd64 compressed oops)
# Failed to write core dump. Minidumps are not enabled by default on client versions of Windows
#

---------------  T H R E A D  ---------------

Current thread (0x00000000155db000):  JavaThread "C2 CompilerThread0" daemon [_thread_in_native, id=13784, stack(0x0000000016c20000,0x0000000016d20000)]

Stack: [0x0000000016c20000,0x0000000016d20000]
[error occurred during error reporting (printing stack bounds), id 0xc0000005]

Native frames: (J=compiled Java code, j=interpreted, Vv=VM code, C=native code)


Current CompileTask:
C2:   3164 1235       4       com.android.dx.ssa.SCCP::simulateStmt (481 bytes)


---------------  P R O C E S S  ---------------

Java Threads: ( => current thread )
  0x00000000171a5800 JavaThread "pool-2-thread-4" [_thread_in_vm, id=14008, stack(0x0000000017920000,0x0000000017a20000)]
  0x00000000171a4000 JavaThread "pool-2-thread-3" [_thread_in_Java, id=11208, stack(0x0000000017820000,0x0000000017920000)]
  0x000000001719d800 JavaThread "pool-2-thread-2" [_thread_in_Java, id=5716, stack(0x0000000017720000,0x0000000017820000)]
  0x0000000017196800 JavaThread "pool-3-thread-1" [_thread_blocked, id=11568, stack(0x0000000017620000,0x0000000017720000)]
  0x000000001717a000 JavaThread "pool-2-thread-1" [_thread_in_Java, id=10148, stack(0x0000000017520000,0x0000000017620000)]
  0x0000000016f29000 JavaThread "Service Thread" daemon [_thread_blocked, id=10296, stack(0x0000000017320000,0x0000000017420000)]
  0x0000000015637000 JavaThread "C1 CompilerThread2" daemon [_thread_blocked, id=7480, stack(0x0000000016e20000,0x0000000016f20000)]
  0x00000000155de000 JavaThread "C2 CompilerThread1" daemon [_thread_in_native, id=7740, stack(0x0000000016d20000,0x0000000016e20000)]
=>0x00000000155db000 JavaThread "C2 CompilerThread0" daemon [_thread_in_native, id=13784, stack(0x0000000016c20000,0x0000000016d20000)]
  0x00000000155d9000 JavaThread "Attach Listener" daemon [_thread_blocked, id=4496, stack(0x0000000016b20000,0x0000000016c20000)]
  0x00000000155d8000 JavaThread "Signal Dispatcher" daemon [_thread_blocked, id=14224, stack(0x0000000016a20000,0x0000000016b20000)]
  0x00000000155c8800 JavaThread "Finalizer" daemon [_thread_blocked, id=11240, stack(0x0000000016830000,0x0000000016930000)]
  0x0000000002eff000 JavaThread "Reference Handler" daemon [_thread_blocked, id=9796, stack(0x0000000016730000,0x0000000016830000)]
  0x0000000002e10800 JavaThread "main" [_thread_in_Java, id=11516, stack(0x0000000002c10000,0x0000000002d10000)]

Other Threads:
  0x00000000155a5000 VMThread [stack: 0x0000000016630000,0x0000000016730000] [id=9780]
  0x000000001563b800 WatcherThread [stack: 0x0000000017420000,0x0000000017520000] [id=4956]

VM state:not at safepoint (normal execution)

VM Mutex/Monitor currently owned by a thread: None

Heap:
 PSYoungGen      total 18944K, used 18174K [0x00000000eab00000, 0x00000000ed000000, 0x0000000100000000)
  eden space 16384K, 95% used [0x00000000eab00000,0x00000000eba41c68,0x00000000ebb00000)
  from space 2560K, 99% used [0x00000000ebb00000,0x00000000ebd7dc98,0x00000000ebd80000)
  to   space 2560K, 0% used [0x00000000ecd80000,0x00000000ecd80000,0x00000000ed000000)
 ParOldGen       total 44032K, used 1711K [0x00000000c0000000, 0x00000000c2b00000, 0x00000000eab00000)
  object space 44032K, 3% used [0x00000000c0000000,0x00000000c01abde0,0x00000000c2b00000)
 Metaspace       used 5886K, capacity 6960K, committed 7040K, reserved 1056768K
  class space    used 567K, capacity 616K, committed 640K, reserved 1048576K

Card table byte_map: [0x00000000122d0000,0x00000000124e0000] byte_map_base: 0x0000000011cd0000

Marking Bits: (ParMarkBitMap*) 0x0000000064ea9d00
 Begin Bits: [0x0000000012a40000, 0x0000000013a40000)
 End Bits:   [0x0000000013a40000, 0x0000000014a40000)

Polling page: 0x0000000001060000

CodeCache: size=245760Kb used=5091Kb max_used=5103Kb free=240668Kb
 bounds [0x0000000002f10000, 0x0000000003410000, 0x0000000011f10000]
 total_blobs=1519 nmethods=1252 adapters=181
 compilation: enabled

Compilation events (10 events):
Event: 3.066 Thread 0x0000000015637000 1250       3       com.android.dx.ssa.back.LivenessAnalyzer::constructInterferenceGraph (47 bytes)
Event: 3.067 Thread 0x0000000015637000 nmethod 1250 0x0000000003408850 code [0x0000000003408a00, 0x0000000003408e38]
Event: 3.067 Thread 0x0000000015637000 1253       3       com.android.dx.rop.code.ThrowingInsn::<init> (49 bytes)
Event: 3.067 Thread 0x0000000015637000 nmethod 1253 0x0000000003408090 code [0x0000000003408220, 0x0000000003408688]
Event: 3.069 Thread 0x0000000015637000 1254       3       com.android.dx.ssa.SCCP::replaceBranches (142 bytes)
Event: 3.071 Thread 0x0000000015637000 nmethod 1254 0x000000000340ac90 code [0x000000000340aee0, 0x000000000340bea8]
Event: 3.071 Thread 0x0000000015637000 1255       3       java.util.HashMap$HashIterator::<init> (79 bytes)
Event: 3.071 Thread 0x0000000015637000 nmethod 1255 0x00000000033f5110 code [0x00000000033f5280, 0x00000000033f5610]
Event: 3.073 Thread 0x00000000155db000 nmethod 1247 0x00000000034074d0 code [0x0000000003407640, 0x0000000003407ac8]
Event: 3.073 Thread 0x00000000155db000 1235       4       com.android.dx.ssa.SCCP::simulateStmt (481 bytes)

GC Heap History (2 events):
Event: 2.595 GC heap before
{Heap before GC invocations=1 (full 0):
 PSYoungGen      total 18944K, used 16384K [0x00000000eab00000, 0x00000000ec000000, 0x0000000100000000)
  eden space 16384K, 100% used [0x00000000eab00000,0x00000000ebb00000,0x00000000ebb00000)
  from space 2560K, 0% used [0x00000000ebd80000,0x00000000ebd80000,0x00000000ec000000)
  to   space 2560K, 0% used [0x00000000ebb00000,0x00000000ebb00000,0x00000000ebd80000)
 ParOldGen       total 44032K, used 0K [0x00000000c0000000, 0x00000000c2b00000, 0x00000000eab00000)
  object space 44032K, 0% used [0x00000000c0000000,0x00000000c0000000,0x00000000c2b00000)
 Metaspace       used 5674K, capacity 6768K, committed 7040K, reserved 1056768K
  class space    used 567K, capacity 616K, committed 640K, reserved 1048576K
Event: 2.716 GC heap after
Heap after GC invocations=1 (full 0):
 PSYoungGen      total 18944K, used 2551K [0x00000000eab00000, 0x00000000ed000000, 0x0000000100000000)
  eden space 16384K, 0% used [0x00000000eab00000,0x00000000eab00000,0x00000000ebb00000)
  from space 2560K, 99% used [0x00000000ebb00000,0x00000000ebd7dc98,0x00000000ebd80000)
  to   space 2560K, 0% used [0x00000000ecd80000,0x00000000ecd80000,0x00000000ed000000)
 ParOldGen       total 44032K, used 1711K [0x00000000c0000000, 0x00000000c2b00000, 0x00000000eab00000)
  object space 44032K, 3% used [0x00000000c0000000,0x00000000c01abde0,0x00000000c2b00000)
 Metaspace       used 5674K, capacity 6768K, committed 7040K, reserved 1056768K
  class space    used 567K, capacity 616K, committed 640K, reserved 1048576K
}

Deoptimization events (8 events):
Event: 1.233 Thread 0x000000001717a000 Uncommon trap: reason=unstable_if action=reinterpret pc=0x0000000003127e94 method=java.util.HashMap.getNode(ILjava/lang/Object;)Ljava/util/HashMap$Node; @ 62
Event: 2.105 Thread 0x00000000171a4000 Uncommon trap: reason=unstable_if action=reinterpret pc=0x00000000031a1c34 method=java.util.BitSet.ensureCapacity(I)V @ 6
Event: 2.108 Thread 0x00000000171a4000 Uncommon trap: reason=bimorphic action=maybe_recompile pc=0x000000000316fd60 method=java.util.HashMap.getNode(ILjava/lang/Object;)Ljava/util/HashMap$Node; @ 126
Event: 2.963 Thread 0x000000001719d800 Uncommon trap: reason=class_check action=maybe_recompile pc=0x0000000003236c18 method=com.android.dx.ssa.NormalSsaInsn.accept(Lcom/android/dx/ssa/SsaInsn$Visitor;)V @ 9
Event: 2.963 Thread 0x000000001719d800 Uncommon trap: reason=class_check action=maybe_recompile pc=0x0000000003198730 method=com.android.dx.ssa.NormalSsaInsn.accept(Lcom/android/dx/ssa/SsaInsn$Visitor;)V @ 9
Event: 2.963 Thread 0x000000001719d800 Uncommon trap: reason=class_check action=maybe_recompile pc=0x0000000003198730 method=com.android.dx.ssa.NormalSsaInsn.accept(Lcom/android/dx/ssa/SsaInsn$Visitor;)V @ 9
Event: 2.963 Thread 0x000000001719d800 Uncommon trap: reason=class_check action=maybe_recompile pc=0x0000000003198730 method=com.android.dx.ssa.NormalSsaInsn.accept(Lcom/android/dx/ssa/SsaInsn$Visitor;)V @ 9
Event: 2.966 Thread 0x000000001719d800 Uncommon trap: reason=class_check action=maybe_recompile pc=0x0000000003236c18 method=com.android.dx.ssa.NormalSsaInsn.accept(Lcom/android/dx/ssa/SsaInsn$Visitor;)V @ 9

Internal exceptions (2 events):
Event: 0.103 Thread 0x0000000002e10800 Exception <a 'java/lang/NoSuchMethodError': Method sun.misc.Unsafe.defineClass(Ljava/lang/String;[BII)Ljava/lang/Class; name or signature does not match> (0x00000000eab07cc0) thrown at [C:\src\android\AOSP-openjdk\external\jetbrains\jdk\hotspot\src\share\v½Ú:e1uº?
Event: 0.103 Thread 0x0000000002e10800 Exception <a 'java/lang/NoSuchMethodError': Method sun.misc.Unsafe.prefetchRead(Ljava/lang/Object;J)V name or signature does not match> (0x00000000eab07fa8) thrown at [C:\src\android\AOSP-openjdk\external\jetbrains\jdk\hotspot\src\share\vm\prims\jni.cpp, l

Events (10 events):
Event: 2.963 Thread 0x000000001719d800 DEOPT UNPACKING pc=0x0000000002f5556a sp=0x000000001781ea60 mode 2
Event: 2.963 Thread 0x000000001719d800 Uncommon trap: trap_request=0xffffffde fr.pc=0x0000000003198730
Event: 2.963 Thread 0x000000001719d800 DEOPT PACKING pc=0x0000000003198730 sp=0x000000001781eac0
Event: 2.963 Thread 0x000000001719d800 DEOPT UNPACKING pc=0x0000000002f5556a sp=0x000000001781ea60 mode 2
Event: 2.963 Thread 0x000000001719d800 Uncommon trap: trap_request=0xffffffde fr.pc=0x0000000003198730
Event: 2.963 Thread 0x000000001719d800 DEOPT PACKING pc=0x0000000003198730 sp=0x000000001781eac0
Event: 2.963 Thread 0x000000001719d800 DEOPT UNPACKING pc=0x0000000002f5556a sp=0x000000001781ea60 mode 2
Event: 2.966 Thread 0x000000001719d800 Uncommon trap: trap_request=0xffffffde fr.pc=0x0000000003236c18
Event: 2.966 Thread 0x000000001719d800 DEOPT PACKING pc=0x0000000003236c18 sp=0x000000001781eae0
Event: 2.966 Thread 0x000000001719d800 DEOPT UNPACKING pc=0x0000000002f5556a sp=0x000000001781ea30 mode 2


Dynamic libraries:
0x00007ff771170000 - 0x00007ff7711a1000 	D:\Program Files\jre\bin\java.exe
0x00007ffd58210000 - 0x00007ffd583e1000 	C:\WINDOWS\SYSTEM32\ntdll.dll
0x00007ffd55860000 - 0x00007ffd5590b000 	C:\WINDOWS\System32\KERNEL32.DLL
0x00007ffd549b0000 - 0x00007ffd54bcd000 	C:\WINDOWS\System32\KERNELBASE.dll
0x00007ffd557a0000 - 0x00007ffd55842000 	C:\WINDOWS\System32\ADVAPI32.dll
0x00007ffd56290000 - 0x00007ffd5632e000 	C:\WINDOWS\System32\msvcrt.dll
0x00007ffd559f0000 - 0x00007ffd55a49000 	C:\WINDOWS\System32\sechost.dll
0x00007ffd55a50000 - 0x00007ffd55b71000 	C:\WINDOWS\System32\RPCRT4.dll
0x00007ffd56330000 - 0x00007ffd56495000 	C:\WINDOWS\System32\USER32.dll
0x00007ffd54e20000 - 0x00007ffd54e3e000 	C:\WINDOWS\System32\win32u.dll
0x00007ffd57fa0000 - 0x00007ffd57fd4000 	C:\WINDOWS\System32\GDI32.dll
0x00007ffd54c90000 - 0x00007ffd54e12000 	C:\WINDOWS\System32\gdi32full.dll
0x00007ffd4a950000 - 0x00007ffd4abc9000 	C:\WINDOWS\WinSxS\amd64_microsoft.windows.common-controls_6595b64144ccf1df_6.0.14393.447_none_42191651c6827bb3\COMCTL32.dll
0x00007ffd56600000 - 0x00007ffd568c7000 	C:\WINDOWS\System32\combase.dll
0x00007ffd54800000 - 0x00007ffd548f5000 	C:\WINDOWS\System32\ucrtbase.dll
0x00007ffd54c20000 - 0x00007ffd54c8a000 	C:\WINDOWS\System32\bcryptPrimitives.dll
0x00007ffd568e0000 - 0x00007ffd5690e000 	C:\WINDOWS\System32\IMM32.DLL
0x0000000064610000 - 0x00000000646e2000 	D:\Program Files\jre\jre\bin\msvcr100.dll
0x00000000646f0000 - 0x0000000064f24000 	D:\Program Files\jre\jre\bin\server\jvm.dll
0x00007ffd568d0000 - 0x00007ffd568d8000 	C:\WINDOWS\System32\PSAPI.DLL
0x00007ffd42c70000 - 0x00007ffd42c79000 	C:\WINDOWS\SYSTEM32\WSOCK32.dll
0x00007ffd581a0000 - 0x00007ffd5820a000 	C:\WINDOWS\System32\WS2_32.dll
0x00007ffd52520000 - 0x00007ffd52543000 	C:\WINDOWS\SYSTEM32\WINMM.dll
0x00007ffd44110000 - 0x00007ffd4411a000 	C:\WINDOWS\SYSTEM32\VERSION.dll
0x00007ffd524f0000 - 0x00007ffd5251b000 	C:\WINDOWS\SYSTEM32\WINMMBASE.dll
0x00007ffd54bd0000 - 0x00007ffd54c12000 	C:\WINDOWS\System32\cfgmgr32.dll
0x00007ffd51510000 - 0x00007ffd5151f000 	D:\Program Files\jre\jre\bin\verify.dll
0x00007ffd48350000 - 0x00007ffd48379000 	D:\Program Files\jre\jre\bin\java.dll
0x00007ffd4a380000 - 0x00007ffd4a396000 	D:\Program Files\jre\jre\bin\zip.dll
0x00007ffd56a10000 - 0x00007ffd57f19000 	C:\WINDOWS\System32\SHELL32.dll
0x00007ffd550c0000 - 0x00007ffd5579a000 	C:\WINDOWS\System32\windows.storage.dll
0x00007ffd546a0000 - 0x00007ffd546ec000 	C:\WINDOWS\System32\powrprof.dll
0x00007ffd56910000 - 0x00007ffd56962000 	C:\WINDOWS\System32\shlwapi.dll
0x00007ffd546f0000 - 0x00007ffd546ff000 	C:\WINDOWS\System32\kernel.appcore.dll
0x00007ffd54900000 - 0x00007ffd549a9000 	C:\WINDOWS\System32\shcore.dll
0x00007ffd54680000 - 0x00007ffd54694000 	C:\WINDOWS\System32\profapi.dll

VM Arguments:
jvm_args: -Djava.awt.headless=true -Xmx1024M -Dfile.encoding=windows-1252 -Duser.country=IN -Duser.language=en -Duser.variant 
java_command: com.android.dx.command.Main --dex --force-jumbo --num-threads=4 --multi-dex --output C:\Users\Goodbox\AndroidStudioProjects\StockHawk-master\app\build\intermediates\transforms\dex\debug\folders\1000\10\com.google.android.gms-play-services-basement-9.6.1_aa006217a06baec5f58e6641e9012e82f1815e8b C:\Users\Goodbox\AndroidStudioProjects\StockHawk-master\app\build\intermediates\exploded-aar\com.google.android.gms\play-services-basement\9.6.1\jars\classes.jar
java_class_path (initial): C:\Users\Goodbox\AppData\Local\Android\Sdk\build-tools\23.0.1\lib\dx.jar
Launcher Type: SUN_STANDARD

Environment Variables:
JRE_HOME=D:\Program Files\jre
PATH=C:\WINDOWS\system32;C:\WINDOWS;C:\WINDOWS\System32\Wbem;C:\WINDOWS\System32\WindowsPowerShell\v1.0\;C:\Program Files\Intel\WiFi\bin\;C:\Program Files\Common Files\Intel\WirelessCommon\;C:\Program Files (x86)\Calibre2\;C:\Program Files (x86)\Windows Live\Shared;%JRE_HOME%\bin;%GRADLE_HOME%\bin;C:\Users\Goodbox\AppData\Local\Microsoft\WindowsApps;D:\Program Files\jre\bin;C:\gradle-3.2.1\bin
USERNAME=Goodbox
OS=Windows_NT
PROCESSOR_IDENTIFIER=Intel64 Family 6 Model 61 Stepping 4, GenuineIntel



---------------  S Y S T E M  ---------------

OS: Windows 10.0 , 64 bit Build 14393 (10.0.14393.0)

CPU:total 4 (2 cores per cpu, 2 threads per core) family 6 model 61 stepping 4, cmov, cx8, fxsr, mmx, sse, sse2, sse3, ssse3, sse4.1, sse4.2, popcnt, avx, avx2, aes, clmul, erms, 3dnowpref, lzcnt, ht, tsc, tscinvbit, bmi1, bmi2, adx

Memory: 4k page, physical 4096780k(345708k free), swap 11783432k(6604k free)

vm_info: OpenJDK 64-Bit Server VM (25.76-b03) for windows-amd64 JRE (1.8.0_76-release-b03), built on Jun 29 2016 19:09:20 by "ralucas" with MS VC++ 10.0 (VS2010)

time: Sun Dec 18 21:55:10 2016
elapsed time: 3 seconds (0d 0h 0m 3s)

