#
# There is insufficient memory for the Java Runtime Environment to continue.
# Native memory allocation (malloc) failed to allocate 32744 bytes for ChunkPool::allocate
# Possible reasons:
#   The system is out of physical RAM or swap space
#   In 32 bit mode, the process size limit was hit
# Possible solutions:
#   Reduce memory load on the system
#   Increase physical memory or swap space
#   Check if swap backing store is full
#   Use 64 bit Java on a 64 bit OS
#   Decrease Java heap size (-Xmx/-Xms)
#   Decrease number of Java threads
#   Decrease Java thread stack sizes (-Xss)
#   Set larger code cache with -XX:ReservedCodeCacheSize=
# This output file may be truncated or incomplete.
#
#  Out of Memory Error (allocation.cpp:273), pid=10636, tid=0x000000000000268c
#
# JRE version: OpenJDK Runtime Environment (8.0_76-b03) (build 1.8.0_76-release-b03)
# Java VM: OpenJDK 64-Bit Server VM (25.76-b03 mixed mode windows-amd64 compressed oops)
# Failed to write core dump. Minidumps are not enabled by default on client versions of Windows
#

---------------  T H R E A D  ---------------

Current thread (0x0000000014fb7000):  JavaThread "C1 CompilerThread2" daemon [_thread_in_native, id=9868, stack(0x00000000167b0000,0x00000000168b0000)]

Stack: [0x00000000167b0000,0x00000000168b0000]
[error occurred during error reporting (printing stack bounds), id 0xc0000005]

Native frames: (J=compiled Java code, j=interpreted, Vv=VM code, C=native code)


Current CompileTask:
C1:   1190  584   !   3       com.android.dx.cf.code.BytecodeArray::parseInstruction (2764 bytes)


---------------  P R O C E S S  ---------------

Java Threads: ( => current thread )
  0x0000000016b0f000 JavaThread "pool-2-thread-4" [_thread_blocked, id=13268, stack(0x00000000172b0000,0x00000000173b0000)]
  0x0000000016b0e000 JavaThread "pool-2-thread-3" [_thread_in_Java, id=9652, stack(0x00000000171b0000,0x00000000172b0000)]
  0x0000000016a00000 JavaThread "pool-2-thread-2" [_thread_in_Java, id=8236, stack(0x00000000170b0000,0x00000000171b0000)]
  0x00000000169fd800 JavaThread "pool-3-thread-1" [_thread_blocked, id=7956, stack(0x0000000016fb0000,0x00000000170b0000)]
  0x00000000169f7800 JavaThread "pool-2-thread-1" [_thread_blocked, id=6936, stack(0x0000000016eb0000,0x0000000016fb0000)]
  0x0000000014fbd800 JavaThread "Service Thread" daemon [_thread_blocked, id=1696, stack(0x0000000016cb0000,0x0000000016db0000)]
=>0x0000000014fb7000 JavaThread "C1 CompilerThread2" daemon [_thread_in_native, id=9868, stack(0x00000000167b0000,0x00000000168b0000)]
  0x0000000014f57000 JavaThread "C2 CompilerThread1" daemon [_thread_in_native, id=7680, stack(0x00000000166b0000,0x00000000167b0000)]
  0x0000000014f66800 JavaThread "C2 CompilerThread0" daemon [_thread_in_native, id=6708, stack(0x00000000165b0000,0x00000000166b0000)]
  0x0000000014f65000 JavaThread "Attach Listener" daemon [_thread_blocked, id=5560, stack(0x00000000164b0000,0x00000000165b0000)]
  0x0000000014f63800 JavaThread "Signal Dispatcher" daemon [_thread_blocked, id=4728, stack(0x00000000163b0000,0x00000000164b0000)]
  0x0000000014f48800 JavaThread "Finalizer" daemon [_thread_blocked, id=13368, stack(0x00000000161c0000,0x00000000162c0000)]
  0x000000000278f000 JavaThread "Reference Handler" daemon [_thread_blocked, id=12780, stack(0x00000000160c0000,0x00000000161c0000)]
  0x00000000026a0800 JavaThread "main" [_thread_blocked, id=12136, stack(0x0000000002520000,0x0000000002620000)]

Other Threads:
  0x0000000014f24800 VMThread [stack: 0x0000000015fc0000,0x00000000160c0000] [id=10104]
  0x00000000168b4000 WatcherThread [stack: 0x0000000016db0000,0x0000000016eb0000] [id=14128]

VM state:not at safepoint (normal execution)

VM Mutex/Monitor currently owned by a thread: None

Heap:
 PSYoungGen      total 18944K, used 11824K [0x00000000eab00000, 0x00000000ec000000, 0x0000000100000000)
  eden space 16384K, 72% used [0x00000000eab00000,0x00000000eb68c2e0,0x00000000ebb00000)
  from space 2560K, 0% used [0x00000000ebd80000,0x00000000ebd80000,0x00000000ec000000)
  to   space 2560K, 0% used [0x00000000ebb00000,0x00000000ebb00000,0x00000000ebd80000)
 ParOldGen       total 44032K, used 0K [0x00000000c0000000, 0x00000000c2b00000, 0x00000000eab00000)
  object space 44032K, 0% used [0x00000000c0000000,0x00000000c0000000,0x00000000c2b00000)
 Metaspace       used 5489K, capacity 6576K, committed 6784K, reserved 1056768K
  class space    used 562K, capacity 616K, committed 640K, reserved 1048576K

Card table byte_map: [0x0000000011c50000,0x0000000011e60000] byte_map_base: 0x0000000011650000

Marking Bits: (ParMarkBitMap*) 0x0000000064ea9d00
 Begin Bits: [0x00000000123c0000, 0x00000000133c0000)
 End Bits:   [0x00000000133c0000, 0x00000000143c0000)

Polling page: 0x0000000000da0000

CodeCache: size=245760Kb used=2360Kb max_used=2376Kb free=243399Kb
 bounds [0x0000000002890000, 0x0000000002b00000, 0x0000000011890000]
 total_blobs=866 nmethods=596 adapters=184
 compilation: enabled

Compilation events (10 events):
Event: 1.182 Thread 0x0000000014f66800 nmethod 589 0x0000000002adb410 code [0x0000000002adb560, 0x0000000002adb8b8]
Event: 1.182 Thread 0x0000000014f66800  606       4       java.util.BitSet::nextSetBit (102 bytes)
Event: 1.182 Thread 0x0000000014f57000 nmethod 604 0x0000000002adae50 code [0x0000000002adaf80, 0x0000000002adaff8]
Event: 1.182 Thread 0x0000000014f57000  607       4       java.lang.String::compareTo (78 bytes)
Event: 1.184 Thread 0x0000000014f66800 nmethod 606 0x0000000002ae0f90 code [0x0000000002ae10e0, 0x0000000002ae1218]
Event: 1.185 Thread 0x0000000014f66800  610   !   4       com.android.dx.util.FixedSizeList::<init> (36 bytes)
Event: 1.186 Thread 0x0000000014f57000 nmethod 607 0x0000000002ae2410 code [0x0000000002ae2560, 0x0000000002ae26f8]
Event: 1.186 Thread 0x0000000014f66800 nmethod 610 0x0000000002ae2810 code [0x0000000002ae2960, 0x0000000002ae2a98]
Event: 1.187 Thread 0x0000000014f57000  614       4       com.android.dx.rop.type.Type::hashCode (8 bytes)
Event: 1.188 Thread 0x0000000014f66800  616       4       com.android.dx.ssa.SsaBasicBlock::forEachInsn (37 bytes)

GC Heap History (0 events):
No events

Deoptimization events (2 events):
Event: 1.120 Thread 0x0000000016a00000 Uncommon trap: reason=unstable_if action=reinterpret pc=0x0000000002a84930 method=java.util.BitSet.nextSetBit(I)I @ 87
Event: 1.122 Thread 0x0000000016a00000 Uncommon trap: reason=unstable_if action=reinterpret pc=0x0000000002a89048 method=java.util.HashMap.getNode(ILjava/lang/Object;)Ljava/util/HashMap$Node; @ 129

Internal exceptions (2 events):
Event: 0.119 Thread 0x00000000026a0800 Exception <a 'java/lang/NoSuchMethodError': Method sun.misc.Unsafe.defineClass(Ljava/lang/String;[BII)Ljava/lang/Class; name or signature does not match> (0x00000000eab07cc0) thrown at [C:\src\android\AOSP-openjdk\external\jetbrains\jdk\hotspot\src\share\v-¤ÝI‰¾?
Event: 0.119 Thread 0x00000000026a0800 Exception <a 'java/lang/NoSuchMethodError': Method sun.misc.Unsafe.prefetchRead(Ljava/lang/Object;J)V name or signature does not match> (0x00000000eab07fa8) thrown at [C:\src\android\AOSP-openjdk\external\jetbrains\jdk\hotspot\src\share\vm\prims\jni.cpp, l

Events (10 events):
Event: 1.120 Thread 0x0000000016a00000 Uncommon trap: trap_request=0xffffff65 fr.pc=0x0000000002a84930
Event: 1.120 Thread 0x0000000016a00000 DEOPT PACKING pc=0x0000000002a84930 sp=0x00000000171aebd0
Event: 1.120 Thread 0x0000000016a00000 DEOPT UNPACKING pc=0x00000000028d556a sp=0x00000000171aeb68 mode 2
Event: 1.122 Thread 0x0000000016a00000 Uncommon trap: trap_request=0xffffff65 fr.pc=0x0000000002a89048
Event: 1.122 Thread 0x0000000016a00000 DEOPT PACKING pc=0x0000000002a89048 sp=0x00000000171ae710
Event: 1.122 Thread 0x0000000016a00000 DEOPT UNPACKING pc=0x00000000028d556a sp=0x00000000171ae698 mode 2
Event: 1.123 loading class com/android/dx/cf/code/SwitchList
Event: 1.123 loading class com/android/dx/cf/code/SwitchList done
Event: 1.127 loading class java/util/DualPivotQuicksort
Event: 1.128 loading class java/util/DualPivotQuicksort done


Dynamic libraries:
0x00007ff771170000 - 0x00007ff7711a1000 	D:\Program Files\jre\bin\java.exe
0x00007ffd58210000 - 0x00007ffd583e1000 	C:\WINDOWS\SYSTEM32\ntdll.dll
0x00007ffd55860000 - 0x00007ffd5590b000 	C:\WINDOWS\System32\KERNEL32.DLL
0x00007ffd549b0000 - 0x00007ffd54bcd000 	C:\WINDOWS\System32\KERNELBASE.dll
0x00007ffd557a0000 - 0x00007ffd55842000 	C:\WINDOWS\System32\ADVAPI32.dll
0x00007ffd56290000 - 0x00007ffd5632e000 	C:\WINDOWS\System32\msvcrt.dll
0x00007ffd559f0000 - 0x00007ffd55a49000 	C:\WINDOWS\System32\sechost.dll
0x00007ffd55a50000 - 0x00007ffd55b71000 	C:\WINDOWS\System32\RPCRT4.dll
0x00007ffd56330000 - 0x00007ffd56495000 	C:\WINDOWS\System32\USER32.dll
0x00007ffd54e20000 - 0x00007ffd54e3e000 	C:\WINDOWS\System32\win32u.dll
0x00007ffd57fa0000 - 0x00007ffd57fd4000 	C:\WINDOWS\System32\GDI32.dll
0x00007ffd54c90000 - 0x00007ffd54e12000 	C:\WINDOWS\System32\gdi32full.dll
0x00007ffd4a950000 - 0x00007ffd4abc9000 	C:\WINDOWS\WinSxS\amd64_microsoft.windows.common-controls_6595b64144ccf1df_6.0.14393.447_none_42191651c6827bb3\COMCTL32.dll
0x00007ffd56600000 - 0x00007ffd568c7000 	C:\WINDOWS\System32\combase.dll
0x00007ffd54800000 - 0x00007ffd548f5000 	C:\WINDOWS\System32\ucrtbase.dll
0x00007ffd54c20000 - 0x00007ffd54c8a000 	C:\WINDOWS\System32\bcryptPrimitives.dll
0x00007ffd568e0000 - 0x00007ffd5690e000 	C:\WINDOWS\System32\IMM32.DLL
0x0000000064610000 - 0x00000000646e2000 	D:\Program Files\jre\jre\bin\msvcr100.dll
0x00000000646f0000 - 0x0000000064f24000 	D:\Program Files\jre\jre\bin\server\jvm.dll
0x00007ffd568d0000 - 0x00007ffd568d8000 	C:\WINDOWS\System32\PSAPI.DLL
0x00007ffd42c70000 - 0x00007ffd42c79000 	C:\WINDOWS\SYSTEM32\WSOCK32.dll
0x00007ffd581a0000 - 0x00007ffd5820a000 	C:\WINDOWS\System32\WS2_32.dll
0x00007ffd52520000 - 0x00007ffd52543000 	C:\WINDOWS\SYSTEM32\WINMM.dll
0x00007ffd44110000 - 0x00007ffd4411a000 	C:\WINDOWS\SYSTEM32\VERSION.dll
0x00007ffd524f0000 - 0x00007ffd5251b000 	C:\WINDOWS\SYSTEM32\WINMMBASE.dll
0x00007ffd54bd0000 - 0x00007ffd54c12000 	C:\WINDOWS\System32\cfgmgr32.dll
0x00007ffd51510000 - 0x00007ffd5151f000 	D:\Program Files\jre\jre\bin\verify.dll
0x00007ffd48350000 - 0x00007ffd48379000 	D:\Program Files\jre\jre\bin\java.dll
0x00007ffd4a380000 - 0x00007ffd4a396000 	D:\Program Files\jre\jre\bin\zip.dll
0x00007ffd56a10000 - 0x00007ffd57f19000 	C:\WINDOWS\System32\SHELL32.dll
0x00007ffd550c0000 - 0x00007ffd5579a000 	C:\WINDOWS\System32\windows.storage.dll
0x00007ffd546a0000 - 0x00007ffd546ec000 	C:\WINDOWS\System32\powrprof.dll
0x00007ffd56910000 - 0x00007ffd56962000 	C:\WINDOWS\System32\shlwapi.dll
0x00007ffd546f0000 - 0x00007ffd546ff000 	C:\WINDOWS\System32\kernel.appcore.dll
0x00007ffd54900000 - 0x00007ffd549a9000 	C:\WINDOWS\System32\shcore.dll
0x00007ffd54680000 - 0x00007ffd54694000 	C:\WINDOWS\System32\profapi.dll

VM Arguments:
jvm_args: -Djava.awt.headless=true -Xmx1024M -Dfile.encoding=windows-1252 -Duser.country=IN -Duser.language=en -Duser.variant 
java_command: com.android.dx.command.Main --dex --force-jumbo --num-threads=4 --multi-dex --output C:\Users\Goodbox\AndroidStudioProjects\StockHawk-master\app\build\intermediates\transforms\dex\debug\folders\1000\10\com.google.android.gms-play-services-gcm-9.6.1_f8a56dbecd9ae3537dba7bb437484a63af803fea C:\Users\Goodbox\AndroidStudioProjects\StockHawk-master\app\build\intermediates\exploded-aar\com.google.android.gms\play-services-gcm\9.6.1\jars\classes.jar
java_class_path (initial): C:\Users\Goodbox\AppData\Local\Android\Sdk\build-tools\23.0.1\lib\dx.jar
Launcher Type: SUN_STANDARD

Environment Variables:
JRE_HOME=D:\Program Files\jre
PATH=C:\WINDOWS\system32;C:\WINDOWS;C:\WINDOWS\System32\Wbem;C:\WINDOWS\System32\WindowsPowerShell\v1.0\;C:\Program Files\Intel\WiFi\bin\;C:\Program Files\Common Files\Intel\WirelessCommon\;C:\Program Files (x86)\Calibre2\;C:\Program Files (x86)\Windows Live\Shared;%JRE_HOME%\bin;%GRADLE_HOME%\bin;C:\Users\Goodbox\AppData\Local\Microsoft\WindowsApps;D:\Program Files\jre\bin;C:\gradle-3.2.1\bin
USERNAME=Goodbox
OS=Windows_NT
PROCESSOR_IDENTIFIER=Intel64 Family 6 Model 61 Stepping 4, GenuineIntel



---------------  S Y S T E M  ---------------

OS: Windows 10.0 , 64 bit Build 14393 (10.0.14393.0)

CPU:total 4 (2 cores per cpu, 2 threads per core) family 6 model 61 stepping 4, cmov, cx8, fxsr, mmx, sse, sse2, sse3, ssse3, sse4.1, sse4.2, popcnt, avx, avx2, aes, clmul, erms, 3dnowpref, lzcnt, ht, tsc, tscinvbit, bmi1, bmi2, adx

Memory: 4k page, physical 4096780k(180188k free), swap 11783432k(5120k free)

vm_info: OpenJDK 64-Bit Server VM (25.76-b03) for windows-amd64 JRE (1.8.0_76-release-b03), built on Jun 29 2016 19:09:20 by "ralucas" with MS VC++ 10.0 (VS2010)

time: Sun Dec 18 22:01:31 2016
elapsed time: 1 seconds (0d 0h 0m 1s)

