#
# There is insufficient memory for the Java Runtime Environment to continue.
# Native memory allocation (malloc) failed to allocate 32744 bytes for ChunkPool::allocate
# Possible reasons:
#   The system is out of physical RAM or swap space
#   In 32 bit mode, the process size limit was hit
# Possible solutions:
#   Reduce memory load on the system
#   Increase physical memory or swap space
#   Check if swap backing store is full
#   Use 64 bit Java on a 64 bit OS
#   Decrease Java heap size (-Xmx/-Xms)
#   Decrease number of Java threads
#   Decrease Java thread stack sizes (-Xss)
#   Set larger code cache with -XX:ReservedCodeCacheSize=
# This output file may be truncated or incomplete.
#
#  Out of Memory Error (allocation.cpp:273), pid=1528, tid=0x0000000000002274
#
# JRE version: OpenJDK Runtime Environment (8.0_76-b03) (build 1.8.0_76-release-b03)
# Java VM: OpenJDK 64-Bit Server VM (25.76-b03 mixed mode windows-amd64 compressed oops)
# Failed to write core dump. Minidumps are not enabled by default on client versions of Windows
#

---------------  T H R E A D  ---------------

Current thread (0x0000000015927000):  JavaThread "C1 CompilerThread2" daemon [_thread_in_native, id=8820, stack(0x0000000017120000,0x0000000017220000)]

Stack: [0x0000000017120000,0x0000000017220000]
[error occurred during error reporting (printing stack bounds), id 0xc0000005]

Native frames: (J=compiled Java code, j=interpreted, Vv=VM code, C=native code)


Current CompileTask:
C1:   1425  605   !   3       com.android.dx.cf.code.RopperMachine::run (1550 bytes)


---------------  P R O C E S S  ---------------

Java Threads: ( => current thread )
  0x00000000173e8800 JavaThread "pool-2-thread-4" [_thread_in_vm, id=11632, stack(0x0000000017c20000,0x0000000017d20000)]
  0x0000000017456800 JavaThread "pool-2-thread-3" [_thread_in_vm, id=8276, stack(0x0000000017b20000,0x0000000017c20000)]
  0x0000000017393000 JavaThread "pool-2-thread-2" [_thread_blocked, id=10352, stack(0x0000000017a20000,0x0000000017b20000)]
  0x0000000017378000 JavaThread "pool-3-thread-1" [_thread_blocked, id=11636, stack(0x0000000017920000,0x0000000017a20000)]
  0x0000000017371800 JavaThread "pool-2-thread-1" [_thread_blocked, id=4140, stack(0x0000000017820000,0x0000000017920000)]
  0x000000001592e000 JavaThread "Service Thread" daemon [_thread_blocked, id=7896, stack(0x0000000017620000,0x0000000017720000)]
=>0x0000000015927000 JavaThread "C1 CompilerThread2" daemon [_thread_in_native, id=8820, stack(0x0000000017120000,0x0000000017220000)]
  0x000000001591c000 JavaThread "C2 CompilerThread1" daemon [_thread_blocked, id=14096, stack(0x0000000017020000,0x0000000017120000)]
  0x00000000158cb000 JavaThread "C2 CompilerThread0" daemon [_thread_blocked, id=6568, stack(0x0000000016f20000,0x0000000017020000)]
  0x00000000158c9000 JavaThread "Attach Listener" daemon [_thread_blocked, id=1504, stack(0x0000000016e20000,0x0000000016f20000)]
  0x00000000158c8000 JavaThread "Signal Dispatcher" daemon [_thread_blocked, id=5424, stack(0x0000000016d20000,0x0000000016e20000)]
  0x00000000158b8000 JavaThread "Finalizer" daemon [_thread_blocked, id=14240, stack(0x0000000016b30000,0x0000000016c30000)]
  0x00000000031ef000 JavaThread "Reference Handler" daemon [_thread_blocked, id=10824, stack(0x0000000016a30000,0x0000000016b30000)]
  0x0000000003100800 JavaThread "main" [_thread_blocked, id=10152, stack(0x0000000003000000,0x0000000003100000)]

Other Threads:
  0x0000000015894800 VMThread [stack: 0x0000000016930000,0x0000000016a30000] [id=13152]
  0x000000001722c000 WatcherThread [stack: 0x0000000017720000,0x0000000017820000] [id=4956]

VM state:not at safepoint (normal execution)

VM Mutex/Monitor currently owned by a thread: None

Heap:
 PSYoungGen      total 18944K, used 12558K [0x00000000eab00000, 0x00000000ec000000, 0x0000000100000000)
  eden space 16384K, 76% used [0x00000000eab00000,0x00000000eb743970,0x00000000ebb00000)
  from space 2560K, 0% used [0x00000000ebd80000,0x00000000ebd80000,0x00000000ec000000)
  to   space 2560K, 0% used [0x00000000ebb00000,0x00000000ebb00000,0x00000000ebd80000)
 ParOldGen       total 44032K, used 0K [0x00000000c0000000, 0x00000000c2b00000, 0x00000000eab00000)
  object space 44032K, 0% used [0x00000000c0000000,0x00000000c0000000,0x00000000c2b00000)
 Metaspace       used 5431K, capacity 6576K, committed 6784K, reserved 1056768K
  class space    used 562K, capacity 616K, committed 640K, reserved 1048576K

Card table byte_map: [0x00000000125c0000,0x00000000127d0000] byte_map_base: 0x0000000011fc0000

Marking Bits: (ParMarkBitMap*) 0x0000000064ea9d00
 Begin Bits: [0x0000000012d30000, 0x0000000013d30000)
 End Bits:   [0x0000000013d30000, 0x0000000014d30000)

Polling page: 0x0000000001560000

CodeCache: size=245760Kb used=2352Kb max_used=2352Kb free=243407Kb
 bounds [0x0000000003200000, 0x0000000003470000, 0x0000000012200000]
 total_blobs=865 nmethods=597 adapters=182
 compilation: enabled

Compilation events (10 events):
Event: 1.411 Thread 0x0000000015927000 nmethod 567 0x000000000344b290 code [0x000000000344b400, 0x000000000344b848]
Event: 1.412 Thread 0x0000000015927000  563       3       com.android.dx.cf.code.BaseMachine::resultCount (22 bytes)
Event: 1.412 Thread 0x0000000015927000 nmethod 563 0x000000000344b9d0 code [0x000000000344bb40, 0x000000000344bda8]
Event: 1.412 Thread 0x0000000015927000  589       3       com.android.dx.rop.code.CstInsn::<init> (31 bytes)
Event: 1.412 Thread 0x0000000015927000 nmethod 589 0x000000000344be90 code [0x000000000344c000, 0x000000000344c2b8]
Event: 1.412 Thread 0x0000000015927000  568       3       com.android.dx.rop.cst.CstString::hashCode (8 bytes)
Event: 1.412 Thread 0x0000000015927000 nmethod 568 0x000000000344c3d0 code [0x000000000344c540, 0x000000000344c748]
Event: 1.412 Thread 0x0000000015927000  582       3       com.android.dx.rop.code.RopMethod::labelToPredecessors (54 bytes)
Event: 1.413 Thread 0x0000000015927000 nmethod 582 0x000000000344c810 code [0x000000000344ca00, 0x000000000344d2f8]
Event: 1.413 Thread 0x0000000015927000  605   !   3       com.android.dx.cf.code.RopperMachine::run (1550 bytes)

GC Heap History (0 events):
No events

Deoptimization events (1 events):
Event: 1.346 Thread 0x00000000173e8800 Uncommon trap: reason=unstable_if action=reinterpret pc=0x00000000033f4be0 method=java.util.HashMap.getNode(ILjava/lang/Object;)Ljava/util/HashMap$Node; @ 129

Internal exceptions (2 events):
Event: 0.101 Thread 0x0000000003100800 Exception <a 'java/lang/NoSuchMethodError': Method sun.misc.Unsafe.defineClass(Ljava/lang/String;[BII)Ljava/lang/Class; name or signature does not match> (0x00000000eab07cc0) thrown at [C:\src\android\AOSP-openjdk\external\jetbrains\jdk\hotspot\src\share\vû:hÔ¹?
Event: 0.101 Thread 0x0000000003100800 Exception <a 'java/lang/NoSuchMethodError': Method sun.misc.Unsafe.prefetchRead(Ljava/lang/Object;J)V name or signature does not match> (0x00000000eab07fa8) thrown at [C:\src\android\AOSP-openjdk\external\jetbrains\jdk\hotspot\src\share\vm\prims\jni.cpp, l

Events (10 events):
Event: 1.160 loading class java/util/HashMap$ValueIterator done
Event: 1.162 loading class com/android/dx/ssa/PhiInsn$Operand
Event: 1.162 loading class com/android/dx/ssa/PhiInsn$Operand done
Event: 1.165 loading class com/android/dx/ssa/back/FirstFitLocalCombiningAllocator$Multiset
Event: 1.165 loading class com/android/dx/ssa/back/FirstFitLocalCombiningAllocator$Multiset done
Event: 1.346 Thread 0x00000000173e8800 Uncommon trap: trap_request=0xffffff65 fr.pc=0x00000000033f4be0
Event: 1.346 Thread 0x00000000173e8800 DEOPT PACKING pc=0x00000000033f4be0 sp=0x0000000017d1e700
Event: 1.346 Thread 0x00000000173e8800 DEOPT UNPACKING pc=0x000000000324556a sp=0x0000000017d1e678 mode 2
Event: 1.359 loading class com/android/dx/dex/file/MethodAnnotationStruct
Event: 1.359 loading class com/android/dx/dex/file/MethodAnnotationStruct done


Dynamic libraries:
0x00007ff771170000 - 0x00007ff7711a1000 	D:\Program Files\jre\bin\java.exe
0x00007ffd58210000 - 0x00007ffd583e1000 	C:\WINDOWS\SYSTEM32\ntdll.dll
0x00007ffd55860000 - 0x00007ffd5590b000 	C:\WINDOWS\System32\KERNEL32.DLL
0x00007ffd549b0000 - 0x00007ffd54bcd000 	C:\WINDOWS\System32\KERNELBASE.dll
0x00007ffd557a0000 - 0x00007ffd55842000 	C:\WINDOWS\System32\ADVAPI32.dll
0x00007ffd56290000 - 0x00007ffd5632e000 	C:\WINDOWS\System32\msvcrt.dll
0x00007ffd559f0000 - 0x00007ffd55a49000 	C:\WINDOWS\System32\sechost.dll
0x00007ffd55a50000 - 0x00007ffd55b71000 	C:\WINDOWS\System32\RPCRT4.dll
0x00007ffd56330000 - 0x00007ffd56495000 	C:\WINDOWS\System32\USER32.dll
0x00007ffd54e20000 - 0x00007ffd54e3e000 	C:\WINDOWS\System32\win32u.dll
0x00007ffd57fa0000 - 0x00007ffd57fd4000 	C:\WINDOWS\System32\GDI32.dll
0x00007ffd54c90000 - 0x00007ffd54e12000 	C:\WINDOWS\System32\gdi32full.dll
0x00007ffd4a950000 - 0x00007ffd4abc9000 	C:\WINDOWS\WinSxS\amd64_microsoft.windows.common-controls_6595b64144ccf1df_6.0.14393.447_none_42191651c6827bb3\COMCTL32.dll
0x00007ffd56600000 - 0x00007ffd568c7000 	C:\WINDOWS\System32\combase.dll
0x00007ffd54800000 - 0x00007ffd548f5000 	C:\WINDOWS\System32\ucrtbase.dll
0x00007ffd54c20000 - 0x00007ffd54c8a000 	C:\WINDOWS\System32\bcryptPrimitives.dll
0x00007ffd568e0000 - 0x00007ffd5690e000 	C:\WINDOWS\System32\IMM32.DLL
0x0000000064610000 - 0x00000000646e2000 	D:\Program Files\jre\jre\bin\msvcr100.dll
0x00000000646f0000 - 0x0000000064f24000 	D:\Program Files\jre\jre\bin\server\jvm.dll
0x00007ffd568d0000 - 0x00007ffd568d8000 	C:\WINDOWS\System32\PSAPI.DLL
0x00007ffd42c70000 - 0x00007ffd42c79000 	C:\WINDOWS\SYSTEM32\WSOCK32.dll
0x00007ffd581a0000 - 0x00007ffd5820a000 	C:\WINDOWS\System32\WS2_32.dll
0x00007ffd52520000 - 0x00007ffd52543000 	C:\WINDOWS\SYSTEM32\WINMM.dll
0x00007ffd44110000 - 0x00007ffd4411a000 	C:\WINDOWS\SYSTEM32\VERSION.dll
0x00007ffd524f0000 - 0x00007ffd5251b000 	C:\WINDOWS\SYSTEM32\WINMMBASE.dll
0x00007ffd54bd0000 - 0x00007ffd54c12000 	C:\WINDOWS\System32\cfgmgr32.dll
0x00007ffd51510000 - 0x00007ffd5151f000 	D:\Program Files\jre\jre\bin\verify.dll
0x00007ffd48350000 - 0x00007ffd48379000 	D:\Program Files\jre\jre\bin\java.dll
0x00007ffd4a380000 - 0x00007ffd4a396000 	D:\Program Files\jre\jre\bin\zip.dll
0x00007ffd56a10000 - 0x00007ffd57f19000 	C:\WINDOWS\System32\SHELL32.dll
0x00007ffd550c0000 - 0x00007ffd5579a000 	C:\WINDOWS\System32\windows.storage.dll
0x00007ffd546a0000 - 0x00007ffd546ec000 	C:\WINDOWS\System32\powrprof.dll
0x00007ffd56910000 - 0x00007ffd56962000 	C:\WINDOWS\System32\shlwapi.dll
0x00007ffd546f0000 - 0x00007ffd546ff000 	C:\WINDOWS\System32\kernel.appcore.dll
0x00007ffd54900000 - 0x00007ffd549a9000 	C:\WINDOWS\System32\shcore.dll
0x00007ffd54680000 - 0x00007ffd54694000 	C:\WINDOWS\System32\profapi.dll

VM Arguments:
jvm_args: -Djava.awt.headless=true -Xmx1024M -Dfile.encoding=windows-1252 -Duser.country=IN -Duser.language=en -Duser.variant 
java_command: com.android.dx.command.Main --dex --force-jumbo --num-threads=4 --multi-dex --output C:\Users\Goodbox\AndroidStudioProjects\StockHawk-master\app\build\intermediates\transforms\dex\debug\folders\1000\10\library-2.4.0_100c5d3dd8d80c68b4f9ede912c0c452ca99001c C:\Users\Goodbox\.gradle\caches\modules-2\files-2.1\com.nineoldandroids\library\2.4.0\e9b63380f3a242dbdbf103a2355ad7e43bad17cb\library-2.4.0.jar
java_class_path (initial): C:\Users\Goodbox\AppData\Local\Android\Sdk\build-tools\23.0.1\lib\dx.jar
Launcher Type: SUN_STANDARD

Environment Variables:
JRE_HOME=D:\Program Files\jre
PATH=C:\WINDOWS\system32;C:\WINDOWS;C:\WINDOWS\System32\Wbem;C:\WINDOWS\System32\WindowsPowerShell\v1.0\;C:\Program Files\Intel\WiFi\bin\;C:\Program Files\Common Files\Intel\WirelessCommon\;C:\Program Files (x86)\Calibre2\;C:\Program Files (x86)\Windows Live\Shared;%JRE_HOME%\bin;%GRADLE_HOME%\bin;C:\Users\Goodbox\AppData\Local\Microsoft\WindowsApps;D:\Program Files\jre\bin;C:\gradle-3.2.1\bin
USERNAME=Goodbox
OS=Windows_NT
PROCESSOR_IDENTIFIER=Intel64 Family 6 Model 61 Stepping 4, GenuineIntel



---------------  S Y S T E M  ---------------

OS: Windows 10.0 , 64 bit Build 14393 (10.0.14393.0)

CPU:total 4 (2 cores per cpu, 2 threads per core) family 6 model 61 stepping 4, cmov, cx8, fxsr, mmx, sse, sse2, sse3, ssse3, sse4.1, sse4.2, popcnt, avx, avx2, aes, clmul, erms, 3dnowpref, lzcnt, ht, tsc, tscinvbit, bmi1, bmi2, adx

Memory: 4k page, physical 4096780k(331488k free), swap 11783432k(2420k free)

vm_info: OpenJDK 64-Bit Server VM (25.76-b03) for windows-amd64 JRE (1.8.0_76-release-b03), built on Jun 29 2016 19:09:20 by "ralucas" with MS VC++ 10.0 (VS2010)

time: Sun Dec 18 22:03:52 2016
elapsed time: 1 seconds (0d 0h 0m 1s)

