#
# There is insufficient memory for the Java Runtime Environment to continue.
# Native memory allocation (malloc) failed to allocate 157216 bytes for Chunk::new
# Possible reasons:
#   The system is out of physical RAM or swap space
#   In 32 bit mode, the process size limit was hit
# Possible solutions:
#   Reduce memory load on the system
#   Increase physical memory or swap space
#   Check if swap backing store is full
#   Use 64 bit Java on a 64 bit OS
#   Decrease Java heap size (-Xmx/-Xms)
#   Decrease number of Java threads
#   Decrease Java thread stack sizes (-Xss)
#   Set larger code cache with -XX:ReservedCodeCacheSize=
# This output file may be truncated or incomplete.
#
#  Out of Memory Error (allocation.cpp:390), pid=812, tid=0x0000000000001e80
#
# JRE version: OpenJDK Runtime Environment (8.0_76-b03) (build 1.8.0_76-release-b03)
# Java VM: OpenJDK 64-Bit Server VM (25.76-b03 mixed mode windows-amd64 compressed oops)
# Failed to write core dump. Minidumps are not enabled by default on client versions of Windows
#

---------------  T H R E A D  ---------------

Current thread (0x0000000014a7e000):  JavaThread "C2 CompilerThread1" daemon [_thread_in_native, id=7808, stack(0x00000000161e0000,0x00000000162e0000)]

Stack: [0x00000000161e0000,0x00000000162e0000]
[error occurred during error reporting (printing stack bounds), id 0xc0000005]

Native frames: (J=compiled Java code, j=interpreted, Vv=VM code, C=native code)


Current CompileTask:
C2:   1442 1079       4       com.android.dx.ssa.SsaMethod$2::addToUses (48 bytes)


---------------  P R O C E S S  ---------------

Java Threads: ( => current thread )
  0x000000001663d800 JavaThread "pool-2-thread-4" [_thread_blocked, id=6336, stack(0x0000000016de0000,0x0000000016ee0000)]
  0x000000001663b000 JavaThread "pool-2-thread-3" [_thread_in_Java, id=5756, stack(0x0000000016ce0000,0x0000000016de0000)]
  0x000000001663a000 JavaThread "pool-2-thread-2" [_thread_in_Java, id=3272, stack(0x0000000016be0000,0x0000000016ce0000)]
  0x0000000016637800 JavaThread "pool-3-thread-1" [_thread_blocked, id=13792, stack(0x0000000016ae0000,0x0000000016be0000)]
  0x0000000016636800 JavaThread "pool-2-thread-1" [_thread_in_Java, id=7940, stack(0x00000000169e0000,0x0000000016ae0000)]
  0x0000000016413800 JavaThread "Service Thread" daemon [_thread_blocked, id=9220, stack(0x00000000167e0000,0x00000000168e0000)]
  0x0000000014a89800 JavaThread "C1 CompilerThread2" daemon [_thread_in_vm, id=828, stack(0x00000000162e0000,0x00000000163e0000)]
=>0x0000000014a7e000 JavaThread "C2 CompilerThread1" daemon [_thread_in_native, id=7808, stack(0x00000000161e0000,0x00000000162e0000)]
  0x0000000014a7b000 JavaThread "C2 CompilerThread0" daemon [_thread_in_native, id=9768, stack(0x00000000160e0000,0x00000000161e0000)]
  0x0000000014a79000 JavaThread "Attach Listener" daemon [_thread_blocked, id=4428, stack(0x0000000015fe0000,0x00000000160e0000)]
  0x0000000014a77800 JavaThread "Signal Dispatcher" daemon [_thread_blocked, id=5524, stack(0x0000000015ee0000,0x0000000015fe0000)]
  0x0000000014a68800 JavaThread "Finalizer" daemon [_thread_blocked, id=9308, stack(0x0000000015cf0000,0x0000000015df0000)]
  0x000000000239f000 JavaThread "Reference Handler" daemon [_thread_blocked, id=4612, stack(0x0000000015bf0000,0x0000000015cf0000)]
  0x00000000022b0800 JavaThread "main" [_thread_in_Java, id=4356, stack(0x00000000020b0000,0x00000000021b0000)]

Other Threads:
  0x0000000014a45000 VMThread [stack: 0x0000000015af0000,0x0000000015bf0000] [id=13324]
  0x0000000016416000 WatcherThread [stack: 0x00000000168e0000,0x00000000169e0000] [id=12036]

VM state:not at safepoint (normal execution)

VM Mutex/Monitor currently owned by a thread: None

Heap:
 PSYoungGen      total 18944K, used 12868K [0x00000000eab00000, 0x00000000ec000000, 0x0000000100000000)
  eden space 16384K, 62% used [0x00000000eab00000,0x00000000eb5127f8,0x00000000ebb00000)
  from space 2560K, 99% used [0x00000000ebb00000,0x00000000ebd7eaa0,0x00000000ebd80000)
  to   space 2560K, 0% used [0x00000000ebd80000,0x00000000ebd80000,0x00000000ec000000)
 ParOldGen       total 44032K, used 1870K [0x00000000c0000000, 0x00000000c2b00000, 0x00000000eab00000)
  object space 44032K, 4% used [0x00000000c0000000,0x00000000c01d3850,0x00000000c2b00000)
 Metaspace       used 5776K, capacity 6832K, committed 7040K, reserved 1056768K
  class space    used 566K, capacity 616K, committed 640K, reserved 1048576K

Card table byte_map: [0x0000000011770000,0x0000000011980000] byte_map_base: 0x0000000011170000

Marking Bits: (ParMarkBitMap*) 0x0000000064ea9d00
 Begin Bits: [0x0000000011ee0000, 0x0000000012ee0000)
 End Bits:   [0x0000000012ee0000, 0x0000000013ee0000)

Polling page: 0x00000000007c0000

CodeCache: size=245760Kb used=4323Kb max_used=4334Kb free=241436Kb
 bounds [0x00000000023b0000, 0x00000000027f0000, 0x00000000113b0000]
 total_blobs=1346 nmethods=1079 adapters=181
 compilation: enabled

Compilation events (10 events):
Event: 1.439 Thread 0x0000000014a89800 nmethod 1078 0x00000000027e7e50 code [0x00000000027e80a0, 0x00000000027e90b8]
Event: 1.439 Thread 0x0000000014a89800 1075  s    3       com.android.dx.dex.file.MethodIdsSection::intern (55 bytes)
Event: 1.440 Thread 0x0000000014a89800 nmethod 1075 0x00000000027c8550 code [0x00000000027c8780, 0x00000000027c9488]
Event: 1.440 Thread 0x0000000014a89800 1076       3       com.android.dx.dex.file.MemberIdItem::<init> (14 bytes)
Event: 1.441 Thread 0x0000000014a89800 nmethod 1076 0x00000000027c7010 code [0x00000000027c71a0, 0x00000000027c7648]
Event: 1.441 Thread 0x0000000014a89800 1074       3       com.android.dx.dex.file.MethodIdItem::<init> (6 bytes)
Event: 1.441 Thread 0x0000000014a89800 nmethod 1074 0x00000000027df590 code [0x00000000027df720, 0x00000000027dfc28]
Event: 1.441 Thread 0x0000000014a89800 1070       3       com.android.dx.rop.code.RegisterSpecList::getType (12 bytes)
Event: 1.441 Thread 0x0000000014a7b000 nmethod 1073 0x00000000027ebb50 code [0x00000000027ebce0, 0x00000000027ec5b8]
Event: 1.441 Thread 0x0000000014a7b000 1084       4       java.util.Collections$UnmodifiableCollection$1::next (10 bytes)

GC Heap History (2 events):
Event: 0.995 GC heap before
{Heap before GC invocations=1 (full 0):
 PSYoungGen      total 18944K, used 16384K [0x00000000eab00000, 0x00000000ec000000, 0x0000000100000000)
  eden space 16384K, 100% used [0x00000000eab00000,0x00000000ebb00000,0x00000000ebb00000)
  from space 2560K, 0% used [0x00000000ebd80000,0x00000000ebd80000,0x00000000ec000000)
  to   space 2560K, 0% used [0x00000000ebb00000,0x00000000ebb00000,0x00000000ebd80000)
 ParOldGen       total 44032K, used 0K [0x00000000c0000000, 0x00000000c2b00000, 0x00000000eab00000)
  object space 44032K, 0% used [0x00000000c0000000,0x00000000c0000000,0x00000000c2b00000)
 Metaspace       used 5618K, capacity 6768K, committed 7040K, reserved 1056768K
  class space    used 564K, capacity 616K, committed 640K, reserved 1048576K
Event: 1.133 GC heap after
Heap after GC invocations=1 (full 0):
 PSYoungGen      total 18944K, used 2554K [0x00000000eab00000, 0x00000000ec000000, 0x0000000100000000)
  eden space 16384K, 0% used [0x00000000eab00000,0x00000000eab00000,0x00000000ebb00000)
  from space 2560K, 99% used [0x00000000ebb00000,0x00000000ebd7eaa0,0x00000000ebd80000)
  to   space 2560K, 0% used [0x00000000ebd80000,0x00000000ebd80000,0x00000000ec000000)
 ParOldGen       total 44032K, used 1870K [0x00000000c0000000, 0x00000000c2b00000, 0x00000000eab00000)
  object space 44032K, 4% used [0x00000000c0000000,0x00000000c01d3850,0x00000000c2b00000)
 Metaspace       used 5618K, capacity 6768K, committed 7040K, reserved 1056768K
  class space    used 564K, capacity 616K, committed 640K, reserved 1048576K
}

Deoptimization events (7 events):
Event: 0.621 Thread 0x000000001663b000 Uncommon trap: reason=unstable_if action=reinterpret pc=0x0000000002595cb4 method=java.util.HashMap.getNode(ILjava/lang/Object;)Ljava/util/HashMap$Node; @ 62
Event: 0.930 Thread 0x000000001663a000 Uncommon trap: reason=unstable_if action=reinterpret pc=0x00000000025fe8b4 method=java.util.BitSet.ensureCapacity(I)V @ 6
Event: 0.936 Thread 0x000000001663a000 Uncommon trap: reason=class_check action=maybe_recompile pc=0x000000000265f08c method=com.android.dx.ssa.NormalSsaInsn.accept(Lcom/android/dx/ssa/SsaInsn$Visitor;)V @ 9
Event: 1.163 Thread 0x000000001663b000 Uncommon trap: reason=class_check action=maybe_recompile pc=0x000000000265f08c method=com.android.dx.ssa.NormalSsaInsn.accept(Lcom/android/dx/ssa/SsaInsn$Visitor;)V @ 9
Event: 1.163 Thread 0x000000001663b000 Uncommon trap: reason=class_check action=maybe_recompile pc=0x00000000025f3ab0 method=com.android.dx.ssa.NormalSsaInsn.accept(Lcom/android/dx/ssa/SsaInsn$Visitor;)V @ 9
Event: 1.163 Thread 0x000000001663b000 Uncommon trap: reason=class_check action=maybe_recompile pc=0x00000000025f3ab0 method=com.android.dx.ssa.NormalSsaInsn.accept(Lcom/android/dx/ssa/SsaInsn$Visitor;)V @ 9
Event: 1.163 Thread 0x000000001663b000 Uncommon trap: reason=class_check action=maybe_recompile pc=0x000000000265f08c method=com.android.dx.ssa.NormalSsaInsn.accept(Lcom/android/dx/ssa/SsaInsn$Visitor;)V @ 9

Internal exceptions (2 events):
Event: 0.048 Thread 0x00000000022b0800 Exception <a 'java/lang/NoSuchMethodError': Method sun.misc.Unsafe.defineClass(Ljava/lang/String;[BII)Ljava/lang/Class; name or signature does not match> (0x00000000eab07cc0) thrown at [C:\src\android\AOSP-openjdk\external\jetbrains\jdk\hotspot\src\share\v¬ýû¯“¨?
Event: 0.048 Thread 0x00000000022b0800 Exception <a 'java/lang/NoSuchMethodError': Method sun.misc.Unsafe.prefetchRead(Ljava/lang/Object;J)V name or signature does not match> (0x00000000eab07fa8) thrown at [C:\src\android\AOSP-openjdk\external\jetbrains\jdk\hotspot\src\share\vm\prims\jni.cpp, l

Events (10 events):
Event: 1.163 Thread 0x000000001663b000 DEOPT PACKING pc=0x000000000265f08c sp=0x0000000016dde7c0
Event: 1.163 Thread 0x000000001663b000 DEOPT UNPACKING pc=0x00000000023f556a sp=0x0000000016dde710 mode 2
Event: 1.182 loading class java/util/DualPivotQuicksort
Event: 1.182 loading class java/util/DualPivotQuicksort done
Event: 1.188 loading class com/android/dx/cf/attrib/AttDeprecated
Event: 1.188 loading class com/android/dx/cf/attrib/AttDeprecated done
Event: 1.189 loading class com/android/dx/cf/attrib/AttRuntimeVisibleAnnotations
Event: 1.189 loading class com/android/dx/cf/attrib/AttRuntimeVisibleAnnotations done
Event: 1.244 loading class com/android/dx/cf/attrib/AttExceptions
Event: 1.244 loading class com/android/dx/cf/attrib/AttExceptions done


Dynamic libraries:
0x00007ff771170000 - 0x00007ff7711a1000 	D:\Program Files\jre\bin\java.exe
0x00007ffd58210000 - 0x00007ffd583e1000 	C:\WINDOWS\SYSTEM32\ntdll.dll
0x00007ffd55860000 - 0x00007ffd5590b000 	C:\WINDOWS\System32\KERNEL32.DLL
0x00007ffd549b0000 - 0x00007ffd54bcd000 	C:\WINDOWS\System32\KERNELBASE.dll
0x00007ffd557a0000 - 0x00007ffd55842000 	C:\WINDOWS\System32\ADVAPI32.dll
0x00007ffd56290000 - 0x00007ffd5632e000 	C:\WINDOWS\System32\msvcrt.dll
0x00007ffd559f0000 - 0x00007ffd55a49000 	C:\WINDOWS\System32\sechost.dll
0x00007ffd55a50000 - 0x00007ffd55b71000 	C:\WINDOWS\System32\RPCRT4.dll
0x00007ffd56330000 - 0x00007ffd56495000 	C:\WINDOWS\System32\USER32.dll
0x00007ffd54e20000 - 0x00007ffd54e3e000 	C:\WINDOWS\System32\win32u.dll
0x00007ffd57fa0000 - 0x00007ffd57fd4000 	C:\WINDOWS\System32\GDI32.dll
0x00007ffd54c90000 - 0x00007ffd54e12000 	C:\WINDOWS\System32\gdi32full.dll
0x00007ffd4a950000 - 0x00007ffd4abc9000 	C:\WINDOWS\WinSxS\amd64_microsoft.windows.common-controls_6595b64144ccf1df_6.0.14393.447_none_42191651c6827bb3\COMCTL32.dll
0x00007ffd56600000 - 0x00007ffd568c7000 	C:\WINDOWS\System32\combase.dll
0x00007ffd54800000 - 0x00007ffd548f5000 	C:\WINDOWS\System32\ucrtbase.dll
0x00007ffd54c20000 - 0x00007ffd54c8a000 	C:\WINDOWS\System32\bcryptPrimitives.dll
0x00007ffd568e0000 - 0x00007ffd5690e000 	C:\WINDOWS\System32\IMM32.DLL
0x0000000064610000 - 0x00000000646e2000 	D:\Program Files\jre\jre\bin\msvcr100.dll
0x00000000646f0000 - 0x0000000064f24000 	D:\Program Files\jre\jre\bin\server\jvm.dll
0x00007ffd568d0000 - 0x00007ffd568d8000 	C:\WINDOWS\System32\PSAPI.DLL
0x00007ffd42c70000 - 0x00007ffd42c79000 	C:\WINDOWS\SYSTEM32\WSOCK32.dll
0x00007ffd581a0000 - 0x00007ffd5820a000 	C:\WINDOWS\System32\WS2_32.dll
0x00007ffd52520000 - 0x00007ffd52543000 	C:\WINDOWS\SYSTEM32\WINMM.dll
0x00007ffd44110000 - 0x00007ffd4411a000 	C:\WINDOWS\SYSTEM32\VERSION.dll
0x00007ffd524f0000 - 0x00007ffd5251b000 	C:\WINDOWS\SYSTEM32\WINMMBASE.dll
0x00007ffd54bd0000 - 0x00007ffd54c12000 	C:\WINDOWS\System32\cfgmgr32.dll
0x00007ffd51510000 - 0x00007ffd5151f000 	D:\Program Files\jre\jre\bin\verify.dll
0x00007ffd48350000 - 0x00007ffd48379000 	D:\Program Files\jre\jre\bin\java.dll
0x00007ffd4a380000 - 0x00007ffd4a396000 	D:\Program Files\jre\jre\bin\zip.dll
0x00007ffd56a10000 - 0x00007ffd57f19000 	C:\WINDOWS\System32\SHELL32.dll
0x00007ffd550c0000 - 0x00007ffd5579a000 	C:\WINDOWS\System32\windows.storage.dll
0x00007ffd546a0000 - 0x00007ffd546ec000 	C:\WINDOWS\System32\powrprof.dll
0x00007ffd56910000 - 0x00007ffd56962000 	C:\WINDOWS\System32\shlwapi.dll
0x00007ffd546f0000 - 0x00007ffd546ff000 	C:\WINDOWS\System32\kernel.appcore.dll
0x00007ffd54900000 - 0x00007ffd549a9000 	C:\WINDOWS\System32\shcore.dll
0x00007ffd54680000 - 0x00007ffd54694000 	C:\WINDOWS\System32\profapi.dll

VM Arguments:
jvm_args: -Djava.awt.headless=true -Xmx1024M -Dfile.encoding=windows-1252 -Duser.country=IN -Duser.language=en -Duser.variant 
java_command: com.android.dx.command.Main --dex --force-jumbo --num-threads=4 --multi-dex --output C:\Users\Goodbox\AndroidStudioProjects\StockHawk-master\app\build\intermediates\transforms\dex\debug\folders\1000\10\com.google.android.gms-play-services-base-9.6.1_53d0356728a80a2df5ecdb774e5b3b7bbab8fbd4 C:\Users\Goodbox\AndroidStudioProjects\StockHawk-master\app\build\intermediates\exploded-aar\com.google.android.gms\play-services-base\9.6.1\jars\classes.jar
java_class_path (initial): C:\Users\Goodbox\AppData\Local\Android\Sdk\build-tools\23.0.1\lib\dx.jar
Launcher Type: SUN_STANDARD

Environment Variables:
JRE_HOME=D:\Program Files\jre
PATH=C:\WINDOWS\system32;C:\WINDOWS;C:\WINDOWS\System32\Wbem;C:\WINDOWS\System32\WindowsPowerShell\v1.0\;C:\Program Files\Intel\WiFi\bin\;C:\Program Files\Common Files\Intel\WirelessCommon\;C:\Program Files (x86)\Calibre2\;C:\Program Files (x86)\Windows Live\Shared;%JRE_HOME%\bin;%GRADLE_HOME%\bin;C:\Users\Goodbox\AppData\Local\Microsoft\WindowsApps;D:\Program Files\jre\bin;C:\gradle-3.2.1\bin
USERNAME=Goodbox
OS=Windows_NT
PROCESSOR_IDENTIFIER=Intel64 Family 6 Model 61 Stepping 4, GenuineIntel



---------------  S Y S T E M  ---------------

OS: Windows 10.0 , 64 bit Build 14393 (10.0.14393.0)

CPU:total 4 (2 cores per cpu, 2 threads per core) family 6 model 61 stepping 4, cmov, cx8, fxsr, mmx, sse, sse2, sse3, ssse3, sse4.1, sse4.2, popcnt, avx, avx2, aes, clmul, erms, 3dnowpref, lzcnt, ht, tsc, tscinvbit, bmi1, bmi2, adx

Memory: 4k page, physical 4096780k(247816k free), swap 11783432k(4224k free)

vm_info: OpenJDK 64-Bit Server VM (25.76-b03) for windows-amd64 JRE (1.8.0_76-release-b03), built on Jun 29 2016 19:09:20 by "ralucas" with MS VC++ 10.0 (VS2010)

time: Sun Dec 18 22:04:10 2016
elapsed time: 1 seconds (0d 0h 0m 1s)

