#
# There is insufficient memory for the Java Runtime Environment to continue.
# Native memory allocation (malloc) failed to allocate 363296 bytes for Chunk::new
# Possible reasons:
#   The system is out of physical RAM or swap space
#   In 32 bit mode, the process size limit was hit
# Possible solutions:
#   Reduce memory load on the system
#   Increase physical memory or swap space
#   Check if swap backing store is full
#   Use 64 bit Java on a 64 bit OS
#   Decrease Java heap size (-Xmx/-Xms)
#   Decrease number of Java threads
#   Decrease Java thread stack sizes (-Xss)
#   Set larger code cache with -XX:ReservedCodeCacheSize=
# This output file may be truncated or incomplete.
#
#  Out of Memory Error (allocation.cpp:390), pid=8432, tid=0x0000000000000558
#
# JRE version: OpenJDK Runtime Environment (8.0_76-b03) (build 1.8.0_76-release-b03)
# Java VM: OpenJDK 64-Bit Server VM (25.76-b03 mixed mode windows-amd64 compressed oops)
# Failed to write core dump. Minidumps are not enabled by default on client versions of Windows
#

---------------  T H R E A D  ---------------

Current thread (0x000000001504c000):  JavaThread "C2 CompilerThread0" daemon [_thread_in_native, id=1368, stack(0x00000000166b0000,0x00000000167b0000)]

Stack: [0x00000000166b0000,0x00000000167b0000]
[error occurred during error reporting (printing stack bounds), id 0xc0000005]

Native frames: (J=compiled Java code, j=interpreted, Vv=VM code, C=native code)


Current CompileTask:
C2:   4035 1324       4       com.android.dx.dex.code.OutputFinisher::addConstants (68 bytes)


---------------  P R O C E S S  ---------------

Java Threads: ( => current thread )
  0x0000000016b0a000 JavaThread "pool-1-thread-1" [_thread_in_vm, id=9928, stack(0x0000000018c80000,0x0000000018d80000)]
  0x00000000150ab800 JavaThread "Service Thread" daemon [_thread_blocked, id=6128, stack(0x0000000016db0000,0x0000000016eb0000)]
  0x00000000150a8000 JavaThread "C1 CompilerThread2" daemon [_thread_blocked, id=11308, stack(0x00000000168b0000,0x00000000169b0000)]
  0x000000001504f800 JavaThread "C2 CompilerThread1" daemon [_thread_in_native, id=5776, stack(0x00000000167b0000,0x00000000168b0000)]
=>0x000000001504c000 JavaThread "C2 CompilerThread0" daemon [_thread_in_native, id=1368, stack(0x00000000166b0000,0x00000000167b0000)]
  0x000000001504a000 JavaThread "Attach Listener" daemon [_thread_blocked, id=1116, stack(0x00000000165b0000,0x00000000166b0000)]
  0x0000000015049000 JavaThread "Signal Dispatcher" daemon [_thread_blocked, id=5240, stack(0x00000000164b0000,0x00000000165b0000)]
  0x0000000015038800 JavaThread "Finalizer" daemon [_thread_blocked, id=12792, stack(0x00000000162c0000,0x00000000163c0000)]
  0x000000000296f000 JavaThread "Reference Handler" daemon [_thread_blocked, id=10996, stack(0x00000000161c0000,0x00000000162c0000)]
  0x0000000002880800 JavaThread "main" [_thread_blocked, id=5740, stack(0x00000000026e0000,0x00000000027e0000)]

Other Threads:
  0x0000000015015000 VMThread [stack: 0x00000000160c0000,0x00000000161c0000] [id=576]
  0x00000000150ae000 WatcherThread [stack: 0x0000000016eb0000,0x0000000016fb0000] [id=12788]

VM state:not at safepoint (normal execution)

VM Mutex/Monitor currently owned by a thread: None

Heap:
 PSYoungGen      total 18944K, used 18786K [0x00000000eab00000, 0x00000000ec000000, 0x0000000100000000)
  eden space 16384K, 99% used [0x00000000eab00000,0x00000000ebadda68,0x00000000ebb00000)
  from space 2560K, 99% used [0x00000000ebb00000,0x00000000ebd7aec8,0x00000000ebd80000)
  to   space 2560K, 0% used [0x00000000ebd80000,0x00000000ebd80000,0x00000000ec000000)
 ParOldGen       total 44032K, used 1708K [0x00000000c0000000, 0x00000000c2b00000, 0x00000000eab00000)
  object space 44032K, 3% used [0x00000000c0000000,0x00000000c01ab000,0x00000000c2b00000)
 Metaspace       used 5961K, capacity 7024K, committed 7296K, reserved 1056768K
  class space    used 574K, capacity 616K, committed 640K, reserved 1048576K

Card table byte_map: [0x0000000011d40000,0x0000000011f50000] byte_map_base: 0x0000000011740000

Marking Bits: (ParMarkBitMap*) 0x0000000064ea9d00
 Begin Bits: [0x00000000124b0000, 0x00000000134b0000)
 End Bits:   [0x00000000134b0000, 0x00000000144b0000)

Polling page: 0x0000000000e00000

CodeCache: size=245760Kb used=5500Kb max_used=5500Kb free=240259Kb
 bounds [0x0000000002980000, 0x0000000002ef0000, 0x0000000011980000]
 total_blobs=1615 nmethods=1347 adapters=182
 compilation: enabled

Compilation events (10 events):
Event: 4.003 Thread 0x00000000150a8000 1348       3       com.android.dx.dex.file.MemberIdItem::addContents (26 bytes)
Event: 4.003 Thread 0x00000000150a8000 nmethod 1348 0x0000000002ee1350 code [0x0000000002ee1520, 0x0000000002ee1f48]
Event: 4.003 Thread 0x00000000150a8000 1349       3       com.android.dx.dex.file.IdItem::addContents (15 bytes)
Event: 4.004 Thread 0x00000000150a8000 nmethod 1349 0x0000000002ee23d0 code [0x0000000002ee2540, 0x0000000002ee27e8]
Event: 4.004 Thread 0x00000000150a8000 1351  s    3       com.android.dx.dex.file.TypeIdsSection::intern (62 bytes)
Event: 4.004 Thread 0x00000000150a8000 nmethod 1351 0x0000000002ee28d0 code [0x0000000002ee2ae0, 0x0000000002ee36c8]
Event: 4.005 Thread 0x00000000150a8000 1352       1       com.android.dx.dex.file.DexFile::getTypeLists (5 bytes)
Event: 4.005 Thread 0x00000000150a8000 nmethod 1352 0x0000000002ee3c90 code [0x0000000002ee3de0, 0x0000000002ee3ef0]
Event: 4.006 Thread 0x00000000150a8000 1353       1       com.android.dx.dex.file.DexFile::getStringData (5 bytes)
Event: 4.006 Thread 0x00000000150a8000 nmethod 1353 0x0000000002ee3f50 code [0x0000000002ee40a0, 0x0000000002ee41b0]

GC Heap History (2 events):
Event: 3.050 GC heap before
{Heap before GC invocations=1 (full 0):
 PSYoungGen      total 18944K, used 16384K [0x00000000eab00000, 0x00000000ec000000, 0x0000000100000000)
  eden space 16384K, 100% used [0x00000000eab00000,0x00000000ebb00000,0x00000000ebb00000)
  from space 2560K, 0% used [0x00000000ebd80000,0x00000000ebd80000,0x00000000ec000000)
  to   space 2560K, 0% used [0x00000000ebb00000,0x00000000ebb00000,0x00000000ebd80000)
 ParOldGen       total 44032K, used 0K [0x00000000c0000000, 0x00000000c2b00000, 0x00000000eab00000)
  object space 44032K, 0% used [0x00000000c0000000,0x00000000c0000000,0x00000000c2b00000)
 Metaspace       used 5648K, capacity 6768K, committed 7040K, reserved 1056768K
  class space    used 565K, capacity 616K, committed 640K, reserved 1048576K
Event: 3.062 GC heap after
Heap after GC invocations=1 (full 0):
 PSYoungGen      total 18944K, used 2539K [0x00000000eab00000, 0x00000000ec000000, 0x0000000100000000)
  eden space 16384K, 0% used [0x00000000eab00000,0x00000000eab00000,0x00000000ebb00000)
  from space 2560K, 99% used [0x00000000ebb00000,0x00000000ebd7aec8,0x00000000ebd80000)
  to   space 2560K, 0% used [0x00000000ebd80000,0x00000000ebd80000,0x00000000ec000000)
 ParOldGen       total 44032K, used 1708K [0x00000000c0000000, 0x00000000c2b00000, 0x00000000eab00000)
  object space 44032K, 3% used [0x00000000c0000000,0x00000000c01ab000,0x00000000c2b00000)
 Metaspace       used 5648K, capacity 6768K, committed 7040K, reserved 1056768K
  class space    used 565K, capacity 616K, committed 640K, reserved 1048576K
}

Deoptimization events (10 events):
Event: 3.961 Thread 0x0000000016b0a000 Uncommon trap: reason=class_check action=maybe_recompile pc=0x0000000002e87688 method=java.util.Arrays.hashCode([Ljava/lang/Object;)I @ 43
Event: 3.961 Thread 0x0000000016b0a000 Uncommon trap: reason=class_check action=maybe_recompile pc=0x0000000002e87688 method=java.util.Arrays.hashCode([Ljava/lang/Object;)I @ 43
Event: 3.964 Thread 0x0000000016b0a000 Uncommon trap: reason=class_check action=maybe_recompile pc=0x0000000002e87688 method=java.util.Arrays.hashCode([Ljava/lang/Object;)I @ 43
Event: 3.964 Thread 0x0000000016b0a000 Uncommon trap: reason=class_check action=maybe_recompile pc=0x0000000002e87688 method=java.util.Arrays.hashCode([Ljava/lang/Object;)I @ 43
Event: 3.964 Thread 0x0000000016b0a000 Uncommon trap: reason=class_check action=maybe_recompile pc=0x0000000002e1d568 method=java.util.Arrays.hashCode([Ljava/lang/Object;)I @ 43
Event: 3.971 Thread 0x0000000016b0a000 Uncommon trap: reason=class_check action=maybe_recompile pc=0x0000000002de7bc0 method=java.util.HashMap.putVal(ILjava/lang/Object;Ljava/lang/Object;ZZ)Ljava/lang/Object; @ 203
Event: 3.975 Thread 0x0000000016b0a000 Uncommon trap: reason=class_check action=maybe_recompile pc=0x0000000002de7bc0 method=java.util.HashMap.putVal(ILjava/lang/Object;Ljava/lang/Object;ZZ)Ljava/lang/Object; @ 203
Event: 3.975 Thread 0x0000000016b0a000 Uncommon trap: reason=class_check action=maybe_recompile pc=0x0000000002de7bc0 method=java.util.HashMap.putVal(ILjava/lang/Object;Ljava/lang/Object;ZZ)Ljava/lang/Object; @ 203
Event: 4.004 Thread 0x0000000016b0a000 Uncommon trap: reason=bimorphic action=maybe_recompile pc=0x0000000002bd5ecc method=java.util.HashMap.getNode(ILjava/lang/Object;)Ljava/util/HashMap$Node; @ 126
Event: 4.004 Thread 0x0000000016b0a000 Uncommon trap: reason=bimorphic action=maybe_recompile pc=0x0000000002bd5ecc method=java.util.HashMap.getNode(ILjava/lang/Object;)Ljava/util/HashMap$Node; @ 126

Internal exceptions (2 events):
Event: 0.393 Thread 0x0000000002880800 Exception <a 'java/lang/NoSuchMethodError': Method sun.misc.Unsafe.defineClass(Ljava/lang/String;[BII)Ljava/lang/Class; name or signature does not match> (0x00000000eab07cc0) thrown at [C:\src\android\AOSP-openjdk\external\jetbrains\jdk\hotspot\src\share\v€√IF(Ÿ?
Event: 0.393 Thread 0x0000000002880800 Exception <a 'java/lang/NoSuchMethodError': Method sun.misc.Unsafe.prefetchRead(Ljava/lang/Object;J)V name or signature does not match> (0x00000000eab07fa8) thrown at [C:\src\android\AOSP-openjdk\external\jetbrains\jdk\hotspot\src\share\vm\prims\jni.cpp, l

Events (10 events):
Event: 3.995 loading class com/android/dx/dex/file/ProtoIdItem
Event: 3.995 loading class com/android/dx/dex/file/ProtoIdItem done
Event: 4.004 Thread 0x0000000016b0a000 Uncommon trap: trap_request=0xffffffc6 fr.pc=0x0000000002bd5ecc
Event: 4.004 Thread 0x0000000016b0a000 DEOPT PACKING pc=0x0000000002bd5ecc sp=0x0000000018d7e9d0
Event: 4.004 Thread 0x0000000016b0a000 DEOPT UNPACKING pc=0x00000000029c556a sp=0x0000000018d7e908 mode 2
Event: 4.004 Thread 0x0000000016b0a000 Uncommon trap: trap_request=0xffffffc6 fr.pc=0x0000000002bd5ecc
Event: 4.004 Thread 0x0000000016b0a000 DEOPT PACKING pc=0x0000000002bd5ecc sp=0x0000000018d7e9d0
Event: 4.004 Thread 0x0000000016b0a000 DEOPT UNPACKING pc=0x00000000029c556a sp=0x0000000018d7e908 mode 2
Event: 4.005 loading class com/android/dex/Leb128
Event: 4.005 loading class com/android/dex/Leb128 done


Dynamic libraries:
0x00007ff771170000 - 0x00007ff7711a1000 	D:\Program Files\jre\bin\java.exe
0x00007ffd58210000 - 0x00007ffd583e1000 	C:\WINDOWS\SYSTEM32\ntdll.dll
0x00007ffd55860000 - 0x00007ffd5590b000 	C:\WINDOWS\System32\KERNEL32.DLL
0x00007ffd549b0000 - 0x00007ffd54bcd000 	C:\WINDOWS\System32\KERNELBASE.dll
0x00007ffd557a0000 - 0x00007ffd55842000 	C:\WINDOWS\System32\ADVAPI32.dll
0x00007ffd56290000 - 0x00007ffd5632e000 	C:\WINDOWS\System32\msvcrt.dll
0x00007ffd559f0000 - 0x00007ffd55a49000 	C:\WINDOWS\System32\sechost.dll
0x00007ffd55a50000 - 0x00007ffd55b71000 	C:\WINDOWS\System32\RPCRT4.dll
0x00007ffd56330000 - 0x00007ffd56495000 	C:\WINDOWS\System32\USER32.dll
0x00007ffd54e20000 - 0x00007ffd54e3e000 	C:\WINDOWS\System32\win32u.dll
0x00007ffd57fa0000 - 0x00007ffd57fd4000 	C:\WINDOWS\System32\GDI32.dll
0x00007ffd54c90000 - 0x00007ffd54e12000 	C:\WINDOWS\System32\gdi32full.dll
0x00007ffd4a950000 - 0x00007ffd4abc9000 	C:\WINDOWS\WinSxS\amd64_microsoft.windows.common-controls_6595b64144ccf1df_6.0.14393.447_none_42191651c6827bb3\COMCTL32.dll
0x00007ffd56600000 - 0x00007ffd568c7000 	C:\WINDOWS\System32\combase.dll
0x00007ffd54800000 - 0x00007ffd548f5000 	C:\WINDOWS\System32\ucrtbase.dll
0x00007ffd54c20000 - 0x00007ffd54c8a000 	C:\WINDOWS\System32\bcryptPrimitives.dll
0x00007ffd568e0000 - 0x00007ffd5690e000 	C:\WINDOWS\System32\IMM32.DLL
0x0000000064610000 - 0x00000000646e2000 	D:\Program Files\jre\jre\bin\msvcr100.dll
0x00000000646f0000 - 0x0000000064f24000 	D:\Program Files\jre\jre\bin\server\jvm.dll
0x00007ffd568d0000 - 0x00007ffd568d8000 	C:\WINDOWS\System32\PSAPI.DLL
0x00007ffd42c70000 - 0x00007ffd42c79000 	C:\WINDOWS\SYSTEM32\WSOCK32.dll
0x00007ffd581a0000 - 0x00007ffd5820a000 	C:\WINDOWS\System32\WS2_32.dll
0x00007ffd52520000 - 0x00007ffd52543000 	C:\WINDOWS\SYSTEM32\WINMM.dll
0x00007ffd44110000 - 0x00007ffd4411a000 	C:\WINDOWS\SYSTEM32\VERSION.dll
0x00007ffd524f0000 - 0x00007ffd5251b000 	C:\WINDOWS\SYSTEM32\WINMMBASE.dll
0x00007ffd54bd0000 - 0x00007ffd54c12000 	C:\WINDOWS\System32\cfgmgr32.dll
0x00007ffd51510000 - 0x00007ffd5151f000 	D:\Program Files\jre\jre\bin\verify.dll
0x00007ffd48350000 - 0x00007ffd48379000 	D:\Program Files\jre\jre\bin\java.dll
0x00007ffd4a380000 - 0x00007ffd4a396000 	D:\Program Files\jre\jre\bin\zip.dll
0x00007ffd56a10000 - 0x00007ffd57f19000 	C:\WINDOWS\System32\SHELL32.dll
0x00007ffd550c0000 - 0x00007ffd5579a000 	C:\WINDOWS\System32\windows.storage.dll
0x00007ffd546a0000 - 0x00007ffd546ec000 	C:\WINDOWS\System32\powrprof.dll
0x00007ffd56910000 - 0x00007ffd56962000 	C:\WINDOWS\System32\shlwapi.dll
0x00007ffd546f0000 - 0x00007ffd546ff000 	C:\WINDOWS\System32\kernel.appcore.dll
0x00007ffd54900000 - 0x00007ffd549a9000 	C:\WINDOWS\System32\shcore.dll
0x00007ffd54680000 - 0x00007ffd54694000 	C:\WINDOWS\System32\profapi.dll

VM Arguments:
jvm_args: -Djava.awt.headless=true -Xmx1024M -Dfile.encoding=windows-1252 -Duser.country=IN -Duser.language=en -Duser.variant 
java_command: com.android.dx.command.Main --dex --force-jumbo --num-threads=4 --multi-dex --output C:\Users\Goodbox\AndroidStudioProjects\StockHawk-master\app\build\intermediates\transforms\dex\debug\folders\1000\10\com.android.support-gridlayout-v7-23.3.0_7bbed80acefcb34d06c8e94f9da99336954c083e C:\Users\Goodbox\AndroidStudioProjects\StockHawk-master\app\build\intermediates\exploded-aar\com.android.support\gridlayout-v7\23.3.0\jars\classes.jar
java_class_path (initial): C:\Users\Goodbox\AppData\Local\Android\Sdk\build-tools\23.0.1\lib\dx.jar
Launcher Type: SUN_STANDARD

Environment Variables:
JRE_HOME=D:\Program Files\jre
PATH=C:\WINDOWS\system32;C:\WINDOWS;C:\WINDOWS\System32\Wbem;C:\WINDOWS\System32\WindowsPowerShell\v1.0\;C:\Program Files\Intel\WiFi\bin\;C:\Program Files\Common Files\Intel\WirelessCommon\;C:\Program Files (x86)\Calibre2\;C:\Program Files (x86)\Windows Live\Shared;%JRE_HOME%\bin;%GRADLE_HOME%\bin;C:\Users\Goodbox\AppData\Local\Microsoft\WindowsApps;D:\Program Files\jre\bin;C:\gradle-3.2.1\bin
USERNAME=Goodbox
OS=Windows_NT
PROCESSOR_IDENTIFIER=Intel64 Family 6 Model 61 Stepping 4, GenuineIntel



---------------  S Y S T E M  ---------------

OS: Windows 10.0 , 64 bit Build 14393 (10.0.14393.0)

CPU:total 4 (2 cores per cpu, 2 threads per core) family 6 model 61 stepping 4, cmov, cx8, fxsr, mmx, sse, sse2, sse3, ssse3, sse4.1, sse4.2, popcnt, avx, avx2, aes, clmul, erms, 3dnowpref, lzcnt, ht, tsc, tscinvbit, bmi1, bmi2, adx

Memory: 4k page, physical 4096780k(227268k free), swap 11783432k(5316k free)

vm_info: OpenJDK 64-Bit Server VM (25.76-b03) for windows-amd64 JRE (1.8.0_76-release-b03), built on Jun 29 2016 19:09:20 by "ralucas" with MS VC++ 10.0 (VS2010)

time: Sun Dec 18 22:04:01 2016
elapsed time: 4 seconds (0d 0h 0m 4s)

