#
# There is insufficient memory for the Java Runtime Environment to continue.
# Native memory allocation (malloc) failed to allocate 32744 bytes for ChunkPool::allocate
# Possible reasons:
#   The system is out of physical RAM or swap space
#   In 32 bit mode, the process size limit was hit
# Possible solutions:
#   Reduce memory load on the system
#   Increase physical memory or swap space
#   Check if swap backing store is full
#   Use 64 bit Java on a 64 bit OS
#   Decrease Java heap size (-Xmx/-Xms)
#   Decrease number of Java threads
#   Decrease Java thread stack sizes (-Xss)
#   Set larger code cache with -XX:ReservedCodeCacheSize=
# This output file may be truncated or incomplete.
#
#  Out of Memory Error (allocation.cpp:273), pid=10812, tid=0x0000000000001b84
#
# JRE version: OpenJDK Runtime Environment (8.0_76-b03) (build 1.8.0_76-release-b03)
# Java VM: OpenJDK 64-Bit Server VM (25.76-b03 mixed mode windows-amd64 compressed oops)
# Failed to write core dump. Minidumps are not enabled by default on client versions of Windows
#

---------------  T H R E A D  ---------------

Current thread (0x00000000157ba000):  JavaThread "C1 CompilerThread2" daemon [_thread_in_native, id=7044, stack(0x0000000016fa0000,0x00000000170a0000)]

Stack: [0x0000000016fa0000,0x00000000170a0000]
[error occurred during error reporting (printing stack bounds), id 0xc0000005]

Native frames: (J=compiled Java code, j=interpreted, Vv=VM code, C=native code)


Current CompileTask:
C1:    515  159   !   3       com.android.dx.cf.cst.ConstantPoolParser::parse0 (731 bytes)


---------------  P R O C E S S  ---------------

Java Threads: ( => current thread )
  0x000000001722a800 JavaThread "pool-2-thread-3" [_thread_new, id=5708, stack(0x0000000000000000,0x0000000000000000)]
  0x00000000171f8800 JavaThread "pool-2-thread-2" [_thread_in_vm, id=3608, stack(0x00000000178a0000,0x00000000179a0000)]
  0x00000000171de000 JavaThread "pool-3-thread-1" [_thread_blocked, id=2892, stack(0x00000000177a0000,0x00000000178a0000)]
  0x00000000171dd000 JavaThread "pool-2-thread-1" [_thread_blocked, id=10432, stack(0x00000000176a0000,0x00000000177a0000)]
  0x00000000157be000 JavaThread "Service Thread" daemon [_thread_blocked, id=7812, stack(0x00000000174a0000,0x00000000175a0000)]
=>0x00000000157ba000 JavaThread "C1 CompilerThread2" daemon [_thread_in_native, id=7044, stack(0x0000000016fa0000,0x00000000170a0000)]
  0x00000000157ac000 JavaThread "C2 CompilerThread1" daemon [_thread_blocked, id=768, stack(0x0000000016ea0000,0x0000000016fa0000)]
  0x000000001575a800 JavaThread "C2 CompilerThread0" daemon [_thread_blocked, id=5388, stack(0x0000000016da0000,0x0000000016ea0000)]
  0x0000000015759000 JavaThread "Attach Listener" daemon [_thread_blocked, id=14076, stack(0x0000000016ca0000,0x0000000016da0000)]
  0x0000000015757800 JavaThread "Signal Dispatcher" daemon [_thread_blocked, id=11000, stack(0x0000000016ba0000,0x0000000016ca0000)]
  0x0000000015748800 JavaThread "Finalizer" daemon [_thread_blocked, id=12144, stack(0x00000000169b0000,0x0000000016ab0000)]
  0x0000000002f8f000 JavaThread "Reference Handler" daemon [_thread_blocked, id=6288, stack(0x00000000168b0000,0x00000000169b0000)]
  0x0000000002ea0800 JavaThread "main" [_thread_in_native, id=2444, stack(0x0000000002d10000,0x0000000002e10000)]

Other Threads:
  0x0000000015724800 VMThread [stack: 0x00000000167b0000,0x00000000168b0000] [id=9116]
  0x00000000170a3800 WatcherThread [stack: 0x00000000175a0000,0x00000000176a0000] [id=9688]

VM state:not at safepoint (normal execution)

VM Mutex/Monitor currently owned by a thread: None

Heap:
 PSYoungGen      total 18944K, used 4977K [0x00000000eab00000, 0x00000000ec000000, 0x0000000100000000)
  eden space 16384K, 30% used [0x00000000eab00000,0x00000000eafdc6a8,0x00000000ebb00000)
  from space 2560K, 0% used [0x00000000ebd80000,0x00000000ebd80000,0x00000000ec000000)
  to   space 2560K, 0% used [0x00000000ebb00000,0x00000000ebb00000,0x00000000ebd80000)
 ParOldGen       total 44032K, used 0K [0x00000000c0000000, 0x00000000c2b00000, 0x00000000eab00000)
  object space 44032K, 0% used [0x00000000c0000000,0x00000000c0000000,0x00000000c2b00000)
 Metaspace       used 3894K, capacity 5392K, committed 5760K, reserved 1058816K
  class space    used 427K, capacity 520K, committed 640K, reserved 1048576K

Card table byte_map: [0x0000000012450000,0x0000000012660000] byte_map_base: 0x0000000011e50000

Marking Bits: (ParMarkBitMap*) 0x0000000064ea9d00
 Begin Bits: [0x0000000012bc0000, 0x0000000013bc0000)
 End Bits:   [0x0000000013bc0000, 0x0000000014bc0000)

Polling page: 0x00000000014a0000

CodeCache: size=245760Kb used=1354Kb max_used=1365Kb free=244405Kb
 bounds [0x0000000003090000, 0x0000000003300000, 0x0000000012090000]
 total_blobs=410 nmethods=160 adapters=164
 compilation: enabled

Compilation events (10 events):
Event: 0.501 Thread 0x00000000157ba000 nmethod 155 0x00000000031dfa50 code [0x00000000031dfbc0, 0x00000000031dff50]
Event: 0.502 Thread 0x00000000157ba000  156       3       com.android.dx.util.MutabilityControl::throwIfImmutable (18 bytes)
Event: 0.502 Thread 0x00000000157ba000 nmethod 156 0x00000000031df590 code [0x00000000031df700, 0x00000000031df968]
Event: 0.509 Thread 0x00000000157ba000  158       3       java.util.HashMap::put (13 bytes)
Event: 0.510 Thread 0x00000000157ba000 nmethod 158 0x00000000031e1d10 code [0x00000000031e1ea0, 0x00000000031e2258]
Event: 0.510 Thread 0x00000000157ba000  159   !   3       com.android.dx.cf.cst.ConstantPoolParser::parse0 (731 bytes)
Event: 0.510 Thread 0x000000001575a800  162       4       com.android.dx.util.ByteArray::checkOffsets (66 bytes)
Event: 0.510 Thread 0x00000000157ac000  163       4       com.android.dx.util.ByteArray::getUnsignedByte (14 bytes)
Event: 0.511 Thread 0x000000001575a800 nmethod 162 0x00000000031e5050 code [0x00000000031e5180, 0x00000000031e5238]
Event: 0.511 Thread 0x00000000157ac000 nmethod 163 0x00000000031e3790 code [0x00000000031e38e0, 0x00000000031e39f8]

GC Heap History (0 events):
No events

Deoptimization events (0 events):
No events

Internal exceptions (2 events):
Event: 0.054 Thread 0x0000000002ea0800 Exception <a 'java/lang/NoSuchMethodError': Method sun.misc.Unsafe.defineClass(Ljava/lang/String;[BII)Ljava/lang/Class; name or signature does not match> (0x00000000eab07cc0) thrown at [C:\src\android\AOSP-openjdk\external\jetbrains\jdk\hotspot\src\share\vç™8JÄ´?
Event: 0.054 Thread 0x0000000002ea0800 Exception <a 'java/lang/NoSuchMethodError': Method sun.misc.Unsafe.prefetchRead(Ljava/lang/Object;J)V name or signature does not match> (0x00000000eab07fa8) thrown at [C:\src\android\AOSP-openjdk\external\jetbrains\jdk\hotspot\src\share\vm\prims\jni.cpp, l

Events (10 events):
Event: 0.510 loading class com/android/dx/cf/code/Simulator done
Event: 0.510 loading class com/android/dx/cf/code/Simulator$SimVisitor
Event: 0.510 loading class com/android/dx/cf/code/Simulator$SimVisitor done
Event: 0.512 loading class com/android/dx/cf/code/Frame
Event: 0.512 loading class com/android/dx/cf/code/Frame done
Event: 0.512 Thread 0x000000001722a800 Thread added: 0x000000001722a800
Event: 0.512 loading class com/android/dx/cf/code/Ropper$Subroutine
Event: 0.512 loading class com/android/dx/cf/code/Ropper$Subroutine done
Event: 0.513 loading class com/android/dx/cf/code/Ropper$CatchInfo
Event: 0.513 loading class com/android/dx/cf/code/Ropper$CatchInfo done


Dynamic libraries:
0x00007ff771170000 - 0x00007ff7711a1000 	D:\Program Files\jre\bin\java.exe
0x00007ffd58210000 - 0x00007ffd583e1000 	C:\WINDOWS\SYSTEM32\ntdll.dll
0x00007ffd55860000 - 0x00007ffd5590b000 	C:\WINDOWS\System32\KERNEL32.DLL
0x00007ffd549b0000 - 0x00007ffd54bcd000 	C:\WINDOWS\System32\KERNELBASE.dll
0x00007ffd557a0000 - 0x00007ffd55842000 	C:\WINDOWS\System32\ADVAPI32.dll
0x00007ffd56290000 - 0x00007ffd5632e000 	C:\WINDOWS\System32\msvcrt.dll
0x00007ffd559f0000 - 0x00007ffd55a49000 	C:\WINDOWS\System32\sechost.dll
0x00007ffd55a50000 - 0x00007ffd55b71000 	C:\WINDOWS\System32\RPCRT4.dll
0x00007ffd56330000 - 0x00007ffd56495000 	C:\WINDOWS\System32\USER32.dll
0x00007ffd54e20000 - 0x00007ffd54e3e000 	C:\WINDOWS\System32\win32u.dll
0x00007ffd57fa0000 - 0x00007ffd57fd4000 	C:\WINDOWS\System32\GDI32.dll
0x00007ffd54c90000 - 0x00007ffd54e12000 	C:\WINDOWS\System32\gdi32full.dll
0x00007ffd4a950000 - 0x00007ffd4abc9000 	C:\WINDOWS\WinSxS\amd64_microsoft.windows.common-controls_6595b64144ccf1df_6.0.14393.447_none_42191651c6827bb3\COMCTL32.dll
0x00007ffd56600000 - 0x00007ffd568c7000 	C:\WINDOWS\System32\combase.dll
0x00007ffd54800000 - 0x00007ffd548f5000 	C:\WINDOWS\System32\ucrtbase.dll
0x00007ffd54c20000 - 0x00007ffd54c8a000 	C:\WINDOWS\System32\bcryptPrimitives.dll
0x00007ffd568e0000 - 0x00007ffd5690e000 	C:\WINDOWS\System32\IMM32.DLL
0x0000000064610000 - 0x00000000646e2000 	D:\Program Files\jre\jre\bin\msvcr100.dll
0x00000000646f0000 - 0x0000000064f24000 	D:\Program Files\jre\jre\bin\server\jvm.dll
0x00007ffd568d0000 - 0x00007ffd568d8000 	C:\WINDOWS\System32\PSAPI.DLL
0x00007ffd42c70000 - 0x00007ffd42c79000 	C:\WINDOWS\SYSTEM32\WSOCK32.dll
0x00007ffd581a0000 - 0x00007ffd5820a000 	C:\WINDOWS\System32\WS2_32.dll
0x00007ffd52520000 - 0x00007ffd52543000 	C:\WINDOWS\SYSTEM32\WINMM.dll
0x00007ffd44110000 - 0x00007ffd4411a000 	C:\WINDOWS\SYSTEM32\VERSION.dll
0x00007ffd524f0000 - 0x00007ffd5251b000 	C:\WINDOWS\SYSTEM32\WINMMBASE.dll
0x00007ffd54bd0000 - 0x00007ffd54c12000 	C:\WINDOWS\System32\cfgmgr32.dll
0x00007ffd51510000 - 0x00007ffd5151f000 	D:\Program Files\jre\jre\bin\verify.dll
0x00007ffd48350000 - 0x00007ffd48379000 	D:\Program Files\jre\jre\bin\java.dll
0x00007ffd4a380000 - 0x00007ffd4a396000 	D:\Program Files\jre\jre\bin\zip.dll
0x00007ffd56a10000 - 0x00007ffd57f19000 	C:\WINDOWS\System32\SHELL32.dll
0x00007ffd550c0000 - 0x00007ffd5579a000 	C:\WINDOWS\System32\windows.storage.dll
0x00007ffd546a0000 - 0x00007ffd546ec000 	C:\WINDOWS\System32\powrprof.dll
0x00007ffd56910000 - 0x00007ffd56962000 	C:\WINDOWS\System32\shlwapi.dll
0x00007ffd546f0000 - 0x00007ffd546ff000 	C:\WINDOWS\System32\kernel.appcore.dll
0x00007ffd54900000 - 0x00007ffd549a9000 	C:\WINDOWS\System32\shcore.dll
0x00007ffd54680000 - 0x00007ffd54694000 	C:\WINDOWS\System32\profapi.dll

VM Arguments:
jvm_args: -Djava.awt.headless=true -Xmx1024M -Dfile.encoding=windows-1252 -Duser.country=IN -Duser.language=en -Duser.variant 
java_command: com.android.dx.command.Main --dex --force-jumbo --num-threads=4 --multi-dex --output C:\Users\Goodbox\AndroidStudioProjects\StockHawk-master\app\build\intermediates\transforms\dex\debug\folders\1000\5\slice_5 C:\Users\Goodbox\AndroidStudioProjects\StockHawk-master\app\build\intermediates\transforms\instantRunSlicer\debug\folders\1\5\slice_5
java_class_path (initial): C:\Users\Goodbox\AppData\Local\Android\Sdk\build-tools\23.0.1\lib\dx.jar
Launcher Type: SUN_STANDARD

Environment Variables:
JRE_HOME=D:\Program Files\jre
PATH=C:\WINDOWS\system32;C:\WINDOWS;C:\WINDOWS\System32\Wbem;C:\WINDOWS\System32\WindowsPowerShell\v1.0\;C:\Program Files\Intel\WiFi\bin\;C:\Program Files\Common Files\Intel\WirelessCommon\;C:\Program Files (x86)\Calibre2\;C:\Program Files (x86)\Windows Live\Shared;%JRE_HOME%\bin;%GRADLE_HOME%\bin;C:\Users\Goodbox\AppData\Local\Microsoft\WindowsApps;D:\Program Files\jre\bin;C:\gradle-3.2.1\bin
USERNAME=Goodbox
OS=Windows_NT
PROCESSOR_IDENTIFIER=Intel64 Family 6 Model 61 Stepping 4, GenuineIntel



---------------  S Y S T E M  ---------------

OS: Windows 10.0 , 64 bit Build 14393 (10.0.14393.0)

CPU:total 4 (2 cores per cpu, 2 threads per core) family 6 model 61 stepping 4, cmov, cx8, fxsr, mmx, sse, sse2, sse3, ssse3, sse4.1, sse4.2, popcnt, avx, avx2, aes, clmul, erms, 3dnowpref, lzcnt, ht, tsc, tscinvbit, bmi1, bmi2, adx

Memory: 4k page, physical 4096780k(228328k free), swap 11783432k(3328k free)

vm_info: OpenJDK 64-Bit Server VM (25.76-b03) for windows-amd64 JRE (1.8.0_76-release-b03), built on Jun 29 2016 19:09:20 by "ralucas" with MS VC++ 10.0 (VS2010)

time: Sun Dec 18 22:01:43 2016
elapsed time: 0 seconds (0d 0h 0m 0s)

