#
# There is insufficient memory for the Java Runtime Environment to continue.
# Native memory allocation (malloc) failed to allocate 273056 bytes for Chunk::new
# Possible reasons:
#   The system is out of physical RAM or swap space
#   In 32 bit mode, the process size limit was hit
# Possible solutions:
#   Reduce memory load on the system
#   Increase physical memory or swap space
#   Check if swap backing store is full
#   Use 64 bit Java on a 64 bit OS
#   Decrease Java heap size (-Xmx/-Xms)
#   Decrease number of Java threads
#   Decrease Java thread stack sizes (-Xss)
#   Set larger code cache with -XX:ReservedCodeCacheSize=
# This output file may be truncated or incomplete.
#
#  Out of Memory Error (allocation.cpp:390), pid=4260, tid=0x0000000000002700
#
# JRE version: OpenJDK Runtime Environment (8.0_76-b03) (build 1.8.0_76-release-b03)
# Java VM: OpenJDK 64-Bit Server VM (25.76-b03 mixed mode windows-amd64 compressed oops)
# Failed to write core dump. Minidumps are not enabled by default on client versions of Windows
#

---------------  T H R E A D  ---------------

Current thread (0x00000000154ad800):  JavaThread "C2 CompilerThread1" daemon [_thread_in_native, id=9984, stack(0x0000000016bf0000,0x0000000016cf0000)]

Stack: [0x0000000016bf0000,0x0000000016cf0000]
[error occurred during error reporting (printing stack bounds), id 0xc0000005]

Native frames: (J=compiled Java code, j=interpreted, Vv=VM code, C=native code)


Current CompileTask:
C2:   1437 1087 %     4       com.android.dx.ssa.SsaMethod::deleteInsns @ 42 (239 bytes)


---------------  P R O C E S S  ---------------

Java Threads: ( => current thread )
  0x0000000016f82000 JavaThread "pool-2-thread-4" [_thread_in_Java, id=14252, stack(0x00000000177f0000,0x00000000178f0000)]
  0x0000000016f5d000 JavaThread "pool-2-thread-3" [_thread_in_Java, id=4768, stack(0x00000000176f0000,0x00000000177f0000)]
  0x0000000016f5b800 JavaThread "pool-2-thread-2" [_thread_in_Java, id=2676, stack(0x00000000175f0000,0x00000000176f0000)]
  0x0000000016f5b000 JavaThread "pool-3-thread-1" [_thread_blocked, id=10692, stack(0x00000000174f0000,0x00000000175f0000)]
  0x0000000016f58000 JavaThread "pool-2-thread-1" [_thread_in_Java, id=984, stack(0x00000000173f0000,0x00000000174f0000)]
  0x0000000016df2000 JavaThread "Service Thread" daemon [_thread_blocked, id=2880, stack(0x00000000171f0000,0x00000000172f0000)]
  0x0000000015502000 JavaThread "C1 CompilerThread2" daemon [_thread_in_native, id=2732, stack(0x0000000016cf0000,0x0000000016df0000)]
=>0x00000000154ad800 JavaThread "C2 CompilerThread1" daemon [_thread_in_native, id=9984, stack(0x0000000016bf0000,0x0000000016cf0000)]
  0x00000000154aa800 JavaThread "C2 CompilerThread0" daemon [_thread_in_native, id=11696, stack(0x0000000016af0000,0x0000000016bf0000)]
  0x00000000154a8800 JavaThread "Attach Listener" daemon [_thread_blocked, id=14328, stack(0x00000000169f0000,0x0000000016af0000)]
  0x00000000154a7800 JavaThread "Signal Dispatcher" daemon [_thread_blocked, id=9480, stack(0x00000000168f0000,0x00000000169f0000)]
  0x0000000015498000 JavaThread "Finalizer" daemon [_thread_blocked, id=7368, stack(0x0000000016700000,0x0000000016800000)]
  0x0000000002dcf000 JavaThread "Reference Handler" daemon [_thread_blocked, id=3496, stack(0x0000000016600000,0x0000000016700000)]
  0x0000000002ce0800 JavaThread "main" [_thread_in_Java, id=7460, stack(0x0000000002b30000,0x0000000002c30000)]

Other Threads:
  0x0000000015474800 VMThread [stack: 0x0000000016500000,0x0000000016600000] [id=1712]
  0x0000000016df4000 WatcherThread [stack: 0x00000000172f0000,0x00000000173f0000] [id=6848]

VM state:not at safepoint (normal execution)

VM Mutex/Monitor currently owned by a thread:  ([mutex/lock_event])
[0x0000000002cde1f0] MethodData_lock - owner thread: 0x0000000000000000

Heap:
 PSYoungGen      total 18944K, used 11560K [0x00000000eab00000, 0x00000000ed000000, 0x0000000100000000)
  eden space 16384K, 54% used [0x00000000eab00000,0x00000000eb3cc780,0x00000000ebb00000)
  from space 2560K, 99% used [0x00000000ebb00000,0x00000000ebd7dc60,0x00000000ebd80000)
  to   space 2560K, 0% used [0x00000000ecd80000,0x00000000ecd80000,0x00000000ed000000)
 ParOldGen       total 44032K, used 1898K [0x00000000c0000000, 0x00000000c2b00000, 0x00000000eab00000)
  object space 44032K, 4% used [0x00000000c0000000,0x00000000c01daa30,0x00000000c2b00000)
 Metaspace       used 5781K, capacity 6896K, committed 7040K, reserved 1056768K
  class space    used 566K, capacity 616K, committed 640K, reserved 1048576K

Card table byte_map: [0x00000000121a0000,0x00000000123b0000] byte_map_base: 0x0000000011ba0000

Marking Bits: (ParMarkBitMap*) 0x0000000064ea9d00
 Begin Bits: [0x0000000012910000, 0x0000000013910000)
 End Bits:   [0x0000000013910000, 0x0000000014910000)

Polling page: 0x00000000013d0000

CodeCache: size=245760Kb used=4603Kb max_used=4603Kb free=241156Kb
 bounds [0x0000000002de0000, 0x0000000003270000, 0x0000000011de0000]
 total_blobs=1365 nmethods=1097 adapters=182
 compilation: enabled

Compilation events (10 events):
Event: 1.433 Thread 0x0000000015502000 nmethod 1092 0x000000000325a150 code [0x000000000325a2c0, 0x000000000325a530]
Event: 1.433 Thread 0x0000000015502000 1082       3       com.android.dx.rop.cst.CstBaseMethodRef::<init> (31 bytes)
Event: 1.433 Thread 0x0000000015502000 nmethod 1082 0x000000000325a650 code [0x000000000325a7c0, 0x000000000325ab78]
Event: 1.433 Thread 0x0000000015502000 1077       3       com.android.dx.rop.cst.CstBaseMethodRef::isInstanceInit (8 bytes)
Event: 1.433 Thread 0x0000000015502000 nmethod 1077 0x000000000325ac90 code [0x000000000325ae00, 0x000000000325b228]
Event: 1.433 Thread 0x0000000015502000 1108       3       com.android.dx.ssa.SsaConverter::edgeSplitSuccessors (98 bytes)
Event: 1.434 Thread 0x0000000015502000 nmethod 1108 0x000000000325b390 code [0x000000000325b600, 0x000000000325c428]
Event: 1.434 Thread 0x0000000015502000 1089       3       java.util.Vector::<init> (49 bytes)
Event: 1.435 Thread 0x0000000015502000 nmethod 1089 0x000000000325cdd0 code [0x000000000325cfc0, 0x000000000325d9b8]
Event: 1.435 Thread 0x0000000015502000 1110       3       com.android.dx.ssa.ConstCollector::updateConstUses (248 bytes)

GC Heap History (2 events):
Event: 1.042 GC heap before
{Heap before GC invocations=1 (full 0):
 PSYoungGen      total 18944K, used 16384K [0x00000000eab00000, 0x00000000ec000000, 0x0000000100000000)
  eden space 16384K, 100% used [0x00000000eab00000,0x00000000ebb00000,0x00000000ebb00000)
  from space 2560K, 0% used [0x00000000ebd80000,0x00000000ebd80000,0x00000000ec000000)
  to   space 2560K, 0% used [0x00000000ebb00000,0x00000000ebb00000,0x00000000ebd80000)
 ParOldGen       total 44032K, used 0K [0x00000000c0000000, 0x00000000c2b00000, 0x00000000eab00000)
  object space 44032K, 0% used [0x00000000c0000000,0x00000000c0000000,0x00000000c2b00000)
 Metaspace       used 5631K, capacity 6768K, committed 7040K, reserved 1056768K
  class space    used 565K, capacity 616K, committed 640K, reserved 1048576K
Event: 1.059 GC heap after
Heap after GC invocations=1 (full 0):
 PSYoungGen      total 18944K, used 2551K [0x00000000eab00000, 0x00000000ed000000, 0x0000000100000000)
  eden space 16384K, 0% used [0x00000000eab00000,0x00000000eab00000,0x00000000ebb00000)
  from space 2560K, 99% used [0x00000000ebb00000,0x00000000ebd7dc60,0x00000000ebd80000)
  to   space 2560K, 0% used [0x00000000ecd80000,0x00000000ecd80000,0x00000000ed000000)
 ParOldGen       total 44032K, used 1898K [0x00000000c0000000, 0x00000000c2b00000, 0x00000000eab00000)
  object space 44032K, 4% used [0x00000000c0000000,0x00000000c01daa30,0x00000000c2b00000)
 Metaspace       used 5631K, capacity 6768K, committed 7040K, reserved 1056768K
  class space    used 565K, capacity 616K, committed 640K, reserved 1048576K
}

Deoptimization events (10 events):
Event: 0.702 Thread 0x0000000016f5d000 Uncommon trap: reason=unstable_if action=reinterpret pc=0x0000000002fdb130 method=java.util.BitSet.nextSetBit(I)I @ 87
Event: 0.898 Thread 0x0000000002ce0800 Uncommon trap: reason=class_check action=maybe_recompile pc=0x00000000030149f0 method=com.android.dx.ssa.NormalSsaInsn.accept(Lcom/android/dx/ssa/SsaInsn$Visitor;)V @ 9
Event: 0.898 Thread 0x0000000002ce0800 Uncommon trap: reason=class_check action=maybe_recompile pc=0x00000000030149f0 method=com.android.dx.ssa.NormalSsaInsn.accept(Lcom/android/dx/ssa/SsaInsn$Visitor;)V @ 9
Event: 0.898 Thread 0x0000000002ce0800 Uncommon trap: reason=class_check action=maybe_recompile pc=0x00000000030149f0 method=com.android.dx.ssa.NormalSsaInsn.accept(Lcom/android/dx/ssa/SsaInsn$Visitor;)V @ 9
Event: 0.899 Thread 0x0000000002ce0800 Uncommon trap: reason=class_check action=maybe_recompile pc=0x00000000030149f0 method=com.android.dx.ssa.NormalSsaInsn.accept(Lcom/android/dx/ssa/SsaInsn$Visitor;)V @ 9
Event: 0.972 Thread 0x0000000002ce0800 Uncommon trap: reason=class_check action=maybe_recompile pc=0x00000000030e7bcc method=com.android.dx.ssa.NormalSsaInsn.accept(Lcom/android/dx/ssa/SsaInsn$Visitor;)V @ 9
Event: 0.984 Thread 0x0000000016f5d000 Uncommon trap: reason=unstable_if action=reinterpret pc=0x000000000309dddc method=com.android.dx.rop.cst.Constant.compareTo(Lcom/android/dx/rop/cst/Constant;)I @ 12
Event: 1.092 Thread 0x0000000016f82000 Uncommon trap: reason=unstable_if action=reinterpret pc=0x00000000030157f4 method=java.util.BitSet.ensureCapacity(I)V @ 6
Event: 1.382 Thread 0x0000000002ce0800 Uncommon trap: reason=bimorphic action=maybe_recompile pc=0x00000000030b4948 method=java.util.HashMap.getNode(ILjava/lang/Object;)Ljava/util/HashMap$Node; @ 126
Event: 1.387 Thread 0x0000000002ce0800 Uncommon trap: reason=bimorphic action=maybe_recompile pc=0x00000000030b4948 method=java.util.HashMap.getNode(ILjava/lang/Object;)Ljava/util/HashMap$Node; @ 126

Internal exceptions (2 events):
Event: 0.069 Thread 0x0000000002ce0800 Exception <a 'java/lang/NoSuchMethodError': Method sun.misc.Unsafe.defineClass(Ljava/lang/String;[BII)Ljava/lang/Class; name or signature does not match> (0x00000000eab07cc0) thrown at [C:\src\android\AOSP-openjdk\external\jetbrains\jdk\hotspot\src\share\vRßœûŒ¶±?
Event: 0.069 Thread 0x0000000002ce0800 Exception <a 'java/lang/NoSuchMethodError': Method sun.misc.Unsafe.prefetchRead(Ljava/lang/Object;J)V name or signature does not match> (0x00000000eab07fa8) thrown at [C:\src\android\AOSP-openjdk\external\jetbrains\jdk\hotspot\src\share\vm\prims\jni.cpp, l

Events (10 events):
Event: 1.092 Thread 0x0000000016f82000 DEOPT PACKING pc=0x00000000030157f4 sp=0x00000000178ee870
Event: 1.092 Thread 0x0000000016f82000 DEOPT UNPACKING pc=0x0000000002e2556a sp=0x00000000178ee748 mode 2
Event: 1.099 loading class com/android/dx/cf/code/SwitchList
Event: 1.099 loading class com/android/dx/cf/code/SwitchList done
Event: 1.382 Thread 0x0000000002ce0800 Uncommon trap: trap_request=0xffffffc6 fr.pc=0x00000000030b4948
Event: 1.382 Thread 0x0000000002ce0800 DEOPT PACKING pc=0x00000000030b4948 sp=0x0000000002c2e290
Event: 1.382 Thread 0x0000000002ce0800 DEOPT UNPACKING pc=0x0000000002e2556a sp=0x0000000002c2e1b8 mode 2
Event: 1.387 Thread 0x0000000002ce0800 Uncommon trap: trap_request=0xffffffc6 fr.pc=0x00000000030b4948
Event: 1.387 Thread 0x0000000002ce0800 DEOPT PACKING pc=0x00000000030b4948 sp=0x0000000002c2e290
Event: 1.387 Thread 0x0000000002ce0800 DEOPT UNPACKING pc=0x0000000002e2556a sp=0x0000000002c2e1b8 mode 2


Dynamic libraries:
0x00007ff771170000 - 0x00007ff7711a1000 	D:\Program Files\jre\bin\java.exe
0x00007ffd58210000 - 0x00007ffd583e1000 	C:\WINDOWS\SYSTEM32\ntdll.dll
0x00007ffd55860000 - 0x00007ffd5590b000 	C:\WINDOWS\System32\KERNEL32.DLL
0x00007ffd549b0000 - 0x00007ffd54bcd000 	C:\WINDOWS\System32\KERNELBASE.dll
0x00007ffd557a0000 - 0x00007ffd55842000 	C:\WINDOWS\System32\ADVAPI32.dll
0x00007ffd56290000 - 0x00007ffd5632e000 	C:\WINDOWS\System32\msvcrt.dll
0x00007ffd559f0000 - 0x00007ffd55a49000 	C:\WINDOWS\System32\sechost.dll
0x00007ffd55a50000 - 0x00007ffd55b71000 	C:\WINDOWS\System32\RPCRT4.dll
0x00007ffd56330000 - 0x00007ffd56495000 	C:\WINDOWS\System32\USER32.dll
0x00007ffd54e20000 - 0x00007ffd54e3e000 	C:\WINDOWS\System32\win32u.dll
0x00007ffd57fa0000 - 0x00007ffd57fd4000 	C:\WINDOWS\System32\GDI32.dll
0x00007ffd54c90000 - 0x00007ffd54e12000 	C:\WINDOWS\System32\gdi32full.dll
0x00007ffd4a950000 - 0x00007ffd4abc9000 	C:\WINDOWS\WinSxS\amd64_microsoft.windows.common-controls_6595b64144ccf1df_6.0.14393.447_none_42191651c6827bb3\COMCTL32.dll
0x00007ffd56600000 - 0x00007ffd568c7000 	C:\WINDOWS\System32\combase.dll
0x00007ffd54800000 - 0x00007ffd548f5000 	C:\WINDOWS\System32\ucrtbase.dll
0x00007ffd54c20000 - 0x00007ffd54c8a000 	C:\WINDOWS\System32\bcryptPrimitives.dll
0x00007ffd568e0000 - 0x00007ffd5690e000 	C:\WINDOWS\System32\IMM32.DLL
0x0000000064610000 - 0x00000000646e2000 	D:\Program Files\jre\jre\bin\msvcr100.dll
0x00000000646f0000 - 0x0000000064f24000 	D:\Program Files\jre\jre\bin\server\jvm.dll
0x00007ffd568d0000 - 0x00007ffd568d8000 	C:\WINDOWS\System32\PSAPI.DLL
0x00007ffd42c70000 - 0x00007ffd42c79000 	C:\WINDOWS\SYSTEM32\WSOCK32.dll
0x00007ffd581a0000 - 0x00007ffd5820a000 	C:\WINDOWS\System32\WS2_32.dll
0x00007ffd52520000 - 0x00007ffd52543000 	C:\WINDOWS\SYSTEM32\WINMM.dll
0x00007ffd44110000 - 0x00007ffd4411a000 	C:\WINDOWS\SYSTEM32\VERSION.dll
0x00007ffd524f0000 - 0x00007ffd5251b000 	C:\WINDOWS\SYSTEM32\WINMMBASE.dll
0x00007ffd54bd0000 - 0x00007ffd54c12000 	C:\WINDOWS\System32\cfgmgr32.dll
0x00007ffd51510000 - 0x00007ffd5151f000 	D:\Program Files\jre\jre\bin\verify.dll
0x00007ffd48350000 - 0x00007ffd48379000 	D:\Program Files\jre\jre\bin\java.dll
0x00007ffd4a380000 - 0x00007ffd4a396000 	D:\Program Files\jre\jre\bin\zip.dll
0x00007ffd56a10000 - 0x00007ffd57f19000 	C:\WINDOWS\System32\SHELL32.dll
0x00007ffd550c0000 - 0x00007ffd5579a000 	C:\WINDOWS\System32\windows.storage.dll
0x00007ffd546a0000 - 0x00007ffd546ec000 	C:\WINDOWS\System32\powrprof.dll
0x00007ffd56910000 - 0x00007ffd56962000 	C:\WINDOWS\System32\shlwapi.dll
0x00007ffd546f0000 - 0x00007ffd546ff000 	C:\WINDOWS\System32\kernel.appcore.dll
0x00007ffd54900000 - 0x00007ffd549a9000 	C:\WINDOWS\System32\shcore.dll
0x00007ffd54680000 - 0x00007ffd54694000 	C:\WINDOWS\System32\profapi.dll

VM Arguments:
jvm_args: -Djava.awt.headless=true -Xmx1024M -Dfile.encoding=windows-1252 -Duser.country=IN -Duser.language=en -Duser.variant 
java_command: com.android.dx.command.Main --dex --force-jumbo --num-threads=4 --multi-dex --output C:\Users\Goodbox\AndroidStudioProjects\StockHawk-master\app\build\intermediates\transforms\dex\debug\folders\1000\10\okio-1.6.0_296efa67d8b8ec57910936246c43469aa836bda6 C:\Users\Goodbox\.gradle\caches\modules-2\files-2.1\com.squareup.okio\okio\1.6.0\98476622f10715998eacf9240d6b479f12c66143\okio-1.6.0.jar
java_class_path (initial): C:\Users\Goodbox\AppData\Local\Android\Sdk\build-tools\23.0.1\lib\dx.jar
Launcher Type: SUN_STANDARD

Environment Variables:
JRE_HOME=D:\Program Files\jre
PATH=C:\WINDOWS\system32;C:\WINDOWS;C:\WINDOWS\System32\Wbem;C:\WINDOWS\System32\WindowsPowerShell\v1.0\;C:\Program Files\Intel\WiFi\bin\;C:\Program Files\Common Files\Intel\WirelessCommon\;C:\Program Files (x86)\Calibre2\;C:\Program Files (x86)\Windows Live\Shared;%JRE_HOME%\bin;%GRADLE_HOME%\bin;C:\Users\Goodbox\AppData\Local\Microsoft\WindowsApps;D:\Program Files\jre\bin;C:\gradle-3.2.1\bin
USERNAME=Goodbox
OS=Windows_NT
PROCESSOR_IDENTIFIER=Intel64 Family 6 Model 61 Stepping 4, GenuineIntel



---------------  S Y S T E M  ---------------

OS: Windows 10.0 , 64 bit Build 14393 (10.0.14393.0)

CPU:total 4 (2 cores per cpu, 2 threads per core) family 6 model 61 stepping 4, cmov, cx8, fxsr, mmx, sse, sse2, sse3, ssse3, sse4.1, sse4.2, popcnt, avx, avx2, aes, clmul, erms, 3dnowpref, lzcnt, ht, tsc, tscinvbit, bmi1, bmi2, adx

Memory: 4k page, physical 4096780k(248060k free), swap 11783432k(5200k free)

vm_info: OpenJDK 64-Bit Server VM (25.76-b03) for windows-amd64 JRE (1.8.0_76-release-b03), built on Jun 29 2016 19:09:20 by "ralucas" with MS VC++ 10.0 (VS2010)

time: Sun Dec 18 22:04:10 2016
elapsed time: 1 seconds (0d 0h 0m 1s)

