#
# There is insufficient memory for the Java Runtime Environment to continue.
# Native memory allocation (malloc) failed to allocate 172080 bytes for Chunk::new
# Possible reasons:
#   The system is out of physical RAM or swap space
#   In 32 bit mode, the process size limit was hit
# Possible solutions:
#   Reduce memory load on the system
#   Increase physical memory or swap space
#   Check if swap backing store is full
#   Use 64 bit Java on a 64 bit OS
#   Decrease Java heap size (-Xmx/-Xms)
#   Decrease number of Java threads
#   Decrease Java thread stack sizes (-Xss)
#   Set larger code cache with -XX:ReservedCodeCacheSize=
# This output file may be truncated or incomplete.
#
#  Out of Memory Error (allocation.cpp:390), pid=13848, tid=0x00000000000003d4
#
# JRE version: OpenJDK Runtime Environment (8.0_76-b03) (build 1.8.0_76-release-b03)
# Java VM: OpenJDK 64-Bit Server VM (25.76-b03 mixed mode windows-amd64 compressed oops)
# Failed to write core dump. Minidumps are not enabled by default on client versions of Windows
#

---------------  T H R E A D  ---------------

Current thread (0x0000000014b17800):  JavaThread "C2 CompilerThread1" daemon [_thread_in_native, id=980, stack(0x0000000016230000,0x0000000016330000)]

Stack: [0x0000000016230000,0x0000000016330000]
[error occurred during error reporting (printing stack bounds), id 0xc0000005]

Native frames: (J=compiled Java code, j=interpreted, Vv=VM code, C=native code)


Current CompileTask:
C2:  14287 2063       4       com.android.dx.ssa.SCCP::simulatePhi (169 bytes)


---------------  P R O C E S S  ---------------

Java Threads: ( => current thread )
  0x000000001668d000 JavaThread "pool-2-thread-4" [_thread_blocked, id=10320, stack(0x0000000016e30000,0x0000000016f30000)]
  0x000000001668c000 JavaThread "pool-2-thread-3" [_thread_blocked, id=7160, stack(0x0000000016d30000,0x0000000016e30000)]
  0x000000001668b800 JavaThread "pool-2-thread-2" [_thread_in_Java, id=4588, stack(0x0000000016c30000,0x0000000016d30000)]
  0x0000000016680000 JavaThread "pool-3-thread-1" [_thread_blocked, id=10380, stack(0x0000000016b30000,0x0000000016c30000)]
  0x0000000016688800 JavaThread "pool-2-thread-1" [_thread_in_Java, id=4996, stack(0x0000000016a30000,0x0000000016b30000)]
  0x0000000014b1e000 JavaThread "Service Thread" daemon [_thread_blocked, id=400, stack(0x0000000016830000,0x0000000016930000)]
  0x0000000014b1a000 JavaThread "C1 CompilerThread2" daemon [_thread_blocked, id=6704, stack(0x0000000016330000,0x0000000016430000)]
=>0x0000000014b17800 JavaThread "C2 CompilerThread1" daemon [_thread_in_native, id=980, stack(0x0000000016230000,0x0000000016330000)]
  0x0000000014aba800 JavaThread "C2 CompilerThread0" daemon [_thread_in_native, id=8296, stack(0x0000000016130000,0x0000000016230000)]
  0x0000000014ab9000 JavaThread "Attach Listener" daemon [_thread_blocked, id=8160, stack(0x0000000016030000,0x0000000016130000)]
  0x0000000014ab7800 JavaThread "Signal Dispatcher" daemon [_thread_blocked, id=11576, stack(0x0000000015f30000,0x0000000016030000)]
  0x0000000014aa8800 JavaThread "Finalizer" daemon [_thread_blocked, id=13664, stack(0x0000000015d30000,0x0000000015e30000)]
  0x00000000023bf000 JavaThread "Reference Handler" daemon [_thread_blocked, id=2408, stack(0x0000000015c30000,0x0000000015d30000)]
  0x00000000022d0800 JavaThread "main" [_thread_blocked, id=8768, stack(0x0000000000a80000,0x0000000000b80000)]

Other Threads:
  0x0000000014a84800 VMThread [stack: 0x0000000015b30000,0x0000000015c30000] [id=1508]
  0x0000000016433800 WatcherThread [stack: 0x0000000016930000,0x0000000016a30000] [id=3624]

VM state:not at safepoint (normal execution)

VM Mutex/Monitor currently owned by a thread: None

Heap:
 PSYoungGen      total 72192K, used 27702K [0x00000000eab00000, 0x00000000efc00000, 0x0000000100000000)
  eden space 64512K, 42% used [0x00000000eab00000,0x00000000ec60dae0,0x00000000eea00000)
  from space 7680K, 0% used [0x00000000ef280000,0x00000000ef280000,0x00000000efa00000)
  to   space 8704K, 0% used [0x00000000eea00000,0x00000000eea00000,0x00000000ef280000)
 ParOldGen       total 44032K, used 38932K [0x00000000c0000000, 0x00000000c2b00000, 0x00000000eab00000)
  object space 44032K, 88% used [0x00000000c0000000,0x00000000c2605198,0x00000000c2b00000)
 Metaspace       used 6323K, capacity 7152K, committed 7296K, reserved 1056768K
  class space    used 588K, capacity 616K, committed 640K, reserved 1048576K

Card table byte_map: [0x0000000011790000,0x00000000119a0000] byte_map_base: 0x0000000011190000

Marking Bits: (ParMarkBitMap*) 0x0000000064ea9d00
 Begin Bits: [0x0000000011f00000, 0x0000000012f00000)
 End Bits:   [0x0000000012f00000, 0x0000000013f00000)

Polling page: 0x0000000000670000

CodeCache: size=245760Kb used=8542Kb max_used=8542Kb free=237217Kb
 bounds [0x00000000023d0000, 0x0000000002c30000, 0x00000000113d0000]
 total_blobs=2187 nmethods=1918 adapters=182
 compilation: enabled

Compilation events (10 events):
Event: 14.239 Thread 0x0000000014b1a000 2079       2       java.util.Date::normalize (269 bytes)
Event: 14.242 Thread 0x0000000014b1a000 nmethod 2079 0x0000000002c29710 code [0x0000000002c29a00, 0x0000000002c2ac08]
Event: 14.242 Thread 0x0000000014b1a000 2080       2       java.util.Date::getCalendarSystem (25 bytes)
Event: 14.242 Thread 0x0000000014b1a000 nmethod 2080 0x0000000002c215d0 code [0x0000000002c21720, 0x0000000002c218b0]
Event: 14.242 Thread 0x0000000014b1a000 2081       2       java.util.Date::getCalendarSystem (31 bytes)
Event: 14.243 Thread 0x0000000014b1a000 nmethod 2081 0x0000000002c20e50 code [0x0000000002c20fe0, 0x0000000002c21408]
Event: 14.246 Thread 0x0000000014b1a000 2082       1       sun.util.calendar.CalendarDate::setNormalized (6 bytes)
Event: 14.246 Thread 0x0000000014b1a000 nmethod 2082 0x0000000002c20b90 code [0x0000000002c20ce0, 0x0000000002c20df0]
Event: 14.249 Thread 0x0000000014b1a000 2083       2       com.android.dx.cf.direct.StdAttributeFactory::signature (94 bytes)
Event: 14.251 Thread 0x0000000014b1a000 nmethod 2083 0x0000000002c2b910 code [0x0000000002c2bc00, 0x0000000002c2cb88]

GC Heap History (10 events):
Event: 2.311 GC heap before
{Heap before GC invocations=5 (full 0):
 PSYoungGen      total 35328K, used 35318K [0x00000000eab00000, 0x00000000ed000000, 0x0000000100000000)
  eden space 32768K, 100% used [0x00000000eab00000,0x00000000ecb00000,0x00000000ecb00000)
  from space 2560K, 99% used [0x00000000ecd80000,0x00000000ecffdbb0,0x00000000ed000000)
  to   space 2560K, 0% used [0x00000000ecb00000,0x00000000ecb00000,0x00000000ecd80000)
 ParOldGen       total 44032K, used 10126K [0x00000000c0000000, 0x00000000c2b00000, 0x00000000eab00000)
  object space 44032K, 22% used [0x00000000c0000000,0x00000000c09e3b28,0x00000000c2b00000)
 Metaspace       used 6202K, capacity 7088K, committed 7296K, reserved 1056768K
  class space    used 588K, capacity 616K, committed 640K, reserved 1048576K
Event: 2.326 GC heap after
Heap after GC invocations=5 (full 0):
 PSYoungGen      total 35328K, used 2552K [0x00000000eab00000, 0x00000000efa00000, 0x0000000100000000)
  eden space 32768K, 0% used [0x00000000eab00000,0x00000000eab00000,0x00000000ecb00000)
  from space 2560K, 99% used [0x00000000ecb00000,0x00000000ecd7e268,0x00000000ecd80000)
  to   space 7680K, 0% used [0x00000000ef280000,0x00000000ef280000,0x00000000efa00000)
 ParOldGen       total 44032K, used 15008K [0x00000000c0000000, 0x00000000c2b00000, 0x00000000eab00000)
  object space 44032K, 34% used [0x00000000c0000000,0x00000000c0ea8208,0x00000000c2b00000)
 Metaspace       used 6202K, capacity 7088K, committed 7296K, reserved 1056768K
  class space    used 588K, capacity 616K, committed 640K, reserved 1048576K
}
Event: 3.313 GC heap before
{Heap before GC invocations=6 (full 0):
 PSYoungGen      total 35328K, used 35320K [0x00000000eab00000, 0x00000000efa00000, 0x0000000100000000)
  eden space 32768K, 100% used [0x00000000eab00000,0x00000000ecb00000,0x00000000ecb00000)
  from space 2560K, 99% used [0x00000000ecb00000,0x00000000ecd7e268,0x00000000ecd80000)
  to   space 7680K, 0% used [0x00000000ef280000,0x00000000ef280000,0x00000000efa00000)
 ParOldGen       total 44032K, used 15008K [0x00000000c0000000, 0x00000000c2b00000, 0x00000000eab00000)
  object space 44032K, 34% used [0x00000000c0000000,0x00000000c0ea8208,0x00000000c2b00000)
 Metaspace       used 6236K, capacity 7152K, committed 7296K, reserved 1056768K
  class space    used 588K, capacity 616K, committed 640K, reserved 1048576K
Event: 3.347 GC heap after
Heap after GC invocations=6 (full 0):
 PSYoungGen      total 72192K, used 7651K [0x00000000eab00000, 0x00000000efc00000, 0x0000000100000000)
  eden space 64512K, 0% used [0x00000000eab00000,0x00000000eab00000,0x00000000eea00000)
  from space 7680K, 99% used [0x00000000ef280000,0x00000000ef9f8dd0,0x00000000efa00000)
  to   space 8704K, 0% used [0x00000000eea00000,0x00000000eea00000,0x00000000ef280000)
 ParOldGen       total 44032K, used 15654K [0x00000000c0000000, 0x00000000c2b00000, 0x00000000eab00000)
  object space 44032K, 35% used [0x00000000c0000000,0x00000000c0f49880,0x00000000c2b00000)
 Metaspace       used 6236K, capacity 7152K, committed 7296K, reserved 1056768K
  class space    used 588K, capacity 616K, committed 640K, reserved 1048576K
}
Event: 6.679 GC heap before
{Heap before GC invocations=7 (full 0):
 PSYoungGen      total 72192K, used 72163K [0x00000000eab00000, 0x00000000efc00000, 0x0000000100000000)
  eden space 64512K, 100% used [0x00000000eab00000,0x00000000eea00000,0x00000000eea00000)
  from space 7680K, 99% used [0x00000000ef280000,0x00000000ef9f8dd0,0x00000000efa00000)
  to   space 8704K, 0% used [0x00000000eea00000,0x00000000eea00000,0x00000000ef280000)
 ParOldGen       total 44032K, used 15654K [0x00000000c0000000, 0x00000000c2b00000, 0x00000000eab00000)
  object space 44032K, 35% used [0x00000000c0000000,0x00000000c0f49880,0x00000000c2b00000)
 Metaspace       used 6279K, capacity 7152K, committed 7296K, reserved 1056768K
  class space    used 588K, capacity 616K, committed 640K, reserved 1048576K
Event: 7.663 GC heap after
Heap after GC invocations=7 (full 0):
 PSYoungGen      total 73216K, used 8683K [0x00000000eab00000, 0x00000000efc00000, 0x0000000100000000)
  eden space 64512K, 0% used [0x00000000eab00000,0x00000000eab00000,0x00000000eea00000)
  from space 8704K, 99% used [0x00000000eea00000,0x00000000ef27ace0,0x00000000ef280000)
  to   space 7680K, 0% used [0x00000000ef280000,0x00000000ef280000,0x00000000efa00000)
 ParOldGen       total 44032K, used 24985K [0x00000000c0000000, 0x00000000c2b00000, 0x00000000eab00000)
  object space 44032K, 56% used [0x00000000c0000000,0x00000000c18666b0,0x00000000c2b00000)
 Metaspace       used 6279K, capacity 7152K, committed 7296K, reserved 1056768K
  class space    used 588K, capacity 616K, committed 640K, reserved 1048576K
}
Event: 10.421 GC heap before
{Heap before GC invocations=8 (full 0):
 PSYoungGen      total 73216K, used 73195K [0x00000000eab00000, 0x00000000efc00000, 0x0000000100000000)
  eden space 64512K, 100% used [0x00000000eab00000,0x00000000eea00000,0x00000000eea00000)
  from space 8704K, 99% used [0x00000000eea00000,0x00000000ef27ace0,0x00000000ef280000)
  to   space 7680K, 0% used [0x00000000ef280000,0x00000000ef280000,0x00000000efa00000)
 ParOldGen       total 44032K, used 24985K [0x00000000c0000000, 0x00000000c2b00000, 0x00000000eab00000)
  object space 44032K, 56% used [0x00000000c0000000,0x00000000c18666b0,0x00000000c2b00000)
 Metaspace       used 6320K, capacity 7152K, committed 7296K, reserved 1056768K
  class space    used 588K, capacity 616K, committed 640K, reserved 1048576K
Event: 11.070 GC heap after
Heap after GC invocations=8 (full 0):
 PSYoungGen      total 72192K, used 7675K [0x00000000eab00000, 0x00000000efc00000, 0x0000000100000000)
  eden space 64512K, 0% used [0x00000000eab00000,0x00000000eab00000,0x00000000eea00000)
  from space 7680K, 99% used [0x00000000ef280000,0x00000000ef9fefb8,0x00000000efa00000)
  to   space 8704K, 0% used [0x00000000eea00000,0x00000000eea00000,0x00000000ef280000)
 ParOldGen       total 44032K, used 36092K [0x00000000c0000000, 0x00000000c2b00000, 0x00000000eab00000)
  object space 44032K, 81% used [0x00000000c0000000,0x00000000c233f070,0x00000000c2b00000)
 Metaspace       used 6320K, capacity 7152K, committed 7296K, reserved 1056768K
  class space    used 588K, capacity 616K, committed 640K, reserved 1048576K
}
Event: 11.070 GC heap before
{Heap before GC invocations=9 (full 1):
 PSYoungGen      total 72192K, used 7675K [0x00000000eab00000, 0x00000000efc00000, 0x0000000100000000)
  eden space 64512K, 0% used [0x00000000eab00000,0x00000000eab00000,0x00000000eea00000)
  from space 7680K, 99% used [0x00000000ef280000,0x00000000ef9fefb8,0x00000000efa00000)
  to   space 8704K, 0% used [0x00000000eea00000,0x00000000eea00000,0x00000000ef280000)
 ParOldGen       total 44032K, used 36092K [0x00000000c0000000, 0x00000000c2b00000, 0x00000000eab00000)
  object space 44032K, 81% used [0x00000000c0000000,0x00000000c233f070,0x00000000c2b00000)
 Metaspace       used 6320K, capacity 7152K, committed 7296K, reserved 1056768K
  class space    used 588K, capacity 616K, committed 640K, reserved 1048576K
Event: 14.083 GC heap after
Heap after GC invocations=9 (full 1):
 PSYoungGen      total 72192K, used 0K [0x00000000eab00000, 0x00000000efc00000, 0x0000000100000000)
  eden space 64512K, 0% used [0x00000000eab00000,0x00000000eab00000,0x00000000eea00000)
  from space 7680K, 0% used [0x00000000ef280000,0x00000000ef280000,0x00000000efa00000)
  to   space 8704K, 0% used [0x00000000eea00000,0x00000000eea00000,0x00000000ef280000)
 ParOldGen       total 44032K, used 38932K [0x00000000c0000000, 0x00000000c2b00000, 0x00000000eab00000)
  object space 44032K, 88% used [0x00000000c0000000,0x00000000c2605198,0x00000000c2b00000)
 Metaspace       used 6320K, capacity 7152K, committed 7296K, reserved 1056768K
  class space    used 588K, capacity 616K, committed 640K, reserved 1048576K
}

Deoptimization events (10 events):
Event: 6.097 Thread 0x000000001668d000 Uncommon trap: reason=class_check action=maybe_recompile pc=0x0000000002b936cc method=com.android.dx.cf.code.BytecodeArray.parseInstruction(ILcom/android/dx/cf/code/BytecodeArray$Visitor;)I @ 2002
Event: 6.100 Thread 0x000000001668d000 Uncommon trap: reason=class_check action=maybe_recompile pc=0x0000000002b936cc method=com.android.dx.cf.code.BytecodeArray.parseInstruction(ILcom/android/dx/cf/code/BytecodeArray$Visitor;)I @ 2002
Event: 7.864 Thread 0x000000001668c000 Uncommon trap: reason=class_check action=maybe_recompile pc=0x0000000002a70dd8 method=java.util.HashMap.putVal(ILjava/lang/Object;Ljava/lang/Object;ZZ)Ljava/lang/Object; @ 203
Event: 7.864 Thread 0x000000001668c000 Uncommon trap: reason=class_check action=maybe_recompile pc=0x0000000002a70dd8 method=java.util.HashMap.putVal(ILjava/lang/Object;Ljava/lang/Object;ZZ)Ljava/lang/Object; @ 203
Event: 7.864 Thread 0x000000001668c000 Uncommon trap: reason=class_check action=maybe_recompile pc=0x0000000002a70dd8 method=java.util.HashMap.putVal(ILjava/lang/Object;Ljava/lang/Object;ZZ)Ljava/lang/Object; @ 203
Event: 8.860 Thread 0x0000000016688800 Uncommon trap: reason=unstable_if action=reinterpret pc=0x00000000029b933c method=com.android.dx.ssa.SCCP.simulateStmt(Lcom/android/dx/ssa/SsaInsn;)V @ 59
Event: 9.496 Thread 0x00000000022d0800 Uncommon trap: reason=unloaded action=reinterpret pc=0x0000000002b2f0f0 method=com.android.dx.cf.cst.ConstantPoolParser.parse0(ILjava/util/BitSet;)Lcom/android/dx/rop/cst/Constant; @ 220
Event: 14.088 Thread 0x000000001668d000 Uncommon trap: reason=unstable_if action=reinterpret pc=0x0000000002818c3c method=com.android.dx.util.IntList.binarysearch(I)I @ 105
Event: 14.090 Thread 0x000000001668b800 Uncommon trap: reason=bimorphic action=maybe_recompile pc=0x000000000277420c method=java.util.HashMap.putVal(ILjava/lang/Object;Ljava/lang/Object;ZZ)Ljava/lang/Object; @ 91
Event: 14.130 Thread 0x000000001668d000 Uncommon trap: reason=bimorphic action=maybe_recompile pc=0x0000000002bd05e8 method=com.android.dx.cf.code.BytecodeArray.parseInstruction(ILcom/android/dx/cf/code/BytecodeArray$Visitor;)I @ 1501

Internal exceptions (7 events):
Event: 0.076 Thread 0x00000000022d0800 Exception <a 'java/lang/NoSuchMethodError': Method sun.misc.Unsafe.defineClass(Ljava/lang/String;[BII)Ljava/lang/Class; name or signature does not match> (0x00000000eab07cc0) thrown at [C:\src\android\AOSP-openjdk\external\jetbrains\jdk\hotspot\src\share\v¯•êÄr³?
Event: 0.076 Thread 0x00000000022d0800 Exception <a 'java/lang/NoSuchMethodError': Method sun.misc.Unsafe.prefetchRead(Ljava/lang/Object;J)V name or signature does not match> (0x00000000eab07fa8) thrown at [C:\src\android\AOSP-openjdk\external\jetbrains\jdk\hotspot\src\share\vm\prims\jni.cpp, lûV•Øú
û?
Event: 1.690 Thread 0x000000001668b800 Implicit null exception at 0x000000000268bc22 to 0x000000000268bd1a
Event: 1.965 Thread 0x000000001668d000 Implicit null exception at 0x0000000002a11668 to 0x0000000002a12edd
Event: 1.993 Thread 0x00000000022d0800 Exception <a 'java/lang/ArrayIndexOutOfBoundsException': 18> (0x00000000eb102158) thrown at [C:\src\android\AOSP-openjdk\external\jetbrains\jdk\hotspot\src\share\vm\interpreter\interpreterRuntime.cpp, line 366]
Event: 1.994 Thread 0x00000000022d0800 Exception <a 'java/lang/ArrayIndexOutOfBoundsException'> (0x00000000eb103cd8) thrown at [C:\src\android\AOSP-openjdk\external\jetbrains\jdk\hotspot\src\share\vm\runtime\sharedRuntime.cpp, line 605]
Event: 1.995 Thread 0x00000000022d0800 Exception <a 'java/lang/ArrayIndexOutOfBoundsException'> (0x00000000eb104fc0) thrown at [C:\src\android\AOSP-openjdk\external\jetbrains\jdk\hotspot\src\share\vm\runtime\sharedRuntime.cpp, line 605]

Events (10 events):
Event: 14.089 Thread 0x000000001668d000 DEOPT PACKING pc=0x00000000027f3ed9 sp=0x0000000016f2edb0
Event: 14.089 Thread 0x000000001668d000 DEOPT UNPACKING pc=0x00000000024175bf sp=0x0000000016f2ebe0 mode 0
Event: 14.090 Thread 0x000000001668b800 Uncommon trap: trap_request=0xffffffc6 fr.pc=0x000000000277420c
Event: 14.090 Thread 0x000000001668b800 DEOPT PACKING pc=0x000000000277420c sp=0x0000000016d2eba0
Event: 14.090 Thread 0x000000001668b800 DEOPT UNPACKING pc=0x000000000241556a sp=0x0000000016d2eab0 mode 2
Event: 14.117 Thread 0x000000001668d000 DEOPT PACKING pc=0x00000000027f3ed9 sp=0x0000000016f2ed00
Event: 14.117 Thread 0x000000001668d000 DEOPT UNPACKING pc=0x00000000024175bf sp=0x0000000016f2eb30 mode 0
Event: 14.130 Thread 0x000000001668d000 Uncommon trap: trap_request=0xffffffc6 fr.pc=0x0000000002bd05e8
Event: 14.130 Thread 0x000000001668d000 DEOPT PACKING pc=0x0000000002bd05e8 sp=0x0000000016f2eb70
Event: 14.130 Thread 0x000000001668d000 DEOPT UNPACKING pc=0x000000000241556a sp=0x0000000016f2eb30 mode 2


Dynamic libraries:
0x00007ff771170000 - 0x00007ff7711a1000 	D:\Program Files\jre\bin\java.exe
0x00007ffd58210000 - 0x00007ffd583e1000 	C:\WINDOWS\SYSTEM32\ntdll.dll
0x00007ffd55860000 - 0x00007ffd5590b000 	C:\WINDOWS\System32\KERNEL32.DLL
0x00007ffd549b0000 - 0x00007ffd54bcd000 	C:\WINDOWS\System32\KERNELBASE.dll
0x00007ffd557a0000 - 0x00007ffd55842000 	C:\WINDOWS\System32\ADVAPI32.dll
0x00007ffd56290000 - 0x00007ffd5632e000 	C:\WINDOWS\System32\msvcrt.dll
0x00007ffd559f0000 - 0x00007ffd55a49000 	C:\WINDOWS\System32\sechost.dll
0x00007ffd55a50000 - 0x00007ffd55b71000 	C:\WINDOWS\System32\RPCRT4.dll
0x00007ffd56330000 - 0x00007ffd56495000 	C:\WINDOWS\System32\USER32.dll
0x00007ffd54e20000 - 0x00007ffd54e3e000 	C:\WINDOWS\System32\win32u.dll
0x00007ffd57fa0000 - 0x00007ffd57fd4000 	C:\WINDOWS\System32\GDI32.dll
0x00007ffd54c90000 - 0x00007ffd54e12000 	C:\WINDOWS\System32\gdi32full.dll
0x00007ffd4a950000 - 0x00007ffd4abc9000 	C:\WINDOWS\WinSxS\amd64_microsoft.windows.common-controls_6595b64144ccf1df_6.0.14393.447_none_42191651c6827bb3\COMCTL32.dll
0x00007ffd56600000 - 0x00007ffd568c7000 	C:\WINDOWS\System32\combase.dll
0x00007ffd54800000 - 0x00007ffd548f5000 	C:\WINDOWS\System32\ucrtbase.dll
0x00007ffd54c20000 - 0x00007ffd54c8a000 	C:\WINDOWS\System32\bcryptPrimitives.dll
0x00007ffd568e0000 - 0x00007ffd5690e000 	C:\WINDOWS\System32\IMM32.DLL
0x0000000064610000 - 0x00000000646e2000 	D:\Program Files\jre\jre\bin\msvcr100.dll
0x00000000646f0000 - 0x0000000064f24000 	D:\Program Files\jre\jre\bin\server\jvm.dll
0x00007ffd568d0000 - 0x00007ffd568d8000 	C:\WINDOWS\System32\PSAPI.DLL
0x00007ffd42c70000 - 0x00007ffd42c79000 	C:\WINDOWS\SYSTEM32\WSOCK32.dll
0x00007ffd581a0000 - 0x00007ffd5820a000 	C:\WINDOWS\System32\WS2_32.dll
0x00007ffd52520000 - 0x00007ffd52543000 	C:\WINDOWS\SYSTEM32\WINMM.dll
0x00007ffd44110000 - 0x00007ffd4411a000 	C:\WINDOWS\SYSTEM32\VERSION.dll
0x00007ffd524f0000 - 0x00007ffd5251b000 	C:\WINDOWS\SYSTEM32\WINMMBASE.dll
0x00007ffd54bd0000 - 0x00007ffd54c12000 	C:\WINDOWS\System32\cfgmgr32.dll
0x00007ffd51510000 - 0x00007ffd5151f000 	D:\Program Files\jre\jre\bin\verify.dll
0x00007ffd48350000 - 0x00007ffd48379000 	D:\Program Files\jre\jre\bin\java.dll
0x00007ffd4a380000 - 0x00007ffd4a396000 	D:\Program Files\jre\jre\bin\zip.dll
0x00007ffd56a10000 - 0x00007ffd57f19000 	C:\WINDOWS\System32\SHELL32.dll
0x00007ffd550c0000 - 0x00007ffd5579a000 	C:\WINDOWS\System32\windows.storage.dll
0x00007ffd546a0000 - 0x00007ffd546ec000 	C:\WINDOWS\System32\powrprof.dll
0x00007ffd56910000 - 0x00007ffd56962000 	C:\WINDOWS\System32\shlwapi.dll
0x00007ffd546f0000 - 0x00007ffd546ff000 	C:\WINDOWS\System32\kernel.appcore.dll
0x00007ffd54900000 - 0x00007ffd549a9000 	C:\WINDOWS\System32\shcore.dll
0x00007ffd54680000 - 0x00007ffd54694000 	C:\WINDOWS\System32\profapi.dll

VM Arguments:
jvm_args: -Djava.awt.headless=true -Xmx1024M -Dfile.encoding=windows-1252 -Duser.country=IN -Duser.language=en -Duser.variant 
java_command: com.android.dx.command.Main --dex --force-jumbo --num-threads=4 --multi-dex --output C:\Users\Goodbox\AndroidStudioProjects\StockHawk-master\app\build\intermediates\transforms\dex\debug\folders\1000\10\com.android.support-support-v4-24.0.0_ace01ea84300ffa49210e149be4af8db2a150c06 C:\Users\Goodbox\AndroidStudioProjects\StockHawk-master\app\build\intermediates\exploded-aar\com.android.support\support-v4\24.0.0\jars\classes.jar
java_class_path (initial): C:\Users\Goodbox\AppData\Local\Android\Sdk\build-tools\23.0.1\lib\dx.jar
Launcher Type: SUN_STANDARD

Environment Variables:
JRE_HOME=D:\Program Files\jre
PATH=C:\WINDOWS\system32;C:\WINDOWS;C:\WINDOWS\System32\Wbem;C:\WINDOWS\System32\WindowsPowerShell\v1.0\;C:\Program Files\Intel\WiFi\bin\;C:\Program Files\Common Files\Intel\WirelessCommon\;C:\Program Files (x86)\Calibre2\;C:\Program Files (x86)\Windows Live\Shared;%JRE_HOME%\bin;%GRADLE_HOME%\bin;C:\Users\Goodbox\AppData\Local\Microsoft\WindowsApps;D:\Program Files\jre\bin;C:\gradle-3.2.1\bin
USERNAME=Goodbox
OS=Windows_NT
PROCESSOR_IDENTIFIER=Intel64 Family 6 Model 61 Stepping 4, GenuineIntel



---------------  S Y S T E M  ---------------

OS: Windows 10.0 , 64 bit Build 14393 (10.0.14393.0)

CPU:total 4 (2 cores per cpu, 2 threads per core) family 6 model 61 stepping 4, cmov, cx8, fxsr, mmx, sse, sse2, sse3, ssse3, sse4.1, sse4.2, popcnt, avx, avx2, aes, clmul, erms, 3dnowpref, lzcnt, ht, tsc, tscinvbit, bmi1, bmi2, adx

Memory: 4k page, physical 4096780k(100764k free), swap 11783432k(4116k free)

vm_info: OpenJDK 64-Bit Server VM (25.76-b03) for windows-amd64 JRE (1.8.0_76-release-b03), built on Jun 29 2016 19:09:20 by "ralucas" with MS VC++ 10.0 (VS2010)

time: Sun Dec 18 22:01:15 2016
elapsed time: 14 seconds (0d 0h 0m 14s)

