#
# There is insufficient memory for the Java Runtime Environment to continue.
# Native memory allocation (malloc) failed to allocate 891056 bytes for Chunk::new
# Possible reasons:
#   The system is out of physical RAM or swap space
#   In 32 bit mode, the process size limit was hit
# Possible solutions:
#   Reduce memory load on the system
#   Increase physical memory or swap space
#   Check if swap backing store is full
#   Use 64 bit Java on a 64 bit OS
#   Decrease Java heap size (-Xmx/-Xms)
#   Decrease number of Java threads
#   Decrease Java thread stack sizes (-Xss)
#   Set larger code cache with -XX:ReservedCodeCacheSize=
# This output file may be truncated or incomplete.
#
#  Out of Memory Error (allocation.cpp:390), pid=6824, tid=0x00000000000010c0
#
# JRE version: OpenJDK Runtime Environment (8.0_76-b03) (build 1.8.0_76-release-b03)
# Java VM: OpenJDK 64-Bit Server VM (25.76-b03 mixed mode windows-amd64 compressed oops)
# Failed to write core dump. Minidumps are not enabled by default on client versions of Windows
#

---------------  T H R E A D  ---------------

Current thread (0x0000000014aaa800):  JavaThread "C2 CompilerThread0" daemon [_thread_in_native, id=4288, stack(0x0000000016120000,0x0000000016220000)]

Stack: [0x0000000016120000,0x0000000016220000]
[error occurred during error reporting (printing stack bounds), id 0xc0000005]

Native frames: (J=compiled Java code, j=interpreted, Vv=VM code, C=native code)


Current CompileTask:
C2:   6536 1900   !   4       com.android.dx.cf.code.BytecodeArray::parseInstruction (2764 bytes)


---------------  P R O C E S S  ---------------

Java Threads: ( => current thread )
  0x0000000016684000 JavaThread "pool-2-thread-4" [_thread_in_Java, id=1076, stack(0x0000000016e20000,0x0000000016f20000)]
  0x000000001667f000 JavaThread "pool-2-thread-3" [_thread_in_Java, id=10296, stack(0x0000000016d20000,0x0000000016e20000)]
  0x000000001667c800 JavaThread "pool-2-thread-2" [_thread_blocked, id=7800, stack(0x0000000016c20000,0x0000000016d20000)]
  0x000000001667a000 JavaThread "pool-3-thread-1" [_thread_blocked, id=11428, stack(0x0000000016b20000,0x0000000016c20000)]
  0x0000000016672800 JavaThread "pool-2-thread-1" [_thread_blocked, id=10420, stack(0x0000000016a20000,0x0000000016b20000)]
  0x0000000014b0e000 JavaThread "Service Thread" daemon [_thread_blocked, id=2356, stack(0x0000000016820000,0x0000000016920000)]
  0x0000000014b0a000 JavaThread "C1 CompilerThread2" daemon [_thread_blocked, id=1776, stack(0x0000000016320000,0x0000000016420000)]
  0x0000000014b07800 JavaThread "C2 CompilerThread1" daemon [_thread_in_native, id=6436, stack(0x0000000016220000,0x0000000016320000)]
=>0x0000000014aaa800 JavaThread "C2 CompilerThread0" daemon [_thread_in_native, id=4288, stack(0x0000000016120000,0x0000000016220000)]
  0x0000000014aa9000 JavaThread "Attach Listener" daemon [_thread_blocked, id=7620, stack(0x0000000016020000,0x0000000016120000)]
  0x0000000014aa7800 JavaThread "Signal Dispatcher" daemon [_thread_blocked, id=13008, stack(0x0000000015f20000,0x0000000016020000)]
  0x0000000014a98800 JavaThread "Finalizer" daemon [_thread_blocked, id=2496, stack(0x0000000015d30000,0x0000000015e30000)]
  0x00000000022ff000 JavaThread "Reference Handler" daemon [_thread_blocked, id=4444, stack(0x0000000015c30000,0x0000000015d30000)]
  0x0000000002210800 JavaThread "main" [_thread_in_Java, id=11784, stack(0x00000000020a0000,0x00000000021a0000)]

Other Threads:
  0x0000000014a74800 VMThread [stack: 0x0000000015b30000,0x0000000015c30000] [id=11120]
  0x0000000016423800 WatcherThread [stack: 0x0000000016920000,0x0000000016a20000] [id=12492]

VM state:not at safepoint (normal execution)

VM Mutex/Monitor currently owned by a thread: None

Heap:
 PSYoungGen      total 35328K, used 34374K [0x00000000eab00000, 0x00000000ed000000, 0x0000000100000000)
  eden space 32768K, 97% used [0x00000000eab00000,0x00000000eca17a28,0x00000000ecb00000)
  from space 2560K, 99% used [0x00000000ecb00000,0x00000000ecd7a1c8,0x00000000ecd80000)
  to   space 2560K, 0% used [0x00000000ecd80000,0x00000000ecd80000,0x00000000ed000000)
 ParOldGen       total 44032K, used 25276K [0x00000000c0000000, 0x00000000c2b00000, 0x00000000eab00000)
  object space 44032K, 57% used [0x00000000c0000000,0x00000000c18af3a0,0x00000000c2b00000)
 Metaspace       used 6203K, capacity 7152K, committed 7296K, reserved 1056768K
  class space    used 585K, capacity 616K, committed 640K, reserved 1048576K

Card table byte_map: [0x00000000117a0000,0x00000000119b0000] byte_map_base: 0x00000000111a0000

Marking Bits: (ParMarkBitMap*) 0x0000000064ea9d00
 Begin Bits: [0x0000000011f10000, 0x0000000012f10000)
 End Bits:   [0x0000000012f10000, 0x0000000013f10000)

Polling page: 0x0000000000880000

CodeCache: size=245760Kb used=7932Kb max_used=7940Kb free=237827Kb
 bounds [0x00000000023e0000, 0x0000000002bb0000, 0x00000000113e0000]
 total_blobs=2105 nmethods=1836 adapters=182
 compilation: enabled

Compilation events (10 events):
Event: 6.481 Thread 0x0000000014b0a000 1923   !   2       com.android.dx.rop.code.RegisterSpec::intern (70 bytes)
Event: 6.481 Thread 0x0000000014b0a000 nmethod 1923 0x0000000002ba1050 code [0x0000000002ba1200, 0x0000000002ba1768]
Event: 6.496 Thread 0x0000000014b0a000 1924       2       com.android.dx.dex.code.TargetInsn::<init> (29 bytes)
Event: 6.496 Thread 0x0000000014b0a000 nmethod 1924 0x0000000002ba0b50 code [0x0000000002ba0cc0, 0x0000000002ba0f18]
Event: 6.496 Thread 0x0000000014b0a000 1925       1       com.android.dx.cf.attrib.AttInnerClasses::getInnerClasses (5 bytes)
Event: 6.497 Thread 0x0000000014b0a000 nmethod 1925 0x0000000002b60610 code [0x0000000002b60760, 0x0000000002b60870]
Event: 6.510 Thread 0x0000000014b0a000 1927       1       com.android.dx.dex.code.RopTranslator::access$100 (5 bytes)
Event: 6.510 Thread 0x0000000014b0a000 nmethod 1927 0x0000000002b96c10 code [0x0000000002b96d60, 0x0000000002b96e50]
Event: 6.516 Thread 0x0000000014b0a000 1928       2       com.android.dx.rop.cst.CstLiteral32::getLongBits (6 bytes)
Event: 6.516 Thread 0x0000000014b0a000 nmethod 1928 0x0000000002ba0810 code [0x0000000002ba0960, 0x0000000002ba0ab0]

GC Heap History (10 events):
Event: 3.398 GC heap before
{Heap before GC invocations=3 (full 0):
 PSYoungGen      total 18944K, used 18929K [0x00000000eab00000, 0x00000000ed000000, 0x0000000100000000)
  eden space 16384K, 100% used [0x00000000eab00000,0x00000000ebb00000,0x00000000ebb00000)
  from space 2560K, 99% used [0x00000000ebd80000,0x00000000ebffc550,0x00000000ec000000)
  to   space 2560K, 0% used [0x00000000ebb00000,0x00000000ebb00000,0x00000000ebd80000)
 ParOldGen       total 44032K, used 4979K [0x00000000c0000000, 0x00000000c2b00000, 0x00000000eab00000)
  object space 44032K, 11% used [0x00000000c0000000,0x00000000c04dcff0,0x00000000c2b00000)
 Metaspace       used 5949K, capacity 7024K, committed 7296K, reserved 1056768K
  class space    used 566K, capacity 616K, committed 640K, reserved 1048576K
Event: 3.535 GC heap after
Heap after GC invocations=3 (full 0):
 PSYoungGen      total 18944K, used 2545K [0x00000000eab00000, 0x00000000ed000000, 0x0000000100000000)
  eden space 16384K, 0% used [0x00000000eab00000,0x00000000eab00000,0x00000000ebb00000)
  from space 2560K, 99% used [0x00000000ebb00000,0x00000000ebd7c530,0x00000000ebd80000)
  to   space 2560K, 0% used [0x00000000ecd80000,0x00000000ecd80000,0x00000000ed000000)
 ParOldGen       total 44032K, used 7612K [0x00000000c0000000, 0x00000000c2b00000, 0x00000000eab00000)
  object space 44032K, 17% used [0x00000000c0000000,0x00000000c076f330,0x00000000c2b00000)
 Metaspace       used 5949K, capacity 7024K, committed 7296K, reserved 1056768K
  class space    used 566K, capacity 616K, committed 640K, reserved 1048576K
}
Event: 3.734 GC heap before
{Heap before GC invocations=4 (full 0):
 PSYoungGen      total 18944K, used 18929K [0x00000000eab00000, 0x00000000ed000000, 0x0000000100000000)
  eden space 16384K, 100% used [0x00000000eab00000,0x00000000ebb00000,0x00000000ebb00000)
  from space 2560K, 99% used [0x00000000ebb00000,0x00000000ebd7c530,0x00000000ebd80000)
  to   space 2560K, 0% used [0x00000000ecd80000,0x00000000ecd80000,0x00000000ed000000)
 ParOldGen       total 44032K, used 7612K [0x00000000c0000000, 0x00000000c2b00000, 0x00000000eab00000)
  object space 44032K, 17% used [0x00000000c0000000,0x00000000c076f330,0x00000000c2b00000)
 Metaspace       used 5955K, capacity 7024K, committed 7296K, reserved 1056768K
  class space    used 566K, capacity 616K, committed 640K, reserved 1048576K
Event: 3.764 GC heap after
Heap after GC invocations=4 (full 0):
 PSYoungGen      total 35328K, used 2546K [0x00000000eab00000, 0x00000000ed000000, 0x0000000100000000)
  eden space 32768K, 0% used [0x00000000eab00000,0x00000000eab00000,0x00000000ecb00000)
  from space 2560K, 99% used [0x00000000ecd80000,0x00000000ecffc848,0x00000000ed000000)
  to   space 2560K, 0% used [0x00000000ecb00000,0x00000000ecb00000,0x00000000ecd80000)
 ParOldGen       total 44032K, used 10605K [0x00000000c0000000, 0x00000000c2b00000, 0x00000000eab00000)
  object space 44032K, 24% used [0x00000000c0000000,0x00000000c0a5b6d0,0x00000000c2b00000)
 Metaspace       used 5955K, capacity 7024K, committed 7296K, reserved 1056768K
  class space    used 566K, capacity 616K, committed 640K, reserved 1048576K
}
Event: 4.434 GC heap before
{Heap before GC invocations=5 (full 0):
 PSYoungGen      total 35328K, used 35314K [0x00000000eab00000, 0x00000000ed000000, 0x0000000100000000)
  eden space 32768K, 100% used [0x00000000eab00000,0x00000000ecb00000,0x00000000ecb00000)
  from space 2560K, 99% used [0x00000000ecd80000,0x00000000ecffc848,0x00000000ed000000)
  to   space 2560K, 0% used [0x00000000ecb00000,0x00000000ecb00000,0x00000000ecd80000)
 ParOldGen       total 44032K, used 10605K [0x00000000c0000000, 0x00000000c2b00000, 0x00000000eab00000)
  object space 44032K, 24% used [0x00000000c0000000,0x00000000c0a5b6d0,0x00000000c2b00000)
 Metaspace       used 6132K, capacity 7088K, committed 7296K, reserved 1056768K
  class space    used 585K, capacity 616K, committed 640K, reserved 1048576K
Event: 4.456 GC heap after
Heap after GC invocations=5 (full 0):
 PSYoungGen      total 35328K, used 2546K [0x00000000eab00000, 0x00000000ed000000, 0x0000000100000000)
  eden space 32768K, 0% used [0x00000000eab00000,0x00000000eab00000,0x00000000ecb00000)
  from space 2560K, 99% used [0x00000000ecb00000,0x00000000ecd7c838,0x00000000ecd80000)
  to   space 2560K, 0% used [0x00000000ecd80000,0x00000000ecd80000,0x00000000ed000000)
 ParOldGen       total 44032K, used 15059K [0x00000000c0000000, 0x00000000c2b00000, 0x00000000eab00000)
  object space 44032K, 34% used [0x00000000c0000000,0x00000000c0eb4c30,0x00000000c2b00000)
 Metaspace       used 6132K, capacity 7088K, committed 7296K, reserved 1056768K
  class space    used 585K, capacity 616K, committed 640K, reserved 1048576K
}
Event: 4.903 GC heap before
{Heap before GC invocations=6 (full 0):
 PSYoungGen      total 35328K, used 35314K [0x00000000eab00000, 0x00000000ed000000, 0x0000000100000000)
  eden space 32768K, 100% used [0x00000000eab00000,0x00000000ecb00000,0x00000000ecb00000)
  from space 2560K, 99% used [0x00000000ecb00000,0x00000000ecd7c838,0x00000000ecd80000)
  to   space 2560K, 0% used [0x00000000ecd80000,0x00000000ecd80000,0x00000000ed000000)
 ParOldGen       total 44032K, used 15059K [0x00000000c0000000, 0x00000000c2b00000, 0x00000000eab00000)
  object space 44032K, 34% used [0x00000000c0000000,0x00000000c0eb4c30,0x00000000c2b00000)
 Metaspace       used 6150K, capacity 7088K, committed 7296K, reserved 1056768K
  class space    used 585K, capacity 616K, committed 640K, reserved 1048576K
Event: 5.013 GC heap after
Heap after GC invocations=6 (full 0):
 PSYoungGen      total 35328K, used 2528K [0x00000000eab00000, 0x00000000ed000000, 0x0000000100000000)
  eden space 32768K, 0% used [0x00000000eab00000,0x00000000eab00000,0x00000000ecb00000)
  from space 2560K, 98% used [0x00000000ecd80000,0x00000000ecff8018,0x00000000ed000000)
  to   space 2560K, 0% used [0x00000000ecb00000,0x00000000ecb00000,0x00000000ecd80000)
 ParOldGen       total 44032K, used 20039K [0x00000000c0000000, 0x00000000c2b00000, 0x00000000eab00000)
  object space 44032K, 45% used [0x00000000c0000000,0x00000000c1391c80,0x00000000c2b00000)
 Metaspace       used 6150K, capacity 7088K, committed 7296K, reserved 1056768K
  class space    used 585K, capacity 616K, committed 640K, reserved 1048576K
}
Event: 5.840 GC heap before
{Heap before GC invocations=7 (full 0):
 PSYoungGen      total 35328K, used 35296K [0x00000000eab00000, 0x00000000ed000000, 0x0000000100000000)
  eden space 32768K, 100% used [0x00000000eab00000,0x00000000ecb00000,0x00000000ecb00000)
  from space 2560K, 98% used [0x00000000ecd80000,0x00000000ecff8018,0x00000000ed000000)
  to   space 2560K, 0% used [0x00000000ecb00000,0x00000000ecb00000,0x00000000ecd80000)
 ParOldGen       total 44032K, used 20039K [0x00000000c0000000, 0x00000000c2b00000, 0x00000000eab00000)
  object space 44032K, 45% used [0x00000000c0000000,0x00000000c1391c80,0x00000000c2b00000)
 Metaspace       used 6187K, capacity 7152K, committed 7296K, reserved 1056768K
  class space    used 585K, capacity 616K, committed 640K, reserved 1048576K
Event: 5.984 GC heap after
Heap after GC invocations=7 (full 0):
 PSYoungGen      total 35328K, used 2536K [0x00000000eab00000, 0x00000000ed000000, 0x0000000100000000)
  eden space 32768K, 0% used [0x00000000eab00000,0x00000000eab00000,0x00000000ecb00000)
  from space 2560K, 99% used [0x00000000ecb00000,0x00000000ecd7a1c8,0x00000000ecd80000)
  to   space 2560K, 0% used [0x00000000ecd80000,0x00000000ecd80000,0x00000000ed000000)
 ParOldGen       total 44032K, used 25276K [0x00000000c0000000, 0x00000000c2b00000, 0x00000000eab00000)
  object space 44032K, 57% used [0x00000000c0000000,0x00000000c18af3a0,0x00000000c2b00000)
 Metaspace       used 6187K, capacity 7152K, committed 7296K, reserved 1056768K
  class space    used 585K, capacity 616K, committed 640K, reserved 1048576K
}

Deoptimization events (10 events):
Event: 4.137 Thread 0x0000000016684000 Uncommon trap: reason=unstable_if action=reinterpret pc=0x0000000002606410 method=java.util.HashMap.getNode(ILjava/lang/Object;)Ljava/util/HashMap$Node; @ 84
Event: 4.194 Thread 0x000000001667f000 Uncommon trap: reason=unstable_if action=reinterpret pc=0x0000000002654d04 method=java.util.HashMap.getNode(ILjava/lang/Object;)Ljava/util/HashMap$Node; @ 84
Event: 4.550 Thread 0x000000001667f000 Uncommon trap: reason=bimorphic action=maybe_recompile pc=0x0000000002a8112c method=com.android.dx.cf.code.BytecodeArray.parseInstruction(ILcom/android/dx/cf/code/BytecodeArray$Visitor;)I @ 923
Event: 4.550 Thread 0x000000001667f000 Uncommon trap: reason=bimorphic action=maybe_recompile pc=0x0000000002a810a0 method=com.android.dx.cf.code.BytecodeArray.parseInstruction(ILcom/android/dx/cf/code/BytecodeArray$Visitor;)I @ 907
Event: 4.550 Thread 0x000000001667f000 Uncommon trap: reason=bimorphic action=maybe_recompile pc=0x0000000002a8112c method=com.android.dx.cf.code.BytecodeArray.parseInstruction(ILcom/android/dx/cf/code/BytecodeArray$Visitor;)I @ 923
Event: 4.754 Thread 0x000000001667f000 Uncommon trap: reason=unstable_if action=reinterpret pc=0x0000000002a2c31c method=com.android.dx.ssa.SCCP.simulateBranch(Lcom/android/dx/ssa/SsaInsn;)V @ 548
Event: 6.050 Thread 0x0000000016672800 Uncommon trap: reason=bimorphic action=maybe_recompile pc=0x0000000002b40e60 method=com.android.dx.cf.code.BytecodeArray.parseInstruction(ILcom/android/dx/cf/code/BytecodeArray$Visitor;)I @ 2135
Event: 6.051 Thread 0x0000000016672800 Uncommon trap: reason=bimorphic action=maybe_recompile pc=0x0000000002b40e60 method=com.android.dx.cf.code.BytecodeArray.parseInstruction(ILcom/android/dx/cf/code/BytecodeArray$Visitor;)I @ 2135
Event: 6.326 Thread 0x000000001667f000 Uncommon trap: reason=unstable_if action=reinterpret pc=0x0000000002aac4e8 method=java.util.HashMap.resize()[Ljava/util/HashMap$Node; @ 206
Event: 6.480 Thread 0x0000000016684000 Uncommon trap: reason=unstable_if action=reinterpret pc=0x0000000002b8ffd0 method=java.util.HashMap.putVal(ILjava/lang/Object;Ljava/lang/Object;ZZ)Ljava/lang/Object; @ 109

Internal exceptions (7 events):
Event: 0.060 Thread 0x0000000002210800 Exception <a 'java/lang/NoSuchMethodError': Method sun.misc.Unsafe.defineClass(Ljava/lang/String;[BII)Ljava/lang/Class; name or signature does not match> (0x00000000eab07cc0) thrown at [C:\src\android\AOSP-openjdk\external\jetbrains\jdk\hotspot\src\share\vCÃñ;Ü®?
Event: 0.060 Thread 0x0000000002210800 Exception <a 'java/lang/NoSuchMethodError': Method sun.misc.Unsafe.prefetchRead(Ljava/lang/Object;J)V name or signature does not match> (0x00000000eab07fa8) thrown at [C:\src\android\AOSP-openjdk\external\jetbrains\jdk\hotspot\src\share\vm\prims\jni.cpp, l¯ÑO]˜£ø?
Event: 1.540 Thread 0x000000001667f000 Implicit null exception at 0x00000000026bd9f1 to 0x00000000026c0049
Event: 2.870 Thread 0x0000000016684000 Implicit null exception at 0x000000000288e166 to 0x000000000288e315
Event: 4.134 Thread 0x0000000016684000 Exception <a 'java/lang/ArrayIndexOutOfBoundsException': 18> (0x00000000ec4ae2a8) thrown at [C:\src\android\AOSP-openjdk\external\jetbrains\jdk\hotspot\src\share\vm\interpreter\interpreterRuntime.cpp, line 366]
Event: 4.134 Thread 0x0000000016684000 Exception <a 'java/lang/ArrayIndexOutOfBoundsException': 145> (0x00000000ec4afe28) thrown at [C:\src\android\AOSP-openjdk\external\jetbrains\jdk\hotspot\src\share\vm\interpreter\interpreterRuntime.cpp, line 366]
Event: 4.136 Thread 0x0000000016684000 Exception <a 'java/lang/ArrayIndexOutOfBoundsException'> (0x00000000ec4b1110) thrown at [C:\src\android\AOSP-openjdk\external\jetbrains\jdk\hotspot\src\share\vm\runtime\sharedRuntime.cpp, line 605]

Events (10 events):
Event: 6.326 Thread 0x000000001667f000 DEOPT UNPACKING pc=0x000000000242556a sp=0x0000000016e1ebe8 mode 2
Event: 6.346 Thread 0x000000001667f000 DEOPT PACKING pc=0x0000000002b94d0d sp=0x0000000016e1ec40
Event: 6.346 Thread 0x000000001667f000 DEOPT UNPACKING pc=0x00000000024275bf sp=0x0000000016e1e960 mode 0
Event: 6.433 Thread 0x0000000002210800 DEOPT PACKING pc=0x00000000027a982c sp=0x000000000219e650
Event: 6.433 Thread 0x0000000002210800 DEOPT UNPACKING pc=0x00000000024275bf sp=0x000000000219e3d0 mode 0
Event: 6.480 Thread 0x0000000016684000 Uncommon trap: trap_request=0xffffff65 fr.pc=0x0000000002b8ffd0
Event: 6.480 Thread 0x0000000016684000 DEOPT PACKING pc=0x0000000002b8ffd0 sp=0x0000000016f1e870
Event: 6.480 Thread 0x0000000016684000 DEOPT UNPACKING pc=0x000000000242556a sp=0x0000000016f1e718 mode 2
Event: 6.500 Thread 0x0000000016684000 DEOPT PACKING pc=0x00000000027a982c sp=0x0000000016f1eae0
Event: 6.500 Thread 0x0000000016684000 DEOPT UNPACKING pc=0x00000000024275bf sp=0x0000000016f1e860 mode 0


Dynamic libraries:
0x00007ff771170000 - 0x00007ff7711a1000 	D:\Program Files\jre\bin\java.exe
0x00007ffd58210000 - 0x00007ffd583e1000 	C:\WINDOWS\SYSTEM32\ntdll.dll
0x00007ffd55860000 - 0x00007ffd5590b000 	C:\WINDOWS\System32\KERNEL32.DLL
0x00007ffd549b0000 - 0x00007ffd54bcd000 	C:\WINDOWS\System32\KERNELBASE.dll
0x00007ffd557a0000 - 0x00007ffd55842000 	C:\WINDOWS\System32\ADVAPI32.dll
0x00007ffd56290000 - 0x00007ffd5632e000 	C:\WINDOWS\System32\msvcrt.dll
0x00007ffd559f0000 - 0x00007ffd55a49000 	C:\WINDOWS\System32\sechost.dll
0x00007ffd55a50000 - 0x00007ffd55b71000 	C:\WINDOWS\System32\RPCRT4.dll
0x00007ffd56330000 - 0x00007ffd56495000 	C:\WINDOWS\System32\USER32.dll
0x00007ffd54e20000 - 0x00007ffd54e3e000 	C:\WINDOWS\System32\win32u.dll
0x00007ffd57fa0000 - 0x00007ffd57fd4000 	C:\WINDOWS\System32\GDI32.dll
0x00007ffd54c90000 - 0x00007ffd54e12000 	C:\WINDOWS\System32\gdi32full.dll
0x00007ffd4a950000 - 0x00007ffd4abc9000 	C:\WINDOWS\WinSxS\amd64_microsoft.windows.common-controls_6595b64144ccf1df_6.0.14393.447_none_42191651c6827bb3\COMCTL32.dll
0x00007ffd56600000 - 0x00007ffd568c7000 	C:\WINDOWS\System32\combase.dll
0x00007ffd54800000 - 0x00007ffd548f5000 	C:\WINDOWS\System32\ucrtbase.dll
0x00007ffd54c20000 - 0x00007ffd54c8a000 	C:\WINDOWS\System32\bcryptPrimitives.dll
0x00007ffd568e0000 - 0x00007ffd5690e000 	C:\WINDOWS\System32\IMM32.DLL
0x0000000064610000 - 0x00000000646e2000 	D:\Program Files\jre\jre\bin\msvcr100.dll
0x00000000646f0000 - 0x0000000064f24000 	D:\Program Files\jre\jre\bin\server\jvm.dll
0x00007ffd568d0000 - 0x00007ffd568d8000 	C:\WINDOWS\System32\PSAPI.DLL
0x00007ffd42c70000 - 0x00007ffd42c79000 	C:\WINDOWS\SYSTEM32\WSOCK32.dll
0x00007ffd581a0000 - 0x00007ffd5820a000 	C:\WINDOWS\System32\WS2_32.dll
0x00007ffd52520000 - 0x00007ffd52543000 	C:\WINDOWS\SYSTEM32\WINMM.dll
0x00007ffd44110000 - 0x00007ffd4411a000 	C:\WINDOWS\SYSTEM32\VERSION.dll
0x00007ffd524f0000 - 0x00007ffd5251b000 	C:\WINDOWS\SYSTEM32\WINMMBASE.dll
0x00007ffd54bd0000 - 0x00007ffd54c12000 	C:\WINDOWS\System32\cfgmgr32.dll
0x00007ffd51510000 - 0x00007ffd5151f000 	D:\Program Files\jre\jre\bin\verify.dll
0x00007ffd48350000 - 0x00007ffd48379000 	D:\Program Files\jre\jre\bin\java.dll
0x00007ffd4a380000 - 0x00007ffd4a396000 	D:\Program Files\jre\jre\bin\zip.dll
0x00007ffd56a10000 - 0x00007ffd57f19000 	C:\WINDOWS\System32\SHELL32.dll
0x00007ffd550c0000 - 0x00007ffd5579a000 	C:\WINDOWS\System32\windows.storage.dll
0x00007ffd546a0000 - 0x00007ffd546ec000 	C:\WINDOWS\System32\powrprof.dll
0x00007ffd56910000 - 0x00007ffd56962000 	C:\WINDOWS\System32\shlwapi.dll
0x00007ffd546f0000 - 0x00007ffd546ff000 	C:\WINDOWS\System32\kernel.appcore.dll
0x00007ffd54900000 - 0x00007ffd549a9000 	C:\WINDOWS\System32\shcore.dll
0x00007ffd54680000 - 0x00007ffd54694000 	C:\WINDOWS\System32\profapi.dll

VM Arguments:
jvm_args: -Djava.awt.headless=true -Xmx1024M -Dfile.encoding=windows-1252 -Duser.country=IN -Duser.language=en -Duser.variant 
java_command: com.android.dx.command.Main --dex --force-jumbo --num-threads=4 --multi-dex --output C:\Users\Goodbox\AndroidStudioProjects\StockHawk-master\app\build\intermediates\transforms\dex\debug\folders\1000\10\okhttp-2.5.0_e93dfc35745fdb7020d48039b63c586c6b79ae1d C:\Users\Goodbox\.gradle\caches\modules-2\files-2.1\com.squareup.okhttp\okhttp\2.5.0\4de2b4ed3445c37ec1720a7d214712e845a24636\okhttp-2.5.0.jar
java_class_path (initial): C:\Users\Goodbox\AppData\Local\Android\Sdk\build-tools\23.0.1\lib\dx.jar
Launcher Type: SUN_STANDARD

Environment Variables:
JRE_HOME=D:\Program Files\jre
PATH=C:\WINDOWS\system32;C:\WINDOWS;C:\WINDOWS\System32\Wbem;C:\WINDOWS\System32\WindowsPowerShell\v1.0\;C:\Program Files\Intel\WiFi\bin\;C:\Program Files\Common Files\Intel\WirelessCommon\;C:\Program Files (x86)\Calibre2\;C:\Program Files (x86)\Windows Live\Shared;%JRE_HOME%\bin;%GRADLE_HOME%\bin;C:\Users\Goodbox\AppData\Local\Microsoft\WindowsApps;D:\Program Files\jre\bin;C:\gradle-3.2.1\bin
USERNAME=Goodbox
OS=Windows_NT
PROCESSOR_IDENTIFIER=Intel64 Family 6 Model 61 Stepping 4, GenuineIntel



---------------  S Y S T E M  ---------------

OS: Windows 10.0 , 64 bit Build 14393 (10.0.14393.0)

CPU:total 4 (2 cores per cpu, 2 threads per core) family 6 model 61 stepping 4, cmov, cx8, fxsr, mmx, sse, sse2, sse3, ssse3, sse4.1, sse4.2, popcnt, avx, avx2, aes, clmul, erms, 3dnowpref, lzcnt, ht, tsc, tscinvbit, bmi1, bmi2, adx

Memory: 4k page, physical 4096780k(106024k free), swap 11783432k(5820k free)

vm_info: OpenJDK 64-Bit Server VM (25.76-b03) for windows-amd64 JRE (1.8.0_76-release-b03), built on Jun 29 2016 19:09:20 by "ralucas" with MS VC++ 10.0 (VS2010)

time: Sun Dec 18 22:01:24 2016
elapsed time: 6 seconds (0d 0h 0m 6s)

