#
# There is insufficient memory for the Java Runtime Environment to continue.
# Native memory allocation (malloc) failed to allocate 40384 bytes for Chunk::new
# Possible reasons:
#   The system is out of physical RAM or swap space
#   In 32 bit mode, the process size limit was hit
# Possible solutions:
#   Reduce memory load on the system
#   Increase physical memory or swap space
#   Check if swap backing store is full
#   Use 64 bit Java on a 64 bit OS
#   Decrease Java heap size (-Xmx/-Xms)
#   Decrease number of Java threads
#   Decrease Java thread stack sizes (-Xss)
#   Set larger code cache with -XX:ReservedCodeCacheSize=
# This output file may be truncated or incomplete.
#
#  Out of Memory Error (allocation.cpp:390), pid=8548, tid=0x0000000000000fb0
#
# JRE version: OpenJDK Runtime Environment (8.0_76-b03) (build 1.8.0_76-release-b03)
# Java VM: OpenJDK 64-Bit Server VM (25.76-b03 mixed mode windows-amd64 compressed oops)
# Failed to write core dump. Minidumps are not enabled by default on client versions of Windows
#

---------------  T H R E A D  ---------------

Current thread (0x0000000014d9a000):  JavaThread "C1 CompilerThread2" daemon [_thread_in_native, id=4016, stack(0x00000000165a0000,0x00000000166a0000)]

Stack: [0x00000000165a0000,0x00000000166a0000]
[error occurred during error reporting (printing stack bounds), id 0xc0000005]

Native frames: (J=compiled Java code, j=interpreted, Vv=VM code, C=native code)


Current CompileTask:
C1:   3249  506   !   3       com.android.dx.cf.code.BytecodeArray::parseInstruction (2764 bytes)


---------------  P R O C E S S  ---------------

Java Threads: ( => current thread )
  0x000000001684b000 JavaThread "pool-2-thread-4" [_thread_in_Java, id=11788, stack(0x00000000170a0000,0x00000000171a0000)]
  0x0000000016853800 JavaThread "pool-2-thread-3" [_thread_blocked, id=7572, stack(0x0000000016fa0000,0x00000000170a0000)]
  0x0000000016813800 JavaThread "pool-2-thread-2" [_thread_blocked, id=4208, stack(0x0000000016ea0000,0x0000000016fa0000)]
  0x00000000167ff000 JavaThread "pool-3-thread-1" [_thread_blocked, id=14268, stack(0x0000000016da0000,0x0000000016ea0000)]
  0x00000000167fe000 JavaThread "pool-2-thread-1" [_thread_blocked, id=4840, stack(0x0000000016ca0000,0x0000000016da0000)]
  0x0000000014d9d800 JavaThread "Service Thread" daemon [_thread_blocked, id=8896, stack(0x0000000016aa0000,0x0000000016ba0000)]
=>0x0000000014d9a000 JavaThread "C1 CompilerThread2" daemon [_thread_in_native, id=4016, stack(0x00000000165a0000,0x00000000166a0000)]
  0x0000000014d3e800 JavaThread "C2 CompilerThread1" daemon [_thread_blocked, id=13556, stack(0x00000000164a0000,0x00000000165a0000)]
  0x0000000014d3b800 JavaThread "C2 CompilerThread0" daemon [_thread_blocked, id=6300, stack(0x00000000163a0000,0x00000000164a0000)]
  0x0000000014d3a000 JavaThread "Attach Listener" daemon [_thread_blocked, id=9588, stack(0x00000000162a0000,0x00000000163a0000)]
  0x0000000014d39000 JavaThread "Signal Dispatcher" daemon [_thread_blocked, id=9736, stack(0x00000000161a0000,0x00000000162a0000)]
  0x0000000014d28000 JavaThread "Finalizer" daemon [_thread_blocked, id=5128, stack(0x0000000015fb0000,0x00000000160b0000)]
  0x0000000014d07000 JavaThread "Reference Handler" daemon [_thread_blocked, id=10500, stack(0x0000000015eb0000,0x0000000015fb0000)]
  0x0000000002570800 JavaThread "main" [_thread_in_Java, id=6092, stack(0x0000000002370000,0x0000000002470000)]

Other Threads:
  0x0000000014d04800 VMThread [stack: 0x0000000015db0000,0x0000000015eb0000] [id=3324]
  0x00000000166a5800 WatcherThread [stack: 0x0000000016ba0000,0x0000000016ca0000] [id=3500]

VM state:not at safepoint (normal execution)

VM Mutex/Monitor currently owned by a thread: None

Heap:
 PSYoungGen      total 18944K, used 10658K [0x00000000eab00000, 0x00000000ec000000, 0x0000000100000000)
  eden space 16384K, 65% used [0x00000000eab00000,0x00000000eb568838,0x00000000ebb00000)
  from space 2560K, 0% used [0x00000000ebd80000,0x00000000ebd80000,0x00000000ec000000)
  to   space 2560K, 0% used [0x00000000ebb00000,0x00000000ebb00000,0x00000000ebd80000)
 ParOldGen       total 44032K, used 0K [0x00000000c0000000, 0x00000000c2b00000, 0x00000000eab00000)
  object space 44032K, 0% used [0x00000000c0000000,0x00000000c0000000,0x00000000c2b00000)
 Metaspace       used 5344K, capacity 6512K, committed 6784K, reserved 1056768K
  class space    used 562K, capacity 616K, committed 640K, reserved 1048576K

Card table byte_map: [0x0000000011a30000,0x0000000011c40000] byte_map_base: 0x0000000011430000

Marking Bits: (ParMarkBitMap*) 0x0000000064ea9d00
 Begin Bits: [0x00000000121a0000, 0x00000000131a0000)
 End Bits:   [0x00000000131a0000, 0x00000000141a0000)

Polling page: 0x00000000021e0000

CodeCache: size=245760Kb used=2083Kb max_used=2095Kb free=243676Kb
 bounds [0x0000000002670000, 0x00000000028e0000, 0x0000000011670000]
 total_blobs=776 nmethods=508 adapters=182
 compilation: enabled

Compilation events (10 events):
Event: 3.238 Thread 0x0000000014d3b800  510       4       com.android.dx.util.Bits::set (19 bytes)
Event: 3.238 Thread 0x0000000014d9a000 nmethod 504 0x00000000028784d0 code [0x0000000002878680, 0x0000000002878af8]
Event: 3.238 Thread 0x0000000014d9a000  505       3       com.android.dx.cf.code.ByteOps::opInfo (6 bytes)
Event: 3.238 Thread 0x0000000014d9a000 nmethod 505 0x0000000002878cd0 code [0x0000000002878e20, 0x0000000002878f70]
Event: 3.238 Thread 0x0000000014d9a000  506   !   3       com.android.dx.cf.code.BytecodeArray::parseInstruction (2764 bytes)
Event: 3.238 Thread 0x0000000014d3b800 nmethod 510 0x00000000028745d0 code [0x0000000002874700, 0x0000000002874798]
Event: 3.239 Thread 0x0000000014d3e800  512       4       com.android.dx.util.IntList::growIfNeeded (46 bytes)
Event: 3.241 Thread 0x0000000014d3b800  513       4       com.android.dx.util.IntList::add (65 bytes)
Event: 3.242 Thread 0x0000000014d3e800 nmethod 512 0x000000000287a310 code [0x000000000287a460, 0x000000000287a6d8]
Event: 3.245 Thread 0x0000000014d3b800 nmethod 513 0x0000000002879c50 code [0x0000000002879da0, 0x000000000287a118]

GC Heap History (0 events):
No events

Deoptimization events (0 events):
No events

Internal exceptions (2 events):
Event: 0.097 Thread 0x0000000002570800 Exception <a 'java/lang/NoSuchMethodError': Method sun.misc.Unsafe.defineClass(Ljava/lang/String;[BII)Ljava/lang/Class; name or signature does not match> (0x00000000eab07cc0) thrown at [C:\src\android\AOSP-openjdk\external\jetbrains\jdk\hotspot\src\share\vY]b—ª∏?
Event: 0.097 Thread 0x0000000002570800 Exception <a 'java/lang/NoSuchMethodError': Method sun.misc.Unsafe.prefetchRead(Ljava/lang/Object;J)V name or signature does not match> (0x00000000eab07fa8) thrown at [C:\src\android\AOSP-openjdk\external\jetbrains\jdk\hotspot\src\share\vm\prims\jni.cpp, l

Events (10 events):
Event: 3.031 loading class com/android/dx/ssa/back/FirstFitLocalCombiningAllocator$Multiset
Event: 3.031 loading class com/android/dx/ssa/back/FirstFitLocalCombiningAllocator$Multiset done
Event: 3.097 loading class com/android/dx/dex/file/MethodAnnotationStruct
Event: 3.097 loading class com/android/dx/dex/file/MethodAnnotationStruct done
Event: 3.107 loading class com/android/dx/cf/code/Ropper$ExceptionHandlerSetup
Event: 3.107 loading class com/android/dx/cf/code/Ropper$ExceptionHandlerSetup done
Event: 3.145 loading class java/util/HashMap$Values
Event: 3.145 loading class java/util/HashMap$Values done
Event: 3.145 loading class java/util/HashMap$ValueIterator
Event: 3.145 loading class java/util/HashMap$ValueIterator done


Dynamic libraries:
0x00007ff771170000 - 0x00007ff7711a1000 	D:\Program Files\jre\bin\java.exe
0x00007ffd58210000 - 0x00007ffd583e1000 	C:\WINDOWS\SYSTEM32\ntdll.dll
0x00007ffd55860000 - 0x00007ffd5590b000 	C:\WINDOWS\System32\KERNEL32.DLL
0x00007ffd549b0000 - 0x00007ffd54bcd000 	C:\WINDOWS\System32\KERNELBASE.dll
0x00007ffd557a0000 - 0x00007ffd55842000 	C:\WINDOWS\System32\ADVAPI32.dll
0x00007ffd56290000 - 0x00007ffd5632e000 	C:\WINDOWS\System32\msvcrt.dll
0x00007ffd559f0000 - 0x00007ffd55a49000 	C:\WINDOWS\System32\sechost.dll
0x00007ffd55a50000 - 0x00007ffd55b71000 	C:\WINDOWS\System32\RPCRT4.dll
0x00007ffd56330000 - 0x00007ffd56495000 	C:\WINDOWS\System32\USER32.dll
0x00007ffd54e20000 - 0x00007ffd54e3e000 	C:\WINDOWS\System32\win32u.dll
0x00007ffd57fa0000 - 0x00007ffd57fd4000 	C:\WINDOWS\System32\GDI32.dll
0x00007ffd54c90000 - 0x00007ffd54e12000 	C:\WINDOWS\System32\gdi32full.dll
0x00007ffd4a950000 - 0x00007ffd4abc9000 	C:\WINDOWS\WinSxS\amd64_microsoft.windows.common-controls_6595b64144ccf1df_6.0.14393.447_none_42191651c6827bb3\COMCTL32.dll
0x00007ffd56600000 - 0x00007ffd568c7000 	C:\WINDOWS\System32\combase.dll
0x00007ffd54800000 - 0x00007ffd548f5000 	C:\WINDOWS\System32\ucrtbase.dll
0x00007ffd54c20000 - 0x00007ffd54c8a000 	C:\WINDOWS\System32\bcryptPrimitives.dll
0x00007ffd568e0000 - 0x00007ffd5690e000 	C:\WINDOWS\System32\IMM32.DLL
0x0000000064610000 - 0x00000000646e2000 	D:\Program Files\jre\jre\bin\msvcr100.dll
0x00000000646f0000 - 0x0000000064f24000 	D:\Program Files\jre\jre\bin\server\jvm.dll
0x00007ffd568d0000 - 0x00007ffd568d8000 	C:\WINDOWS\System32\PSAPI.DLL
0x00007ffd42c70000 - 0x00007ffd42c79000 	C:\WINDOWS\SYSTEM32\WSOCK32.dll
0x00007ffd581a0000 - 0x00007ffd5820a000 	C:\WINDOWS\System32\WS2_32.dll
0x00007ffd52520000 - 0x00007ffd52543000 	C:\WINDOWS\SYSTEM32\WINMM.dll
0x00007ffd44110000 - 0x00007ffd4411a000 	C:\WINDOWS\SYSTEM32\VERSION.dll
0x00007ffd524f0000 - 0x00007ffd5251b000 	C:\WINDOWS\SYSTEM32\WINMMBASE.dll
0x00007ffd54bd0000 - 0x00007ffd54c12000 	C:\WINDOWS\System32\cfgmgr32.dll
0x00007ffd51510000 - 0x00007ffd5151f000 	D:\Program Files\jre\jre\bin\verify.dll
0x00007ffd48350000 - 0x00007ffd48379000 	D:\Program Files\jre\jre\bin\java.dll
0x00007ffd4a380000 - 0x00007ffd4a396000 	D:\Program Files\jre\jre\bin\zip.dll
0x00007ffd56a10000 - 0x00007ffd57f19000 	C:\WINDOWS\System32\SHELL32.dll
0x00007ffd550c0000 - 0x00007ffd5579a000 	C:\WINDOWS\System32\windows.storage.dll
0x00007ffd546a0000 - 0x00007ffd546ec000 	C:\WINDOWS\System32\powrprof.dll
0x00007ffd56910000 - 0x00007ffd56962000 	C:\WINDOWS\System32\shlwapi.dll
0x00007ffd546f0000 - 0x00007ffd546ff000 	C:\WINDOWS\System32\kernel.appcore.dll
0x00007ffd54900000 - 0x00007ffd549a9000 	C:\WINDOWS\System32\shcore.dll
0x00007ffd54680000 - 0x00007ffd54694000 	C:\WINDOWS\System32\profapi.dll

VM Arguments:
jvm_args: -Djava.awt.headless=true -Xmx1024M -Dfile.encoding=windows-1252 -Duser.country=IN -Duser.language=en -Duser.variant 
java_command: com.android.dx.command.Main --dex --force-jumbo --num-threads=4 --multi-dex --output C:\Users\Goodbox\AndroidStudioProjects\StockHawk-master\app\build\intermediates\transforms\dex\debug\folders\1000\10\library-2.4.0_100c5d3dd8d80c68b4f9ede912c0c452ca99001c C:\Users\Goodbox\.gradle\caches\modules-2\files-2.1\com.nineoldandroids\library\2.4.0\e9b63380f3a242dbdbf103a2355ad7e43bad17cb\library-2.4.0.jar
java_class_path (initial): C:\Users\Goodbox\AppData\Local\Android\Sdk\build-tools\23.0.1\lib\dx.jar
Launcher Type: SUN_STANDARD

Environment Variables:
JRE_HOME=D:\Program Files\jre
PATH=C:\WINDOWS\system32;C:\WINDOWS;C:\WINDOWS\System32\Wbem;C:\WINDOWS\System32\WindowsPowerShell\v1.0\;C:\Program Files\Intel\WiFi\bin\;C:\Program Files\Common Files\Intel\WirelessCommon\;C:\Program Files (x86)\Calibre2\;C:\Program Files (x86)\Windows Live\Shared;%JRE_HOME%\bin;%GRADLE_HOME%\bin;C:\Users\Goodbox\AppData\Local\Microsoft\WindowsApps;D:\Program Files\jre\bin;C:\gradle-3.2.1\bin
USERNAME=Goodbox
OS=Windows_NT
PROCESSOR_IDENTIFIER=Intel64 Family 6 Model 61 Stepping 4, GenuineIntel



---------------  S Y S T E M  ---------------

OS: Windows 10.0 , 64 bit Build 14393 (10.0.14393.0)

CPU:total 4 (2 cores per cpu, 2 threads per core) family 6 model 61 stepping 4, cmov, cx8, fxsr, mmx, sse, sse2, sse3, ssse3, sse4.1, sse4.2, popcnt, avx, avx2, aes, clmul, erms, 3dnowpref, lzcnt, ht, tsc, tscinvbit, bmi1, bmi2, adx

Memory: 4k page, physical 4096780k(340348k free), swap 11783432k(5148k free)

vm_info: OpenJDK 64-Bit Server VM (25.76-b03) for windows-amd64 JRE (1.8.0_76-release-b03), built on Jun 29 2016 19:09:20 by "ralucas" with MS VC++ 10.0 (VS2010)

time: Sun Dec 18 21:55:10 2016
elapsed time: 3 seconds (0d 0h 0m 3s)

